2015.11.04.23.47.48;R;10101(7);274;00 00 00 44 00 CE 92 D7 00 00 00 28 37 34 32 74 33 6A 39 6D 6D 32 74 78 72 70 73 70 38 78 7A 6A 6D 6D 7A 78 34 62 79 79 72 62 70 68 6A 62 67 63 78 73 77 6E 00 00 00 07 00 00 00 00 00 00 00 C8 00 00 00 28 38 37 37 31 61 61 31 30 39 35 31 39 35 63 34 32 31 37 62 64 36 32 35 64 36 36 65 31 32 30 64 39 31 65 38 64 31 35 62 30 00 00 00 00 00 00 00 10 64 63 66 32 30 61 63 32 33 35 30 63 63 35 35 65 FF FF FF FF 00 00 00 10 53 41 4D 53 55 4E 47 2D 53 4D 2D 4E 39 30 30 41 00 1E 84 82 00 00 00 02 64 65 00 00 00 24 35 35 37 66 62 62 65 62 2D 30 35 35 35 2D 34 38 38 33 2D 62 37 65 32 2D 37 37 32 32 62 38 64 63 30 61 63 32 00 00 00 05 34 2E 34 2E 32 01 00 00 00 00 00 00 00 10 64 63 66 32 30 61 63 32 33 35 30 63 63 35 35 65 00 00 00 00 01 00 00 00 00 7B 1E 89 F8 02 00 00 00 00 00 00 00 00 00 00 00 08 37 2E 32 30 30 2E 31 39
...D......(742t3j9mm2txrpsp8xzjmmzx4byyrbphjbgcxswn...............(8771aa1095195c4217bd625d66e120d91e8d15b0........dcf20ac2350cc55e........SAMSUNG-SM-N900A........de...$557fbbeb-0555-4883-b7e2-7722b8dc0ac2....4.4.2.........dcf20ac2350cc55e.........{................7.200.19
2015.11.04.23.47.48;S;20103(3);217;00 00 00 07 00 00 00 86 7B 22 66 69 6C 65 73 22 3A 5B 7B 22 73 68 61 22 3A 22 66 64 36 39 62 36 64 39 61 65 66 36 62 37 33 36 35 35 64 34 38 66 34 35 62 37 36 31 61 65 35 61 38 66 63 38 34 62 64 61 22 2C 22 66 69 6C 65 22 3A 22 73 63 5C 2F 6C 6F 61 64 69 6E 67 2E 73 63 22 7D 5D 2C 22 73 68 61 22 3A 22 75 63 73 6F 66 66 69 63 69 61 6C 70 61 74 63 68 22 2C 22 76 65 72 73 69 6F 6E 22 3A 22 31 34 34 35 35 36 39 37 37 33 22 7D FF FF FF FF 00 00 00 1D 68 74 74 70 73 3A 2F 2F 77 77 77 2E 73 6D 6B 73 69 32 2E 63 6F 6D 2F 70 61 74 63 68 2F 00 00 00 15 68 74 74 70 3A 2F 2F 75 6C 74 72 61 70 6F 77 61 2E 63 6F 6D 2F FF FF FF FF 00 00 00 00 FF FF FF FF 00
........{"files":[{"sha":"fd69b6d9aef6b73655d48f45b761ae5a8fc84bda","file":"sc\/loading.sc"}],"sha":"ucsofficialpatch","version":"1445569773"}........https://www.smksi2.com/patch/....http://ultrapowa.com/.............
2015.11.04.23.47.53;R;10101(7);250;00 00 00 44 00 CE 92 D7 00 00 00 28 37 34 32 74 33 6A 39 6D 6D 32 74 78 72 70 73 70 38 78 7A 6A 6D 6D 7A 78 34 62 79 79 72 62 70 68 6A 62 67 63 78 73 77 6E 00 00 00 07 00 00 00 00 00 00 00 C8 00 00 00 10 75 63 73 6F 66 66 69 63 69 61 6C 70 61 74 63 68 00 00 00 00 00 00 00 10 64 63 66 32 30 61 63 32 33 35 30 63 63 35 35 65 FF FF FF FF 00 00 00 10 53 41 4D 53 55 4E 47 2D 53 4D 2D 4E 39 30 30 41 00 1E 84 82 00 00 00 02 64 65 00 00 00 24 35 35 37 66 62 62 65 62 2D 30 35 35 35 2D 34 38 38 33 2D 62 37 65 32 2D 37 37 32 32 62 38 64 63 30 61 63 32 00 00 00 05 34 2E 34 2E 32 01 00 00 00 00 00 00 00 10 64 63 66 32 30 61 63 32 33 35 30 63 63 35 35 65 00 00 00 00 01 00 00 00 00 52 FA B7 67 02 00 00 00 00 00 00 00 00 00 00 00 08 37 2E 32 30 30 2E 31 39
...D......(742t3j9mm2txrpsp8xzjmmzx4byyrbphjbgcxswn................ucsofficialpatch........dcf20ac2350cc55e........SAMSUNG-SM-N900A........de...$557fbbeb-0555-4883-b7e2-7722b8dc0ac2....4.4.2.........dcf20ac2350cc55e.........R..g.............7.200.19
2015.11.04.23.47.53;S;20000(0);24;00 00 00 10 D7 16 28 A8 08 D2 3C 1D D9 26 A4 B2 1C B4 B9 32 00 00 00 01
......(...<..&.....2....
2015.11.04.23.47.53;R;10108(0);0;

2015.11.04.23.47.54;S;20104(1);167;00 00 00 44 00 CE 92 D7 00 00 00 44 00 CE 92 D7 00 00 00 28 38 46 31 32 46 46 39 39 37 46 32 36 43 35 41 35 34 46 37 36 30 43 30 34 41 36 46 36 33 34 34 38 37 31 43 39 38 33 34 35 FF FF FF FF FF FF FF FF 00 00 00 07 00 00 00 C8 00 00 00 00 00 00 00 05 73 74 61 74 65 00 00 00 0A 00 00 00 00 00 00 00 00 00 00 00 07 73 6F 6D 65 69 64 31 00 00 00 0D 31 34 34 36 36 37 37 32 37 34 31 34 32 00 00 00 0D 31 34 31 34 30 30 33 38 33 38 30 30 30 00 00 00 00 00 00 00 07 73 6F 6D 65 69 64 32 00 00 00 02 55 53
...D......D......(8F12FF997F26C5A54F760C04A6F6344871C98345........................state................someid1....1446677274142....1414003838000........someid2....US
2015.11.04.23.47.54;S;20108(0);0;

2015.11.04.23.47.58;R;10108(0);0;

2015.11.04.23.47.58;S;20108(0);0;

2015.11.04.23.48.03;R;10108(0);0;

2015.11.04.23.48.03;S;20108(0);0;

2015.11.04.23.48.08;R;10108(0);0;

2015.11.04.23.48.13;R;10108(0);0;

2015.11.04.23.48.18;R;10108(0);0;

2015.11.04.23.48.23;R;10108(0);0;

2015.11.04.23.48.28;R;10108(0);0;

2015.11.04.23.48.31;S;20108(0);0;

2015.11.04.23.48.31;S;20108(0);0;

2015.11.04.23.48.31;S;20108(0);0;

2015.11.04.23.48.31;S;20108(0);0;

2015.11.04.23.48.31;S;20108(0);0;

2015.11.04.23.48.33;R;10108(0);0;

2015.11.04.23.48.33;S;20108(0);0;

2015.11.04.23.48.38;R;10108(0);0;

2015.11.04.23.48.38;S;20108(0);0;

2015.11.04.23.48.44;R;10108(0);0;

2015.11.04.23.48.44;S;20108(0);0;

2015.11.04.23.48.49;R;10108(0);0;

2015.11.04.23.48.49;S;20108(0);0;

2015.11.04.23.48.54;R;10108(0);0;

2015.11.04.23.48.54;S;20108(0);0;

2015.11.04.23.48.59;R;10108(0);0;

2015.11.04.23.48.59;S;20108(0);0;

2015.11.04.23.50.24;R;10101(7);250;00 00 00 44 00 CE 92 D7 00 00 00 28 37 34 32 74 33 6A 39 6D 6D 32 74 78 72 70 73 70 38 78 7A 6A 6D 6D 7A 78 34 62 79 79 72 62 70 68 6A 62 67 63 78 73 77 6E 00 00 00 07 00 00 00 00 00 00 00 C8 00 00 00 10 75 63 73 6F 66 66 69 63 69 61 6C 70 61 74 63 68 00 00 00 00 00 00 00 10 64 63 66 32 30 61 63 32 33 35 30 63 63 35 35 65 FF FF FF FF 00 00 00 10 53 41 4D 53 55 4E 47 2D 53 4D 2D 4E 39 30 30 41 00 1E 84 82 00 00 00 02 64 65 00 00 00 24 35 35 37 66 62 62 65 62 2D 30 35 35 35 2D 34 38 38 33 2D 62 37 65 32 2D 37 37 32 32 62 38 64 63 30 61 63 32 00 00 00 05 34 2E 34 2E 32 01 00 00 00 00 00 00 00 10 64 63 66 32 30 61 63 32 33 35 30 63 63 35 35 65 00 00 00 00 01 00 00 00 00 3A EA 43 62 02 00 00 00 00 00 00 00 00 00 00 00 08 37 2E 32 30 30 2E 31 39
...D......(742t3j9mm2txrpsp8xzjmmzx4byyrbphjbgcxswn................ucsofficialpatch........dcf20ac2350cc55e........SAMSUNG-SM-N900A........de...$557fbbeb-0555-4883-b7e2-7722b8dc0ac2....4.4.2.........dcf20ac2350cc55e.........:.Cb.............7.200.19
2015.11.04.23.50.24;S;20000(0);24;00 00 00 10 D7 16 28 A8 08 D2 3C 1D D9 26 A4 B2 1C B4 B9 32 00 00 00 01
......(...<..&.....2....
2015.11.04.23.50.24;S;20104(1);167;00 00 00 44 00 CE 92 D7 00 00 00 44 00 CE 92 D7 00 00 00 28 37 34 32 74 33 6A 39 6D 6D 32 74 78 72 70 73 70 38 78 7A 6A 6D 6D 7A 78 34 62 79 79 72 62 70 68 6A 62 67 63 78 73 77 6E FF FF FF FF FF FF FF FF 00 00 00 07 00 00 00 C8 00 00 00 00 00 00 00 05 73 74 61 74 65 00 00 00 0A 00 00 00 00 00 00 00 00 00 00 00 07 73 6F 6D 65 69 64 31 00 00 00 0D 31 34 34 36 36 37 37 34 32 34 39 31 37 00 00 00 0D 31 34 31 34 30 30 33 38 33 38 30 30 30 00 00 00 00 00 00 00 07 73 6F 6D 65 69 64 32 00 00 00 02 55 53
...D......D......(742t3j9mm2txrpsp8xzjmmzx4byyrbphjbgcxswn........................state................someid1....1446677424917....1414003838000........someid2....US
2015.11.04.23.50.25;S;24101(0);520;00 00 00 00 FF FF FF FF 56 3A 8B B0 00 00 00 00 00 00 00 44 00 CE 92 D7 00 00 00 00 00 00 04 B0 00 00 00 3C 01 00 00 00 63 FF FF 00 00 78 DA AB 56 4A 2A CD CC 49 C9 CC 4B 2F 56 B2 8A AE 56 4A 49 2C 49 54 B2 32 34 00 01 43 1D A5 9C B2 1C 20 4F 47 A9 42 C9 CA 08 48 55 02 29 83 5A 1D 14 65 86 26 50 65 06 10 65 A6 60 65 C6 46 E8 CA 4C 51 95 41 4D 33 A9 8D D5 51 2A 29 4A 2C 00 59 0F 64 A6 A4 26 E7 83 99 B5 00 C9 9F 2A 15 00 00 00 00 00 00 00 44 00 CE 92 D7 00 00 00 44 00 CE 92 D7 00 00 00 00 00 00 00 00 00 00 00 00 00 00 00 00 00 00 00 00 00 00 00 00 00 00 00 00 00 00 00 00 00 00 00 00 00 00 00 00 00 00 00 00 00 00 00 00 09 00 00 00 00 00 00 00 00 00 00 00 00 00 00 00 01 00 00 00 09 4E 6F 4E 61 6D 65 59 65 74 FF FF FF FF 00 00 00 09 00 00 00 73 00 0B DD 1C 00 0B DD 1C 00 00 04 B0 00 00 00 3C 00 00 0F A0 00 00 00 00 00 00 00 00 00 00 00 00 00 00 00 00 00 00 00 00 00 00 00 00 00 00 00 00 01 00 00 00 DC 6C F5 EB 48 00 00 00 00 00 00 00 00 00 00 00 00 00 00 00 00 01 00 00 00 06 00 2D C6 C1 00 00 03 E8 00 2D C6 C2 00 00 03 E8 00 2D C6 C3 00 00 00 00 00 2D C6 C4 00 01 24 F8 00 2D C6 C5 00 01 24 F8 00 2D C6 C6 00 00 01 F4 00 00 00 04 00 2D C6 C1 05 F5 E1 00 00 2D C6 C2 1D CD 65 00 00 2D C6 C3 00 00 27 10 00 2D C6 C0 00 0B DD 1C 00 00 00 00 00 00 00 00 00 00 00 00 00 00 00 00 00 00 00 00 00 00 00 00 00 00 00 00 00 00 00 00 00 00 00 0A 01 40 6F 40 01 40 6F 41 01 40 6F 42 01 40 6F 43 01 40 6F 44 01 40 6F 45 01 40 6F 46 01 40 6F 47 01 40 6F 48 01 40 6F 49 00 00 00 00 00 00 00 00 00 00 00 00 00 00 00 00 00 00 00 00 00 00 00 00 00 00 00 00 00 00 00 00
........V:.........D..............<....c....x.VJ*..I..K/V...VJI,IT.24..C..... OG.B...HU.).Z..e.&Pe..e.`e.F..LQ.AM3...Q*)J,.Y.d..&....*........D......D........................................................................NoNameYet...........s...............<.....................................l..H......................-.......-.......-.......-....$..-....$..-...........-.......-....e..-....'..-...........................................@o@.@oA.@oB.@oC.@oD.@oE.@oF.@oG.@oH.@oI................................
2015.11.04.23.50.28;R;10108(0);0;

2015.11.04.23.50.28;S;20108(0);0;

2015.11.04.23.50.29;R;14102(0);84;00 00 00 17 25 B3 2B EA 00 00 00 06 00 00 02 1B 00 00 00 01 00 00 00 00 00 00 02 1B 00 00 00 04 00 00 00 00 00 00 02 1B 00 00 00 06 00 00 00 00 00 00 02 1B 00 00 00 0C 00 00 00 00 00 00 02 1B 00 00 00 0D 00 00 00 00 00 00 02 1B 00 00 00 0A 00 00 00 00
....%.+.............................................................................
2015.11.04.23.50.31;R;14102(0);12;00 00 00 95 25 B3 2C 68 00 00 00 00
....%.,h....
2015.11.04.23.50.33;R;10108(0);0;

2015.11.04.23.50.33;S;20108(0);0;

2015.11.04.23.50.34;R;14102(0);12;00 00 01 3C 25 B3 2D 0F 00 00 00 00
...<%.-.....
2015.11.04.23.50.36;R;10212(0);11;00 00 00 06 54 6F 62 69 74 69 01
....Tobiti.
2015.11.04.23.50.36;S;24111(0);22;00 00 00 03 00 00 00 06 54 6F 62 69 74 69 00 00 00 01 FF FF FF FF
........Tobiti........
2015.11.04.23.50.37;R;14102(0);38;00 00 02 11 25 B3 32 F8 00 00 00 01 00 00 00 03 00 00 00 06 54 6F 62 69 74 69 00 00 00 01 FF FF FF FF 00 00 01 D3
....%.2.............Tobiti............
2015.11.04.23.50.38;R;10108(0);0;

2015.11.04.23.50.38;S;20108(0);0;

2015.11.04.23.50.39;R;14102(0);12;00 00 02 69 25 B3 33 50 00 00 00 00
...i%.3P....
2015.11.04.23.50.42;R;14102(0);24;00 00 03 2A 25 B3 34 11 00 00 00 01 00 00 02 07 01 40 6F 4C 00 00 02 ED
...*%.4..........@oL....
2015.11.04.23.50.43;R;10108(0);0;

2015.11.04.23.50.43;S;20108(0);0;

2015.11.04.23.50.43;R;14102(0);24;00 00 03 6E 25 B3 34 69 00 00 00 01 00 00 02 0B 01 5E F3 D5 00 00 03 31
...n%.4i.........^.....1
2015.11.04.23.50.47;R;14102(0);24;00 00 04 52 25 B3 35 C5 00 00 00 01 00 00 02 0B 01 5E F3 D6 00 00 04 14
...R%.5..........^......
2015.11.04.23.50.48;R;10108(0);0;

2015.11.04.23.50.48;S;20108(0);0;

2015.11.04.23.50.49;R;14102(0);24;00 00 04 D3 25 B3 3C 23 00 00 00 01 00 00 02 0B 01 5E F3 D7 00 00 04 95
....%.<#.........^......
2015.11.04.23.50.51;R;14102(0);24;00 00 05 45 25 B3 3A E8 00 00 00 01 00 00 02 0B 01 5E F3 D8 00 00 05 07
...E%.:..........^......
2015.11.04.23.50.53;R;10108(0);0;

2015.11.04.23.50.53;S;20108(0);0;

2015.11.04.23.50.54;R;14102(0);12;00 00 05 EE 25 B3 3B 91 00 00 00 00
....%.;.....
2015.11.04.23.50.57;R;14102(0);172;00 00 06 D3 25 B3 3C 76 00 00 00 08 00 00 02 14 00 00 00 00 00 00 00 00 00 00 00 00 00 00 06 95 00 00 02 14 00 00 00 06 00 00 00 00 00 00 00 00 00 00 06 95 00 00 02 14 00 00 00 07 00 00 00 00 00 00 00 00 00 00 06 95 00 00 02 14 00 00 00 14 00 00 00 00 00 00 00 00 00 00 06 95 00 00 02 14 00 00 00 16 00 00 00 00 00 00 00 00 00 00 06 95 00 00 02 14 00 00 00 19 00 00 00 00 00 00 00 00 00 00 06 95 00 00 02 14 00 00 00 1A 00 00 00 00 00 00 00 00 00 00 06 95 00 00 02 14 00 00 00 1D 00 00 00 00 00 00 00 00 00 00 06 95
....%.<v....................................................................................................................................................................
2015.11.04.23.50.58;R;10108(0);0;

2015.11.04.23.50.58;S;20108(0);0;

2015.11.04.23.50.59;R;14102(0);12;00 00 07 1C 25 B3 3C BF 00 00 00 00
....%.<.....
2015.11.04.23.51.01;R;14102(0);32;00 00 07 A1 25 B3 3C 4B 00 00 00 01 00 00 01 F4 00 00 00 17 00 00 00 18 00 0F 42 40 00 00 07 64
....%.<K..................B@...d
2015.11.04.23.51.03;R;10108(0);0;

2015.11.04.23.51.03;S;20108(0);0;

2015.11.04.23.51.04;R;14102(0);12;00 00 08 4A 25 B3 3C F4 00 00 00 00
...J%.<.....
2015.11.04.23.51.08;R;10108(0);0;

2015.11.04.23.51.08;S;20108(0);0;

2015.11.04.23.51.09;R;14102(0);12;00 00 09 77 25 B3 3E 21 00 00 00 00
...w%.>!....
2015.11.04.23.51.13;R;10108(0);0;

2015.11.04.23.51.13;S;20108(0);0;

2015.11.04.23.51.14;R;14102(0);12;00 00 0A A4 25 B3 3F 4E 00 00 00 00
....%.?N....
2015.11.04.23.51.18;R;10108(0);0;

2015.11.04.23.51.18;S;20108(0);0;

2015.11.04.23.51.19;R;14102(0);12;00 00 0B D0 25 B3 40 7A 00 00 00 00
....%.@z....
2015.11.04.23.51.23;R;10108(0);0;

2015.11.04.23.51.23;S;20108(0);0;

2015.11.04.23.54.31;R;10101(7);250;00 00 00 44 00 CE 92 D7 00 00 00 28 37 34 32 74 33 6A 39 6D 6D 32 74 78 72 70 73 70 38 78 7A 6A 6D 6D 7A 78 34 62 79 79 72 62 70 68 6A 62 67 63 78 73 77 6E 00 00 00 07 00 00 00 00 00 00 00 C8 00 00 00 10 75 63 73 6F 66 66 69 63 69 61 6C 70 61 74 63 68 00 00 00 00 00 00 00 10 64 63 66 32 30 61 63 32 33 35 30 63 63 35 35 65 FF FF FF FF 00 00 00 10 53 41 4D 53 55 4E 47 2D 53 4D 2D 4E 39 30 30 41 00 1E 84 82 00 00 00 02 64 65 00 00 00 24 35 35 37 66 62 62 65 62 2D 30 35 35 35 2D 34 38 38 33 2D 62 37 65 32 2D 37 37 32 32 62 38 64 63 30 61 63 32 00 00 00 05 34 2E 34 2E 32 01 00 00 00 00 00 00 00 10 64 63 66 32 30 61 63 32 33 35 30 63 63 35 35 65 00 00 00 00 01 00 00 00 00 24 94 E5 5D 02 00 00 00 00 00 00 00 00 00 00 00 08 37 2E 32 30 30 2E 31 39
...D......(742t3j9mm2txrpsp8xzjmmzx4byyrbphjbgcxswn................ucsofficialpatch........dcf20ac2350cc55e........SAMSUNG-SM-N900A........de...$557fbbeb-0555-4883-b7e2-7722b8dc0ac2....4.4.2.........dcf20ac2350cc55e.........$..].............7.200.19
2015.11.04.23.54.31;S;20000(0);24;00 00 00 10 D7 16 28 A8 08 D2 3C 1D D9 26 A4 B2 1C B4 B9 32 00 00 00 01
......(...<..&.....2....
2015.11.04.23.54.31;S;20104(1);167;00 00 00 44 00 CE 92 D7 00 00 00 44 00 CE 92 D7 00 00 00 28 37 34 32 74 33 6A 39 6D 6D 32 74 78 72 70 73 70 38 78 7A 6A 6D 6D 7A 78 34 62 79 79 72 62 70 68 6A 62 67 63 78 73 77 6E FF FF FF FF FF FF FF FF 00 00 00 07 00 00 00 C8 00 00 00 00 00 00 00 05 73 74 61 74 65 00 00 00 0A 00 00 00 00 00 00 00 00 00 00 00 07 73 6F 6D 65 69 64 31 00 00 00 0D 31 34 34 36 36 37 37 36 37 31 35 34 33 00 00 00 0D 31 34 31 34 30 30 33 38 33 38 30 30 30 00 00 00 00 00 00 00 07 73 6F 6D 65 69 64 32 00 00 00 02 55 53
...D......D......(742t3j9mm2txrpsp8xzjmmzx4byyrbphjbgcxswn........................state................someid1....1446677671543....1414003838000........someid2....US
2015.11.04.23.54.31;S;24101(0);571;00 00 00 00 FF FF FF FF 56 3A 8C A7 00 00 00 00 00 00 00 44 00 CE 92 D7 00 00 00 00 00 00 04 B0 00 00 00 3C 01 00 00 00 8D FF FF 00 00 78 DA 5D CE CD 0A C3 20 0C 00 E0 77 C9 D9 81 F6 0F EA AB 8C 51 5C 95 22 88 96 9A 8E 95 E2 BB 2F ED 72 69 BD C4 98 2F 89 3B BC 57 1F AC 8F 53 06 FD DC C1 1A 34 A0 95 3C 8E 12 10 3E 81 32 01 5F D0 15 85 8D 82 2C E2 C2 54 C3 4C FE 59 7B B2 BA BA B3 F6 CA 78 5A 73 63 52 32 7B 10 18 53 CC 38 20 4D EB 7A 6E AB B9 4D C0 1A 3D 1E 7F 7E 09 C8 98 16 33 B9 01 B7 D9 D1 82 42 4F B8 98 99 AB D6 8D E9 BC 96 1F D5 E1 42 03 00 00 00 00 00 00 00 44 00 CE 92 D7 00 00 00 44 00 CE 92 D7 00 00 00 00 00 00 00 00 00 00 00 00 00 00 00 00 00 00 00 00 00 00 00 00 00 00 00 00 00 00 00 00 00 00 00 00 00 00 00 00 00 00 00 00 00 00 00 00 09 00 00 00 00 00 00 00 00 00 00 00 00 00 00 00 01 00 00 00 06 54 6F 62 69 74 69 FF FF FF FF 00 00 00 09 00 00 00 73 00 0B DD 1C 00 0B DD 1C 00 00 04 B0 00 00 00 3C 00 00 0F A0 00 00 00 00 00 00 00 00 00 00 00 00 00 00 00 00 00 00 00 00 00 00 00 00 00 00 00 00 01 00 00 00 DC 6C F5 EB 48 01 00 00 00 00 00 00 00 00 00 00 00 00 00 00 00 01 00 00 00 06 00 2D C6 C1 00 00 03 E8 00 2D C6 C2 00 00 03 E8 00 2D C6 C3 00 00 00 00 00 2D C6 C4 00 01 24 F8 00 2D C6 C5 00 01 24 F8 00 2D C6 C6 00 00 01 F4 00 00 00 04 00 2D C6 C1 05 F5 E1 00 00 2D C6 C2 1D CD 64 06 00 2D C6 C3 00 00 27 10 00 2D C6 C0 00 0B DD 1C 00 00 00 00 00 00 00 00 00 00 00 00 00 00 00 00 00 00 00 00 00 00 00 00 00 00 00 00 00 00 00 00 00 00 00 0D 01 40 6F 40 01 40 6F 41 01 40 6F 42 01 40 6F 43 01 40 6F 44 01 40 6F 45 01 40 6F 46 01 40 6F 47 01 40 6F 48 01 40 6F 49 01 40 6F 4A 01 40 6F 4B 01 40 6F 4C 00 00 00 00 00 00 00 00 00 00 00 00 00 00 00 00 00 00 00 00 00 00 00 00 00 00 00 00 00 00 00 00
........V:.........D..............<.........x.].... ...w.....Q\."....../.ri../.;.W...S.....4..<...>.2._.....,..T.L.Y{......xZscR2{..S.8 M.zn..M..=.~...3.....BO.........B........D......D........................................................................Tobiti...........s...............<.....................................l..H......................-.......-.......-.......-....$..-....$..-...........-.......-....d..-....'..-...........................................@o@.@oA.@oB.@oC.@oD.@oE.@oF.@oG.@oH.@oI.@oJ.@oK.@oL................................
2015.11.04.23.54.36;R;10108(0);0;

2015.11.04.23.54.36;S;20108(0);0;

2015.11.04.23.54.37;R;14102(0);84;00 00 00 25 25 B3 2A FF 00 00 00 06 00 00 02 1B 00 00 00 01 00 00 00 00 00 00 02 1B 00 00 00 04 00 00 00 00 00 00 02 1B 00 00 00 06 00 00 00 00 00 00 02 1B 00 00 00 0C 00 00 00 00 00 00 02 1B 00 00 00 0D 00 00 00 00 00 00 02 1B 00 00 00 0A 00 00 00 00
...%%.*.............................................................................
2015.11.04.23.54.41;R;10108(0);0;

2015.11.04.23.54.41;S;20108(0);0;

2015.11.04.23.54.42;R;14102(0);12;00 00 01 4C 25 B3 2C 26 00 00 00 00
...L%.,&....
2015.11.04.23.54.46;R;10108(0);0;

2015.11.04.23.54.46;S;20108(0);0;

2015.11.04.23.54.47;R;14102(0);12;00 00 02 78 25 B3 2D 52 00 00 00 00
...x%.-R....
2015.11.04.23.54.51;R;10108(0);0;

2015.11.04.23.54.51;S;20108(0);0;

2015.11.04.23.54.52;R;14102(0);12;00 00 03 A5 25 B3 2E 7F 00 00 00 00
....%......
2015.11.04.23.54.56;R;10108(0);0;

2015.11.04.23.54.56;S;20108(0);0;

2015.11.04.23.54.57;R;14102(0);12;00 00 04 D2 25 B3 2F AC 00 00 00 00
....%./.....
2015.11.04.23.55.01;R;10108(0);0;

2015.11.04.23.55.01;S;20108(0);0;

2015.11.04.23.55.02;R;14102(0);12;00 00 05 FF 25 B3 30 D9 00 00 00 00
....%.0.....
2015.11.04.23.55.06;R;10108(0);0;

2015.11.04.23.55.06;S;20108(0);0;

2015.11.04.23.55.06;R;14102(0);48;00 00 07 03 25 B3 31 DD 00 00 00 03 00 00 02 1B 00 00 00 77 00 00 06 C5 00 00 02 1B 00 00 00 78 00 00 06 C5 00 00 02 1B 00 00 00 79 00 00 06 C5
....%.1............w...........x...........y....
2015.11.04.23.55.10;R;14102(0);24;00 00 07 D5 25 B3 32 C3 00 00 00 01 00 00 02 0B 01 5E F3 D5 00 00 07 97
....%.2..........^......
2015.11.04.23.55.11;R;10108(0);0;

2015.11.04.23.55.11;S;20108(0);0;

2015.11.04.23.55.13;R;14102(0);172;00 00 08 8A 25 B3 33 78 00 00 00 08 00 00 02 14 00 00 00 00 00 00 00 00 00 00 00 00 00 00 08 4C 00 00 02 14 00 00 00 06 00 00 00 00 00 00 00 00 00 00 08 4C 00 00 02 14 00 00 00 07 00 00 00 00 00 00 00 00 00 00 08 4C 00 00 02 14 00 00 00 14 00 00 00 00 00 00 00 00 00 00 08 4C 00 00 02 14 00 00 00 16 00 00 00 00 00 00 00 00 00 00 08 4C 00 00 02 14 00 00 00 19 00 00 00 00 00 00 00 00 00 00 08 4C 00 00 02 14 00 00 00 1A 00 00 00 00 00 00 00 00 00 00 08 4C 00 00 02 14 00 00 00 1D 00 00 00 00 00 00 00 00 00 00 08 4C
....%.3x.......................L...................L...................L...................L...................L...................L...................L...................L
2015.11.04.23.55.16;R;10108(0);0;

2015.11.04.23.55.16;S;20108(0);0;

2015.11.04.23.55.17;R;14102(0);12;00 00 09 86 25 B3 34 74 00 00 00 00
....%.4t....
2015.11.04.23.55.21;R;10108(0);0;

2015.11.04.23.55.21;S;20108(0);0;

2015.11.04.23.55.22;R;14102(0);34;00 00 0A 97 25 B3 25 F2 00 00 00 01 00 00 02 09 00 00 0A 59 01 00 00 01 F6 1D CD 65 00 00 FF FF FF FF
....%.%............Y.......e......
2015.11.04.23.55.26;R;10108(0);0;

2015.11.04.23.55.26;S;20108(0);0;

2015.11.04.23.55.27;R;14102(0);12;00 00 0B DF 25 B3 27 3A 00 00 00 00
....%.':....
2015.11.04.23.55.31;R;10108(0);0;

2015.11.04.23.55.31;S;20108(0);0;

2015.11.04.23.55.32;R;14102(0);12;00 00 0D 0D 25 B3 28 68 00 00 00 00
....%.(h....
2015.11.04.23.55.36;R;10108(0);0;

2015.11.04.23.55.36;S;20108(0);0;

2015.11.04.23.55.37;R;14102(0);12;00 00 0E 39 25 B3 29 94 00 00 00 00
...9%.).....
2015.11.04.23.55.40;R;14102(0);152;00 00 0E DC 25 B3 2A 37 00 00 00 07 00 00 02 14 00 00 00 02 00 00 00 00 00 00 00 00 00 00 0E 9F 00 00 02 14 00 00 00 03 00 00 00 00 00 00 00 00 00 00 0E 9F 00 00 02 14 00 00 00 04 00 00 00 00 00 00 00 00 00 00 0E 9F 00 00 02 14 00 00 00 05 00 00 00 00 00 00 00 00 00 00 0E 9F 00 00 02 14 00 00 00 0F 00 00 00 00 00 00 00 00 00 00 0E 9F 00 00 02 14 00 00 00 17 00 00 00 00 00 00 00 00 00 00 0E 9F 00 00 02 14 00 00 00 18 00 00 00 00 00 00 00 00 00 00 0E 9F
....%.*7................................................................................................................................................
2015.11.04.23.55.41;R;10108(0);0;

2015.11.04.23.55.41;S;20108(0);0;

2015.11.04.23.55.42;R;14102(0);12;00 00 0F 66 25 B3 2A C1 00 00 00 00
...f%.*.....
2015.11.04.23.55.44;R;14102(0);732;00 00 0F D1 25 B3 2B 2C 00 00 00 24 00 00 02 14 00 00 00 00 00 00 00 11 00 00 00 00 00 00 0F 93 00 00 02 14 00 00 00 01 00 00 00 11 00 00 00 00 00 00 0F 93 00 00 02 14 00 00 00 03 00 00 00 11 00 00 00 00 00 00 0F 93 00 00 02 14 00 00 00 04 00 00 00 11 00 00 00 00 00 00 0F 93 00 00 02 14 00 00 00 05 00 00 00 11 00 00 00 00 00 00 0F 93 00 00 02 14 00 00 00 06 00 00 00 11 00 00 00 00 00 00 0F 93 00 00 02 14 00 00 00 07 00 00 00 11 00 00 00 00 00 00 0F 93 00 00 02 14 00 00 00 08 00 00 00 11 00 00 00 00 00 00 0F 93 00 00 02 14 00 00 00 09 00 00 00 11 00 00 00 00 00 00 0F 93 00 00 02 14 00 00 00 0A 00 00 00 11 00 00 00 00 00 00 0F 93 00 00 02 14 00 00 00 0B 00 00 00 11 00 00 00 00 00 00 0F 93 00 00 02 14 00 00 00 0C 00 00 00 11 00 00 00 00 00 00 0F 93 00 00 02 14 00 00 00 0D 00 00 00 11 00 00 00 00 00 00 0F 93 00 00 02 14 00 00 00 0E 00 00 00 11 00 00 00 00 00 00 0F 93 00 00 02 14 00 00 00 0F 00 00 00 11 00 00 00 00 00 00 0F 93 00 00 02 14 00 00 00 10 00 00 00 11 00 00 00 00 00 00 0F 93 00 00 02 14 00 00 00 11 00 00 00 11 00 00 00 00 00 00 0F 93 00 00 02 14 00 00 00 12 00 00 00 11 00 00 00 00 00 00 0F 93 00 00 02 14 00 00 00 13 00 00 00 11 00 00 00 00 00 00 0F 93 00 00 02 14 00 00 00 14 00 00 00 11 00 00 00 00 00 00 0F 93 00 00 02 14 00 00 00 15 00 00 00 11 00 00 00 00 00 00 0F 93 00 00 02 14 00 00 00 16 00 00 00 11 00 00 00 00 00 00 0F 93 00 00 02 14 00 00 00 17 00 00 00 11 00 00 00 00 00 00 0F 93 00 00 02 14 00 00 00 18 00 00 00 11 00 00 00 00 00 00 0F 93 00 00 02 14 00 00 00 19 00 00 00 11 00 00 00 00 00 00 0F 93 00 00 02 14 00 00 00 1A 00 00 00 11 00 00 00 00 00 00 0F 93 00 00 02 14 00 00 00 1B 00 00 00 11 00 00 00 00 00 00 0F 93 00 00 02 14 00 00 00 1C 00 00 00 11 00 00 00 00 00 00 0F 93 00 00 02 14 00 00 00 1D 00 00 00 11 00 00 00 00 00 00 0F 93 00 00 02 14 00 00 00 1E 00 00 00 11 00 00 00 00 00 00 0F 93 00 00 02 14 00 00 00 1F 00 00 00 11 00 00 00 00 00 00 0F 93 00 00 02 14 00 00 00 20 00 00 00 11 00 00 00 00 00 00 0F 93 00 00 02 14 00 00 00 21 00 00 00 11 00 00 00 00 00 00 0F 93 00 00 02 14 00 00 00 22 00 00 00 11 00 00 00 00 00 00 0F 93 00 00 02 14 00 00 00 23 00 00 00 11 00 00 00 00 00 00 0F 93 00 00 02 14 00 00 00 24 00 00 00 11 00 00 00 00 00 00 0F 93
....%.+,...$................................................................................................................................................................................................................................................................................................................................................................................................................................................................................................................................................................................................................................................... ...................!..................."...................#...................$............
2015.11.04.23.55.46;R;10108(0);0;

2015.11.04.23.55.46;S;20108(0);0;

2015.11.04.23.55.47;R;14102(0);12;00 00 10 93 25 B3 2B EE 00 00 00 00
....%.+.....
2015.11.04.23.55.49;R;14102(0);332;00 00 11 00 25 B3 2C 5B 00 00 00 10 00 00 02 14 00 00 00 08 00 00 00 00 00 00 00 00 00 00 10 C2 00 00 02 14 00 00 00 09 00 00 00 00 00 00 00 00 00 00 10 C2 00 00 02 14 00 00 00 0A 00 00 00 00 00 00 00 00 00 00 10 C2 00 00 02 14 00 00 00 0B 00 00 00 00 00 00 00 00 00 00 10 C2 00 00 02 14 00 00 00 0C 00 00 00 00 00 00 00 00 00 00 10 C2 00 00 02 14 00 00 00 0D 00 00 00 00 00 00 00 00 00 00 10 C2 00 00 02 14 00 00 00 13 00 00 00 00 00 00 00 00 00 00 10 C2 00 00 02 14 00 00 00 15 00 00 00 00 00 00 00 00 00 00 10 C2 00 00 02 14 00 00 00 1B 00 00 00 00 00 00 00 00 00 00 10 C2 00 00 02 14 00 00 00 1C 00 00 00 00 00 00 00 00 00 00 10 C2 00 00 02 14 00 00 00 00 00 00 00 0B 00 00 00 00 00 00 10 C2 00 00 02 14 00 00 00 01 00 00 00 0B 00 00 00 00 00 00 10 C2 00 00 02 14 00 00 00 02 00 00 00 0B 00 00 00 00 00 00 10 C2 00 00 02 14 00 00 00 05 00 00 00 0B 00 00 00 00 00 00 10 C2 00 00 02 14 00 00 00 06 00 00 00 0B 00 00 00 00 00 00 10 C2 00 00 02 14 00 00 00 08 00 00 00 0B 00 00 00 00 00 00 10 C2
....%.,[....................................................................................................................................................................................................................................................................................................................................
2015.11.04.23.55.51;R;10108(0);0;

2015.11.04.23.55.51;S;20108(0);0;

2015.11.04.23.55.52;R;14102(0);32;00 00 11 9F 25 B3 2C FA 00 00 00 01 00 00 01 F4 00 00 00 18 00 00 00 1D 00 0F 42 49 00 00 11 61
....%.,...................BI...a
2015.11.04.23.55.53;R;14102(0);41;00 00 11 EE 25 B3 29 7A 00 00 00 01 00 00 02 09 00 00 11 B0 01 00 00 01 F4 00 00 00 18 00 00 00 1D 00 0F 42 49 FF FF FF FF
....%.)z...........................BI....
2015.11.04.23.55.56;R;10108(0);0;

2015.11.04.23.55.56;S;20108(0);0;

2015.11.04.23.55.57;R;14102(0);12;00 00 12 ED 25 B3 2A 79 00 00 00 00
....%.*y....
2015.11.04.23.56.01;R;10108(0);0;

2015.11.04.23.56.01;S;20108(0);0;

2015.11.04.23.56.02;R;14102(0);12;00 00 14 1A 25 B3 2B A6 00 00 00 00
....%.+.....
2015.11.04.23.56.06;R;10108(0);0;

2015.11.04.23.56.06;S;20108(0);0;

2015.11.04.23.56.07;R;14102(0);12;00 00 15 47 25 B3 2C D3 00 00 00 00
...G%.,.....
2015.11.04.23.56.11;R;10108(0);0;

2015.11.04.23.56.11;S;20108(0);0;

2015.11.04.23.56.12;R;14102(0);12;00 00 16 74 25 B3 2E 00 00 00 00 00
...t%.......
2015.11.04.23.56.16;R;10108(0);0;

2015.11.04.23.56.16;S;20108(0);0;

