2015.11.05.00.22.21;R;10101(7);250;00 00 00 44 00 CE 92 D7 00 00 00 28 37 34 32 74 33 6A 39 6D 6D 32 74 78 72 70 73 70 38 78 7A 6A 6D 6D 7A 78 34 62 79 79 72 62 70 68 6A 62 67 63 78 73 77 6E 00 00 00 07 00 00 00 00 00 00 00 C8 00 00 00 10 75 63 73 6F 66 66 69 63 69 61 6C 70 61 74 63 68 00 00 00 00 00 00 00 10 64 63 66 32 30 61 63 32 33 35 30 63 63 35 35 65 FF FF FF FF 00 00 00 10 53 41 4D 53 55 4E 47 2D 53 4D 2D 4E 39 30 30 41 00 1E 84 82 00 00 00 02 64 65 00 00 00 24 35 35 37 66 62 62 65 62 2D 30 35 35 35 2D 34 38 38 33 2D 62 37 65 32 2D 37 37 32 32 62 38 64 63 30 61 63 32 00 00 00 05 34 2E 34 2E 32 01 00 00 00 00 00 00 00 10 64 63 66 32 30 61 63 32 33 35 30 63 63 35 35 65 00 00 00 00 01 00 00 00 00 08 45 6C 2A 02 00 00 00 00 00 00 00 00 00 00 00 08 37 2E 32 30 30 2E 31 39
...D......(742t3j9mm2txrpsp8xzjmmzx4byyrbphjbgcxswn................ucsofficialpatch........dcf20ac2350cc55e........SAMSUNG-SM-N900A........de...$557fbbeb-0555-4883-b7e2-7722b8dc0ac2....4.4.2.........dcf20ac2350cc55e..........El*.............7.200.19
2015.11.05.00.22.22;S;20000(0);24;00 00 00 10 D7 16 28 A8 08 D2 3C 1D D9 26 A4 B2 1C B4 B9 32 00 00 00 01
......(...<..&.....2....
2015.11.05.00.22.22;S;20104(1);167;00 00 00 44 00 CE 92 D7 00 00 00 44 00 CE 92 D7 00 00 00 28 37 34 32 74 33 6A 39 6D 6D 32 74 78 72 70 73 70 38 78 7A 6A 6D 6D 7A 78 34 62 79 79 72 62 70 68 6A 62 67 63 78 73 77 6E FF FF FF FF FF FF FF FF 00 00 00 07 00 00 00 C8 00 00 00 00 00 00 00 05 73 74 61 74 65 00 00 00 0A 00 00 00 00 00 00 00 00 00 00 00 07 73 6F 6D 65 69 64 31 00 00 00 0D 31 34 34 36 36 37 39 33 34 32 30 34 34 00 00 00 0D 31 34 31 34 30 30 33 38 33 38 30 30 30 00 00 00 00 00 00 00 07 73 6F 6D 65 69 64 32 00 00 00 02 55 53
...D......D......(742t3j9mm2txrpsp8xzjmmzx4byyrbphjbgcxswn........................state................someid1....1446679342044....1414003838000........someid2....US
2015.11.05.00.22.22;S;24101(0);567;00 00 00 00 FF FF FF FF 56 3A 93 2E 00 00 00 00 00 00 00 44 00 CE 92 D7 00 00 00 00 00 00 04 B0 00 00 00 3C 01 00 00 00 89 FF FF 00 00 78 DA 5D CE C1 0A 84 20 10 80 E1 77 99 F3 1C C6 B2 43 BE CA B2 2C EE 2A 21 48 45 4D CB 46 F8 EE 3B 95 17 F5 A0 23 7C FE 78 C0 7B 0B D1 85 71 58 C1 3C 0E 70 96 2D 18 45 E7 52 08 F1 1B C1 34 08 3F D9 E5 BA CB 41 09 0B A6 74 66 74 B3 EE 62 6D 53 B3 AE 64 B9 A6 2B 46 54 B2 36 33 84 6D 0C 7C FE F1 89 B0 F2 B4 D8 C1 BF 78 9F BD C8 3A D1 97 09 7D 27 FA 24 2F 79 B1 73 8E 38 FF 99 AE 31 FD 01 CD 27 47 34 00 00 00 00 00 00 00 44 00 CE 92 D7 00 00 00 44 00 CE 92 D7 00 00 00 00 00 00 00 00 00 00 00 00 00 00 00 00 00 00 00 00 00 00 00 00 00 00 00 00 00 00 00 00 00 00 00 00 00 00 00 00 00 00 00 00 00 00 00 00 09 00 00 00 00 00 00 00 00 00 00 00 00 00 00 00 02 00 00 00 06 54 6F 62 69 74 69 FF FF FF FF 00 00 00 09 00 00 00 73 00 0B DC DF 00 0B DC DF 00 00 04 B0 00 00 00 3C 00 00 0F A0 00 00 00 00 00 00 00 00 00 00 00 00 00 00 00 00 00 00 00 00 00 00 00 00 00 00 00 00 01 00 00 00 DC 6C F5 EB 48 01 00 00 00 00 00 00 00 00 00 00 00 00 00 00 00 01 00 00 00 06 00 2D C6 C1 00 00 03 E8 00 2D C6 C2 00 00 03 E8 00 2D C6 C3 00 00 00 00 00 2D C6 C4 00 01 24 F8 00 2D C6 C5 00 01 24 F8 00 2D C6 C6 00 00 01 F4 00 00 00 04 00 2D C6 C1 05 F5 CD 78 00 2D C6 C2 1D CD 64 06 00 2D C6 C3 00 00 27 10 00 2D C6 C0 00 0B DD 1C 00 00 00 00 00 00 00 00 00 00 00 00 00 00 00 00 00 00 00 00 00 00 00 00 00 00 00 00 00 00 00 00 00 00 00 0D 01 40 6F 40 01 40 6F 41 01 40 6F 42 01 40 6F 43 01 40 6F 44 01 40 6F 45 01 40 6F 46 01 40 6F 47 01 40 6F 48 01 40 6F 49 01 40 6F 4A 01 40 6F 4B 01 40 6F 4C 00 00 00 00 00 00 00 00 00 00 00 00 00 00 00 00 00 00 00 00 00 00 00 00 00 00 00 00 00 00 00 00
........V:.........D..............<.........x.].... ...w....C..,.*!HEM.F..;....#|.x.{..qX.<.p.-.E.R....4.?...A...tft..bmS..d..+FT.63.m.|......x...:..}'.$/y.s.8...1...'G4.......D......D........................................................................Tobiti...........s...............<.....................................l..H......................-.......-.......-.......-....$..-....$..-...........-.....x.-....d..-....'..-...........................................@o@.@oA.@oB.@oC.@oD.@oE.@oF.@oG.@oH.@oI.@oJ.@oK.@oL................................
2015.11.05.00.22.26;R;10108(0);0;

2015.11.05.00.22.26;S;20108(0);0;

2015.11.05.00.22.27;R;14102(0);84;00 00 00 37 25 B3 17 11 00 00 00 06 00 00 02 1B 00 00 00 01 00 00 00 00 00 00 02 1B 00 00 00 04 00 00 00 00 00 00 02 1B 00 00 00 06 00 00 00 00 00 00 02 1B 00 00 00 0C 00 00 00 00 00 00 02 1B 00 00 00 0D 00 00 00 00 00 00 02 1B 00 00 00 0A 00 00 00 00
...7%...............................................................................
2015.11.05.00.22.31;R;10108(0);0;

2015.11.05.00.22.31;S;20108(0);0;

2015.11.05.00.22.32;R;14102(0);12;00 00 01 77 25 B3 18 51 00 00 00 00
...w%..Q....
2015.11.05.00.22.36;R;10108(0);0;

2015.11.05.00.22.36;S;20108(0);0;

2015.11.05.00.22.37;R;14102(0);12;00 00 02 A5 25 B3 19 7F 00 00 00 00
....%......
2015.11.05.00.22.41;R;10108(0);0;

2015.11.05.00.22.41;S;20108(0);0;

2015.11.05.00.22.42;R;14102(0);172;00 00 03 BA 25 B3 1A 94 00 00 00 08 00 00 02 14 00 00 00 00 00 00 00 00 00 00 00 00 00 00 03 7C 00 00 02 14 00 00 00 06 00 00 00 00 00 00 00 00 00 00 03 7C 00 00 02 14 00 00 00 07 00 00 00 00 00 00 00 00 00 00 03 7C 00 00 02 14 00 00 00 14 00 00 00 00 00 00 00 00 00 00 03 7C 00 00 02 14 00 00 00 16 00 00 00 00 00 00 00 00 00 00 03 7C 00 00 02 14 00 00 00 19 00 00 00 00 00 00 00 00 00 00 03 7C 00 00 02 14 00 00 00 1A 00 00 00 00 00 00 00 00 00 00 03 7C 00 00 02 14 00 00 00 1D 00 00 00 00 00 00 00 00 00 00 03 7C
....%..........................|...................|...................|...................|...................|...................|...................|...................|
2015.11.05.00.22.46;R;10108(0);0;

2015.11.05.00.22.46;S;20108(0);0;

2015.11.05.00.22.48;R;14102(0);32;00 00 05 01 25 B3 1A E2 00 00 00 01 00 00 01 F4 00 00 00 12 00 00 00 1A 00 0F 42 40 00 00 04 C3
....%.....................B@....
2015.11.05.00.22.51;R;10108(0);0;

2015.11.05.00.22.51;S;20108(0);0;

2015.11.05.00.22.52;R;14102(0);12;00 00 06 2C 25 B3 1C 0D 00 00 00 00
...,%.......
2015.11.05.00.22.56;R;10108(0);0;

2015.11.05.00.22.56;S;20108(0);0;

2015.11.05.00.22.58;R;14102(0);12;00 00 07 59 25 B3 1D 3A 00 00 00 00
...Y%..:....
2015.11.05.00.23.01;R;10108(0);0;

2015.11.05.00.23.01;S;20108(0);0;

2015.11.05.00.23.03;R;14102(0);12;00 00 08 86 25 B3 1E 67 00 00 00 00
....%..g....
2015.11.05.00.23.07;R;10108(0);0;

2015.11.05.00.23.07;S;20108(0);0;

2015.11.05.00.23.08;R;14102(0);12;00 00 09 B3 25 B3 1F 94 00 00 00 00
....%.......
2015.11.05.00.23.12;R;10108(0);0;

2015.11.05.00.23.12;S;20108(0);0;

2015.11.05.00.23.13;R;14102(0);12;00 00 0A E0 25 B3 20 C1 00 00 00 00
....%. .....
2015.11.05.00.23.17;R;10108(0);0;

2015.11.05.00.23.17;S;20108(0);0;

2015.11.05.00.23.18;R;14102(0);12;00 00 0C 0E 25 B3 21 EF 00 00 00 00
....%.!.....
2015.11.05.00.23.22;R;10108(0);0;

2015.11.05.00.23.22;S;20108(0);0;

2015.11.05.00.23.23;R;14102(0);12;00 00 0D 3B 25 B3 23 1C 00 00 00 00
...;%.#.....
2015.11.05.00.23.27;R;10108(0);0;

2015.11.05.00.23.27;S;20108(0);0;

2015.11.05.00.23.28;R;14102(0);12;00 00 0E 67 25 B3 24 48 00 00 00 00
...g%.$H....
2015.11.05.00.23.32;R;10108(0);0;

2015.11.05.00.23.32;S;20108(0);0;

2015.11.05.00.23.33;R;14102(0);12;00 00 0F 95 25 B3 25 76 00 00 00 00
....%.%v....
2015.11.05.00.23.37;R;10108(0);0;

2015.11.05.00.23.37;S;20108(0);0;

2015.11.05.00.23.38;R;14102(0);12;00 00 10 C2 25 B3 26 A3 00 00 00 00
....%.&.....
2015.11.05.00.23.42;R;10108(0);0;

2015.11.05.00.23.42;S;20108(0);0;

2015.11.05.00.23.43;R;14102(0);12;00 00 11 EF 25 B3 27 D0 00 00 00 00
....%.'.....
2015.11.05.00.23.47;R;10108(0);0;

2015.11.05.00.23.47;S;20108(0);0;

2015.11.05.00.23.48;R;14102(0);12;00 00 13 1C 25 B3 28 FD 00 00 00 00
....%.(.....
2015.11.05.00.23.52;R;10108(0);0;

2015.11.05.00.23.52;S;20108(0);0;

2015.11.05.00.23.53;R;14102(0);12;00 00 14 49 25 B3 2A 2A 00 00 00 00
...I%.**....
2015.11.05.00.23.57;R;10108(0);0;

2015.11.05.00.23.57;S;20108(0);0;

2015.11.05.00.23.58;R;14102(0);12;00 00 15 77 25 B3 2B 58 00 00 00 00
...w%.+X....
2015.11.05.00.24.02;R;10108(0);0;

2015.11.05.00.24.02;S;20108(0);0;

2015.11.05.00.24.03;R;14102(0);12;00 00 16 A4 25 B3 2C 85 00 00 00 00
....%.,.....
2015.11.05.00.24.07;R;10108(0);0;

2015.11.05.00.24.07;S;20108(0);0;

2015.11.05.00.24.08;R;14102(0);12;00 00 17 D1 25 B3 2D B2 00 00 00 00
....%.-.....
2015.11.05.00.24.12;R;10108(0);0;

2015.11.05.00.24.12;S;20108(0);0;

2015.11.05.00.24.13;R;14102(0);12;00 00 18 FE 25 B3 2E DF 00 00 00 00
....%.......
2015.11.05.00.24.17;R;10108(0);0;

2015.11.05.00.24.17;S;20108(0);0;

2015.11.05.00.24.18;R;14102(0);48;00 00 1A 25 25 B3 30 06 00 00 00 03 00 00 02 1B 00 00 00 77 00 00 19 E7 00 00 02 1B 00 00 00 78 00 00 19 E7 00 00 02 1B 00 00 00 79 00 00 19 E7
...%%.0............w...........x...........y....
2015.11.05.00.24.20;R;14102(0);20;00 00 1A 95 25 B3 30 76 00 00 00 01 00 00 02 20 00 00 1A 57
....%.0v....... ...W
2015.11.05.00.24.22;R;10108(0);0;

2015.11.05.00.24.22;S;20108(0);0;

2015.11.05.00.24.23;R;14102(0);12;00 00 1B 59 25 B3 31 3A 00 00 00 00
...Y%.1:....
2015.11.05.00.24.27;R;10108(0);0;

2015.11.05.00.24.27;S;20108(0);0;

2015.11.05.00.24.28;R;14102(0);12;00 00 1C 86 25 B3 32 67 00 00 00 00
....%.2g....
2015.11.05.00.24.32;R;10101(7);250;00 00 00 44 00 CE 92 D7 00 00 00 28 37 34 32 74 33 6A 39 6D 6D 32 74 78 72 70 73 70 38 78 7A 6A 6D 6D 7A 78 34 62 79 79 72 62 70 68 6A 62 67 63 78 73 77 6E 00 00 00 07 00 00 00 00 00 00 00 C8 00 00 00 10 75 63 73 6F 66 66 69 63 69 61 6C 70 61 74 63 68 00 00 00 00 00 00 00 10 64 63 66 32 30 61 63 32 33 35 30 63 63 35 35 65 FF FF FF FF 00 00 00 10 53 41 4D 53 55 4E 47 2D 53 4D 2D 4E 39 30 30 41 00 1E 84 82 00 00 00 02 64 65 00 00 00 24 35 35 37 66 62 62 65 62 2D 30 35 35 35 2D 34 38 38 33 2D 62 37 65 32 2D 37 37 32 32 62 38 64 63 30 61 63 32 00 00 00 05 34 2E 34 2E 32 01 00 00 00 00 00 00 00 10 64 63 66 32 30 61 63 32 33 35 30 63 63 35 35 65 00 00 00 00 01 00 00 00 00 2A A1 FD 7B 02 00 00 00 00 00 00 00 00 00 00 00 08 37 2E 32 30 30 2E 31 39
...D......(742t3j9mm2txrpsp8xzjmmzx4byyrbphjbgcxswn................ucsofficialpatch........dcf20ac2350cc55e........SAMSUNG-SM-N900A........de...$557fbbeb-0555-4883-b7e2-7722b8dc0ac2....4.4.2.........dcf20ac2350cc55e.........*..{.............7.200.19
2015.11.05.00.24.32;S;20000(0);24;00 00 00 10 D7 16 28 A8 08 D2 3C 1D D9 26 A4 B2 1C B4 B9 32 00 00 00 01
......(...<..&.....2....
2015.11.05.00.24.32;S;20104(1);167;00 00 00 44 00 CE 92 D7 00 00 00 44 00 CE 92 D7 00 00 00 28 37 34 32 74 33 6A 39 6D 6D 32 74 78 72 70 73 70 38 78 7A 6A 6D 6D 7A 78 34 62 79 79 72 62 70 68 6A 62 67 63 78 73 77 6E FF FF FF FF FF FF FF FF 00 00 00 07 00 00 00 C8 00 00 00 00 00 00 00 05 73 74 61 74 65 00 00 00 0A 00 00 00 00 00 00 00 00 00 00 00 07 73 6F 6D 65 69 64 31 00 00 00 0D 31 34 34 36 36 37 39 34 37 32 34 31 32 00 00 00 0D 31 34 31 34 30 30 33 38 33 38 30 30 30 00 00 00 00 00 00 00 07 73 6F 6D 65 69 64 32 00 00 00 02 55 53
...D......D......(742t3j9mm2txrpsp8xzjmmzx4byyrbphjbgcxswn........................state................someid1....1446679472412....1414003838000........someid2....US
2015.11.05.00.24.32;S;24101(0);576;00 00 00 00 FF FF FF FF 56 3A 93 B0 00 00 00 00 00 00 00 44 00 CE 92 D7 00 00 00 00 00 00 04 B0 00 00 00 3C 01 00 00 00 92 FF FF 00 00 78 DA 7D CE C1 0E 83 20 0C 06 E0 77 E9 99 43 51 5C 26 AF B2 2C 0B 1B C4 90 10 35 5A 97 19 E3 BB AF 0A 17 38 C8 A1 40 F9 F2 97 0D DE 8B 0F D6 F7 DD 0C FA B1 81 35 64 40 4B 3C 96 14 10 BE 01 74 25 E0 C7 95 AF 2B 6F B8 8B 8C 49 95 18 46 D6 9C AC AE 4A D6 E4 2C A5 A9 82 21 E6 AC 4E 4C C0 D2 7B 3A FE F8 14 30 D3 30 99 CE BD 68 1D 1D CB 32 A2 CD 23 54 8C 68 AF 27 C9 7B 64 B7 CB 49 DC A2 C9 8C E9 D5 BA CF 70 1E F7 3F 92 CF 5A 84 00 00 00 00 00 00 00 44 00 CE 92 D7 00 00 00 44 00 CE 92 D7 00 00 00 00 00 00 00 00 00 00 00 00 00 00 00 00 00 00 00 00 00 00 00 00 00 00 00 00 00 00 00 00 00 00 00 00 00 00 00 00 00 00 00 00 00 00 00 00 09 00 00 00 00 00 00 00 00 00 00 00 00 00 00 00 02 00 00 00 06 54 6F 62 69 74 69 FF FF FF FF 00 00 00 09 00 00 00 73 00 0B DC DF 00 0B DC DF 00 00 04 B0 00 00 00 3C 00 00 0F A0 00 00 00 00 00 00 00 00 00 00 00 00 00 00 00 00 00 00 00 00 00 00 00 00 00 00 00 00 01 00 00 00 DC 6C F5 EB 48 01 00 00 00 00 00 00 00 00 00 00 00 00 00 00 00 01 00 00 00 06 00 2D C6 C1 00 00 03 E8 00 2D C6 C2 00 00 03 E8 00 2D C6 C3 00 00 00 00 00 2D C6 C4 00 01 24 F8 00 2D C6 C5 00 01 24 F8 00 2D C6 C6 00 00 01 F4 00 00 00 04 00 2D C6 C1 05 F5 CD 78 00 2D C6 C2 1D CD 63 0C 00 2D C6 C3 00 00 27 10 00 2D C6 C0 00 0B DD 1C 00 00 00 00 00 00 00 00 00 00 00 00 00 00 00 00 00 00 00 00 00 00 00 00 00 00 00 00 00 00 00 00 00 00 00 0D 01 40 6F 40 01 40 6F 41 01 40 6F 42 01 40 6F 43 01 40 6F 44 01 40 6F 45 01 40 6F 46 01 40 6F 47 01 40 6F 48 01 40 6F 49 01 40 6F 4A 01 40 6F 4B 01 40 6F 4C 00 00 00 00 00 00 00 00 00 00 00 00 00 00 00 00 00 00 00 00 00 00 00 00 00 00 00 00 00 00 00 00
........V:.........D..............<.........x.}.... ...w.CQ\&..,....5Z.....8.@............5d@K<.....t%...+o...I..F...J..,...!.NL..{:...0.0..h...2..#T.h.'.{d..I.....p..?..Z........D......D........................................................................Tobiti...........s...............<.....................................l..H......................-.......-.......-.......-....$..-....$..-...........-.....x.-....c..-....'..-...........................................@o@.@oA.@oB.@oC.@oD.@oE.@oF.@oG.@oH.@oI.@oJ.@oK.@oL................................
2015.11.05.00.24.36;R;14102(0);84;00 00 00 38 25 B3 16 19 00 00 00 06 00 00 02 1B 00 00 00 01 00 00 00 00 00 00 02 1B 00 00 00 04 00 00 00 00 00 00 02 1B 00 00 00 06 00 00 00 00 00 00 02 1B 00 00 00 0C 00 00 00 00 00 00 02 1B 00 00 00 0D 00 00 00 00 00 00 02 1B 00 00 00 0A 00 00 00 00
...8%...............................................................................
2015.11.05.00.24.37;R;10108(0);0;

2015.11.05.00.24.37;S;20108(0);0;

2015.11.05.00.24.38;R;14102(0);12;00 00 00 91 25 B3 16 72 00 00 00 00
....%..r....
2015.11.05.00.24.42;R;10108(0);0;

2015.11.05.00.24.42;S;20108(0);0;

2015.11.05.00.24.43;R;14102(0);12;00 00 01 BE 25 B3 17 9F 00 00 00 00
....%.......
2015.11.05.00.24.47;R;10108(0);0;

2015.11.05.00.24.47;S;20108(0);0;

2015.11.05.00.24.48;R;14102(0);12;00 00 02 EB 25 B3 18 CC 00 00 00 00
....%.......
2015.11.05.00.24.52;R;10108(0);0;

2015.11.05.00.24.52;S;20108(0);0;

2015.11.05.00.24.53;R;14102(0);12;00 00 04 19 25 B3 19 FA 00 00 00 00
....%.......
2015.11.05.00.24.57;R;10108(0);0;

2015.11.05.00.24.57;S;20108(0);0;

2015.11.05.00.24.58;R;14102(0);12;00 00 05 45 25 B3 1B 26 00 00 00 00
...E%..&....
2015.11.05.00.25.02;R;10108(0);0;

2015.11.05.00.25.02;S;20108(0);0;

2015.11.05.00.25.03;R;14102(0);12;00 00 06 72 25 B3 1C 53 00 00 00 00
...r%..S....
2015.11.05.00.25.07;R;10108(0);0;

2015.11.05.00.25.07;S;20108(0);0;

2015.11.05.00.25.08;R;14102(0);12;00 00 07 A0 25 B3 1D 81 00 00 00 00
....%.......
2015.11.05.00.25.12;R;10108(0);0;

2015.11.05.00.25.12;S;20108(0);0;

2015.11.05.00.25.13;R;14102(0);12;00 00 08 CD 25 B3 1E AE 00 00 00 00
....%.......
2015.11.05.00.25.17;R;10108(0);0;

2015.11.05.00.25.17;S;20108(0);0;

2015.11.05.00.25.18;R;14102(0);12;00 00 09 FA 25 B3 1F DB 00 00 00 00
....%.......
2015.11.05.00.25.22;R;10108(0);0;

2015.11.05.00.25.22;S;20108(0);0;

2015.11.05.00.25.23;R;14102(0);12;00 00 0B 27 25 B3 21 08 00 00 00 00
...'%.!.....
2015.11.05.00.25.27;R;10108(0);0;

2015.11.05.00.25.27;S;20108(0);0;

2015.11.05.00.25.28;R;14102(0);12;00 00 0C 54 25 B3 22 35 00 00 00 00
...T%."5....
2015.11.05.00.25.32;R;10108(0);0;

2015.11.05.00.25.32;S;20108(0);0;

2015.11.05.00.25.33;R;14102(0);12;00 00 0D 82 25 B3 23 63 00 00 00 00
....%.#c....
2015.11.05.00.25.37;R;10108(0);0;

2015.11.05.00.25.37;S;20108(0);0;

2015.11.05.00.25.38;R;14102(0);12;00 00 0E AE 25 B3 24 8F 00 00 00 00
....%.$.....
2015.11.05.00.25.42;R;10108(0);0;

2015.11.05.00.25.43;R;14102(0);12;00 00 0F DB 25 B3 25 BC 00 00 00 00
....%.%.....
2015.11.05.00.25.47;R;10108(0);0;

2015.11.05.00.25.48;R;14102(0);12;00 00 11 09 25 B3 26 EA 00 00 00 00
....%.&.....
2015.11.05.00.25.52;R;10108(0);0;

2015.11.05.00.25.53;R;14102(0);12;00 00 12 36 25 B3 28 17 00 00 00 00
...6%.(.....
2015.11.05.00.25.57;R;10108(0);0;

2015.11.05.00.25.58;R;14102(0);12;00 00 13 63 25 B3 29 44 00 00 00 00
...c%.)D....
2015.11.05.00.26.02;R;10108(0);0;

2015.11.05.00.26.03;R;14102(0);12;00 00 14 90 25 B3 2A 71 00 00 00 00
....%.*q....
2015.11.05.00.26.07;R;10108(0);0;

2015.11.05.00.26.08;R;14102(0);12;00 00 15 BD 25 B3 2B 9E 00 00 00 00
....%.+.....
2015.11.05.00.26.12;R;10108(0);0;

2015.11.05.00.26.13;R;14102(0);12;00 00 16 EB 25 B3 2C CC 00 00 00 00
....%.,.....
2015.11.05.00.26.17;R;10108(0);0;

2015.11.05.00.26.18;R;14102(0);12;00 00 18 18 25 B3 2D F9 00 00 00 00
....%.-.....
2015.11.05.00.26.22;R;10108(0);0;

2015.11.05.00.26.23;R;14102(0);12;00 00 19 45 25 B3 2F 26 00 00 00 00
...E%./&....
2015.11.05.00.26.27;R;10108(0);0;

2015.11.05.00.26.28;S;20108(0);0;

2015.11.05.00.26.28;S;20108(0);0;

2015.11.05.00.26.28;S;20108(0);0;

2015.11.05.00.26.28;S;20108(0);0;

2015.11.05.00.26.28;S;20108(0);0;

2015.11.05.00.26.28;S;20108(0);0;

2015.11.05.00.26.28;S;20108(0);0;

2015.11.05.00.26.28;S;20108(0);0;

2015.11.05.00.26.28;S;20108(0);0;

2015.11.05.00.26.28;S;20108(0);0;

2015.11.05.00.26.28;R;14102(0);12;00 00 1A 72 25 B3 30 53 00 00 00 00
...r%.0S....
2015.11.05.00.26.32;R;10108(0);0;

2015.11.05.00.26.32;S;20108(0);0;

2015.11.05.00.26.33;R;14102(0);12;00 00 1B 9F 25 B3 31 80 00 00 00 00
....%.1.....
2015.11.05.00.26.37;R;10108(0);0;

2015.11.05.00.26.37;S;20108(0);0;

2015.11.05.00.26.38;R;14102(0);12;00 00 1C CD 25 B3 32 AE 00 00 00 00
....%.2.....
2015.11.05.00.26.42;R;10108(0);0;

2015.11.05.00.26.42;S;20108(0);0;

2015.11.05.00.26.43;R;14102(0);12;00 00 1D FA 25 B3 33 DB 00 00 00 00
....%.3.....
2015.11.05.00.26.47;R;10108(0);0;

2015.11.05.00.26.47;S;20108(0);0;

2015.11.05.00.26.48;R;14102(0);12;00 00 1F 27 25 B3 35 08 00 00 00 00
...'%.5.....
2015.11.05.00.26.52;R;10108(0);0;

2015.11.05.00.26.52;S;20108(0);0;

2015.11.05.00.26.53;R;14102(0);12;00 00 20 54 25 B3 36 35 00 00 00 00
.. T%.65....
2015.11.05.00.26.57;R;10108(0);0;

2015.11.05.00.26.57;S;20108(0);0;

2015.11.05.00.26.59;R;14102(0);12;00 00 21 81 25 B3 37 62 00 00 00 00
..!.%.7b....
2015.11.05.00.27.02;R;10108(0);0;

2015.11.05.00.27.02;S;20108(0);0;

2015.11.05.00.27.04;R;14102(0);12;00 00 22 AF 25 B3 38 90 00 00 00 00
..".%.8.....
2015.11.05.00.27.08;R;10108(0);0;

2015.11.05.00.27.08;S;20108(0);0;

2015.11.05.00.27.09;R;14102(0);12;00 00 23 DC 25 B3 39 BD 00 00 00 00
..#.%.9.....
2015.11.05.00.27.13;R;10108(0);0;

2015.11.05.00.27.13;S;20108(0);0;

2015.11.05.00.27.14;R;14102(0);12;00 00 25 09 25 B3 3A EA 00 00 00 00
..%.%.:.....
2015.11.05.00.27.18;R;10108(0);0;

2015.11.05.00.27.18;S;20108(0);0;

2015.11.05.00.27.19;R;14102(0);12;00 00 26 36 25 B3 3C 17 00 00 00 00
..&6%.<.....
2015.11.05.00.27.23;R;10108(0);0;

2015.11.05.00.27.23;S;20108(0);0;

2015.11.05.00.27.24;R;14102(0);12;00 00 27 63 25 B3 3D 44 00 00 00 00
..'c%.=D....
2015.11.05.00.27.28;R;10108(0);0;

2015.11.05.00.27.28;S;20108(0);0;

2015.11.05.00.27.29;R;14102(0);12;00 00 28 90 25 B3 3E 71 00 00 00 00
..(.%.>q....
2015.11.05.00.27.33;R;10108(0);0;

2015.11.05.00.27.33;S;20108(0);0;

2015.11.05.00.27.34;R;14102(0);12;00 00 29 BD 25 B3 3F 9E 00 00 00 00
..).%.?.....
2015.11.05.00.27.38;R;10108(0);0;

2015.11.05.00.27.38;S;20108(0);0;

2015.11.05.00.27.39;R;14102(0);12;00 00 2A EA 25 B3 40 CB 00 00 00 00
..*.%.@.....
2015.11.05.00.27.43;R;10108(0);0;

2015.11.05.00.27.43;S;20108(0);0;

2015.11.05.00.27.44;R;14102(0);12;00 00 2C 18 25 B3 41 F9 00 00 00 00
..,.%.A.....
2015.11.05.00.27.48;R;10108(0);0;

2015.11.05.00.27.48;S;20108(0);0;

2015.11.05.00.27.49;R;14102(0);12;00 00 2D 45 25 B3 43 26 00 00 00 00
..-E%.C&....
2015.11.05.00.27.53;R;10108(0);0;

2015.11.05.00.27.53;S;20108(0);0;

2015.11.05.00.27.54;R;14102(0);12;00 00 2E 72 25 B3 44 53 00 00 00 00
...r%.DS....
2015.11.05.00.27.58;R;10108(0);0;

2015.11.05.00.27.58;S;20108(0);0;

2015.11.05.00.27.59;R;14102(0);12;00 00 2F 9F 25 B3 45 80 00 00 00 00
../.%.E.....
2015.11.05.00.28.03;R;10108(0);0;

2015.11.05.00.28.03;S;20108(0);0;

2015.11.05.00.28.04;R;14102(0);12;00 00 30 CC 25 B3 46 AD 00 00 00 00
..0.%.F.....
2015.11.05.00.28.08;R;10108(0);0;

2015.11.05.00.28.08;S;20108(0);0;

2015.11.05.00.28.09;R;14102(0);12;00 00 31 FA 25 B3 47 DB 00 00 00 00
..1.%.G.....
2015.11.05.00.28.13;R;10108(0);0;

2015.11.05.00.28.13;S;20108(0);0;

2015.11.05.00.28.14;R;14102(0);12;00 00 33 27 25 B3 49 08 00 00 00 00
..3'%.I.....
2015.11.05.00.28.18;R;10108(0);0;

2015.11.05.00.28.18;S;20108(0);0;

2015.11.05.00.28.19;R;14102(0);12;00 00 34 54 25 B3 4A 35 00 00 00 00
..4T%.J5....
2015.11.05.00.28.23;R;10108(0);0;

2015.11.05.00.28.23;S;20108(0);0;

2015.11.05.00.28.24;R;14102(0);12;00 00 35 81 25 B3 4B 62 00 00 00 00
..5.%.Kb....
2015.11.05.00.28.28;R;10108(0);0;

2015.11.05.00.28.28;S;20108(0);0;

2015.11.05.00.28.29;R;14102(0);12;00 00 36 AE 25 B3 4C 8F 00 00 00 00
..6.%.L.....
2015.11.05.00.28.33;R;10108(0);0;

2015.11.05.00.28.33;S;20108(0);0;

2015.11.05.00.28.34;R;14102(0);12;00 00 37 DC 25 B3 4D BD 00 00 00 00
..7.%.M.....
2015.11.05.00.28.38;R;10108(0);0;

2015.11.05.00.28.38;S;20108(0);0;

2015.11.05.00.28.39;R;14102(0);12;00 00 39 09 25 B3 4E EA 00 00 00 00
..9.%.N.....
2015.11.05.00.28.43;R;10108(0);0;

2015.11.05.00.28.43;S;20108(0);0;

2015.11.05.00.28.44;R;14102(0);12;00 00 3A 36 25 B3 50 17 00 00 00 00
..:6%.P.....
2015.11.05.00.28.48;R;10108(0);0;

2015.11.05.00.28.48;S;20108(0);0;

2015.11.05.00.28.49;R;14102(0);12;00 00 3B 63 25 B3 51 44 00 00 00 00
..;c%.QD....
2015.11.05.00.28.53;R;10108(0);0;

2015.11.05.00.28.53;S;20108(0);0;

2015.11.05.00.28.54;R;14102(0);12;00 00 3C 90 25 B3 52 71 00 00 00 00
..<.%.Rq....
2015.11.05.00.28.58;R;10108(0);0;

2015.11.05.00.28.58;S;20108(0);0;

2015.11.05.00.28.59;R;14102(0);12;00 00 3D BE 25 B3 53 9F 00 00 00 00
..=.%.S.....
2015.11.05.00.29.03;R;10108(0);0;

2015.11.05.00.29.03;S;20108(0);0;

2015.11.05.00.29.04;R;14102(0);12;00 00 3E EB 25 B3 54 CC 00 00 00 00
..>.%.T.....
2015.11.05.00.29.08;R;10108(0);0;

2015.11.05.00.29.08;S;20108(0);0;

2015.11.05.00.29.09;R;14102(0);12;00 00 40 18 25 B3 55 F9 00 00 00 00
..@.%.U.....
2015.11.05.00.29.13;R;10108(0);0;

2015.11.05.00.29.13;S;20108(0);0;

2015.11.05.00.29.14;R;14102(0);12;00 00 41 45 25 B3 57 26 00 00 00 00
..AE%.W&....
2015.11.05.00.29.18;R;10108(0);0;

2015.11.05.00.29.18;S;20108(0);0;

2015.11.05.00.29.19;R;14102(0);12;00 00 42 72 25 B3 58 53 00 00 00 00
..Br%.XS....
2015.11.05.00.29.23;R;10108(0);0;

2015.11.05.00.29.23;S;20108(0);0;

2015.11.05.00.29.24;R;14102(0);12;00 00 43 A0 25 B3 59 81 00 00 00 00
..C.%.Y.....
2015.11.05.00.29.28;R;10108(0);0;

2015.11.05.00.29.29;R;14102(0);12;00 00 44 CD 25 B3 5A AE 00 00 00 00
..D.%.Z.....
2015.11.05.00.29.32;S;20108(0);0;

2015.11.05.00.29.33;R;10108(0);0;

2015.11.05.00.29.33;S;20108(0);0;

2015.11.05.00.29.34;R;14102(0);12;00 00 45 FA 25 B3 5B DB 00 00 00 00
..E.%.[.....
2015.11.05.00.29.38;R;14102(0);24;00 00 46 E4 25 B3 5C D9 00 00 00 01 00 00 02 0B 01 5E F3 C6 00 00 46 A6
..F.%.\..........^....F.
2015.11.05.00.29.38;R;10108(0);0;

2015.11.05.00.29.38;S;20108(0);0;

2015.11.05.00.29.39;R;14102(0);12;00 00 47 27 25 B3 5D 1C 00 00 00 00
..G'%.].....
2015.11.05.00.29.43;R;10108(0);0;

2015.11.05.00.29.43;S;20108(0);0;

2015.11.05.00.29.44;R;14102(0);12;00 00 48 54 25 B3 5E 49 00 00 00 00
..HT%.^I....
2015.11.05.00.29.46;R;14102(0);24;00 00 48 BF 25 B3 5E C8 00 00 00 01 00 00 02 0B 01 5E F3 D5 00 00 48 81
..H.%.^..........^....H.
2015.11.05.00.29.48;R;10108(0);0;

2015.11.05.00.29.48;S;20108(0);0;

2015.11.05.00.29.49;R;14102(0);12;00 00 49 7A 25 B3 5F 83 00 00 00 00
..Iz%._.....
2015.11.05.00.29.53;R;10108(0);0;

2015.11.05.00.29.53;S;20108(0);0;

2015.11.05.00.29.54;R;14102(0);12;00 00 4A A8 25 B3 60 B1 00 00 00 00
..J.%.`.....
2015.11.05.00.29.57;R;14102(0);20;00 00 4B 5D 25 B3 61 66 00 00 00 01 00 00 02 20 00 00 4B 1F
..K]%.af....... ..K.
2015.11.05.00.29.58;R;10108(0);0;

2015.11.05.00.29.58;S;20108(0);0;

2015.11.05.00.29.59;R;14102(0);12;00 00 4B D5 25 B3 61 DE 00 00 00 00
..K.%.a.....
2015.11.05.00.30.01;R;14102(0);24;00 00 4C 34 25 B3 62 B5 00 00 00 01 00 00 02 0B 01 5E F3 D6 00 00 4B F5
..L4%.b..........^....K.
2015.11.05.00.30.03;R;10108(0);0;

2015.11.05.00.30.03;S;20108(0);0;

2015.11.05.00.30.04;R;14102(0);12;00 00 4D 02 25 B3 63 83 00 00 00 00
..M.%.c.....
2015.11.05.00.30.08;R;10108(0);0;

2015.11.05.00.30.09;R;14102(0);12;00 00 4E 2F 25 B3 64 B0 00 00 00 00
..N/%.d.....
2015.11.05.00.30.13;R;10108(0);0;

2015.11.05.00.30.14;S;20108(0);0;

2015.11.05.00.30.14;S;20108(0);0;

2015.11.05.00.30.14;R;14102(0);12;00 00 4F 5C 25 B3 65 DD 00 00 00 00
..O\%.e.....
2015.11.05.00.30.18;R;10108(0);0;

2015.11.05.00.30.18;S;20108(0);0;

2015.11.05.00.30.19;R;14102(0);24;00 00 50 61 25 B3 6C BF 00 00 00 01 00 00 02 0B 01 5E F3 D7 00 00 50 23
..Pa%.l..........^....P#
2015.11.05.00.30.23;R;10108(0);0;

2015.11.05.00.30.23;S;20108(0);0;

2015.11.05.00.30.24;R;14102(0);12;00 00 51 B7 25 B3 6E 15 00 00 00 00
..Q.%.n.....
2015.11.05.00.30.28;R;10108(0);0;

2015.11.05.00.30.28;S;20108(0);0;

2015.11.05.00.30.29;R;14102(0);12;00 00 52 E4 25 B3 6F 42 00 00 00 00
..R.%.oB....
2015.11.05.00.30.33;R;10108(0);0;

2015.11.05.00.30.33;S;20108(0);0;

2015.11.05.00.30.34;R;14102(0);12;00 00 54 11 25 B3 70 6F 00 00 00 00
..T.%.po....
2015.11.05.00.30.38;R;10108(0);0;

2015.11.05.00.30.38;S;20108(0);0;

2015.11.05.00.30.39;R;14102(0);12;00 00 55 3E 25 B3 71 9C 00 00 00 00
..U>%.q.....
2015.11.05.00.30.43;R;10108(0);0;

2015.11.05.00.30.43;S;20108(0);0;

2015.11.05.00.30.44;R;14102(0);12;00 00 56 6C 25 B3 72 CA 00 00 00 00
..Vl%.r.....
2015.11.05.00.30.48;R;10108(0);0;

2015.11.05.00.30.48;S;20108(0);0;

2015.11.05.00.30.49;R;14102(0);12;00 00 57 99 25 B3 73 F7 00 00 00 00
..W.%.s.....
2015.11.05.00.30.53;R;10108(0);0;

2015.11.05.00.30.53;S;20108(0);0;

2015.11.05.00.30.54;R;14102(0);12;00 00 58 C6 25 B3 75 24 00 00 00 00
..X.%.u$....
2015.11.05.00.30.58;R;10108(0);0;

2015.11.05.00.30.58;S;20108(0);0;

2015.11.05.00.30.59;R;14102(0);12;00 00 59 F3 25 B3 76 51 00 00 00 00
..Y.%.vQ....
2015.11.05.00.31.03;R;10108(0);0;

2015.11.05.00.31.03;S;20108(0);0;

2015.11.05.00.31.04;R;14102(0);12;00 00 5B 20 25 B3 77 7E 00 00 00 00
..[ %.w~....
2015.11.05.00.31.08;R;10108(0);0;

2015.11.05.00.31.08;S;20108(0);0;

2015.11.05.00.31.09;R;14102(0);12;00 00 5C 4E 25 B3 78 AC 00 00 00 00
..\N%.x.....
2015.11.05.00.31.13;R;10108(0);0;

2015.11.05.00.31.13;S;20108(0);0;

2015.11.05.00.31.15;R;14102(0);12;00 00 5D 7B 25 B3 79 D9 00 00 00 00
..]{%.y.....
2015.11.05.00.31.18;R;10108(0);0;

2015.11.05.00.31.18;S;20108(0);0;

2015.11.05.00.31.20;R;14102(0);12;00 00 5E A8 25 B3 7B 06 00 00 00 00
..^.%.{.....
2015.11.05.00.31.24;R;10108(0);0;

2015.11.05.00.31.24;S;20108(0);0;

2015.11.05.00.31.25;R;14102(0);12;00 00 5F D5 25 B3 7C 33 00 00 00 00
.._.%.|3....
2015.11.05.00.31.29;R;10108(0);0;

2015.11.05.00.31.29;S;20108(0);0;

2015.11.05.00.31.30;R;14102(0);12;00 00 61 02 25 B3 7D 60 00 00 00 00
..a.%.}`....
2015.11.05.00.31.34;R;10108(0);0;

2015.11.05.00.31.34;S;20108(0);0;

2015.11.05.00.31.35;R;14102(0);12;00 00 62 30 25 B3 7E 8E 00 00 00 00
..b0%.~.....
2015.11.05.00.31.39;R;10108(0);0;

2015.11.05.00.31.39;S;20108(0);0;

2015.11.05.00.31.40;R;14102(0);12;00 00 63 5D 25 B3 7F BB 00 00 00 00
..c]%......
2015.11.05.00.31.44;R;10108(0);0;

2015.11.05.00.31.44;S;20108(0);0;

2015.11.05.00.31.45;R;14102(0);12;00 00 64 8A 25 B3 80 E8 00 00 00 00
..d.%.......
2015.11.05.00.31.49;R;10108(0);0;

2015.11.05.00.31.49;S;20108(0);0;

2015.11.05.00.31.50;R;14102(0);12;00 00 65 B7 25 B3 82 15 00 00 00 00
..e.%.......
2015.11.05.00.31.54;R;10108(0);0;

2015.11.05.00.31.54;S;20108(0);0;

2015.11.05.00.31.55;R;14102(0);12;00 00 66 E4 25 B3 83 42 00 00 00 00
..f.%..B....
2015.11.05.00.31.59;R;10108(0);0;

2015.11.05.00.31.59;S;20108(0);0;

2015.11.05.00.32.00;R;14102(0);12;00 00 68 12 25 B3 84 70 00 00 00 00
..h.%..p....
2015.11.05.00.32.04;R;10108(0);0;

2015.11.05.00.32.04;S;20108(0);0;

2015.11.05.00.32.05;R;14102(0);12;00 00 69 38 25 B3 85 96 00 00 00 00
..i8%.......
2015.11.05.00.32.09;R;10108(0);0;

2015.11.05.00.32.09;S;20108(0);0;

2015.11.05.00.32.10;R;14102(0);12;00 00 6A 65 25 B3 86 C3 00 00 00 00
..je%.......
2015.11.05.00.32.14;R;10108(0);0;

2015.11.05.00.32.14;S;20108(0);0;

2015.11.05.00.32.15;R;14102(0);12;00 00 6B 92 25 B3 87 F0 00 00 00 00
..k.%.......
2015.11.05.00.32.19;R;10108(0);0;

2015.11.05.00.32.19;S;20108(0);0;

2015.11.05.00.32.20;R;14102(0);12;00 00 6C BF 25 B3 89 1D 00 00 00 00
..l.%.......
2015.11.05.00.32.24;R;10108(0);0;

2015.11.05.00.32.24;S;20108(0);0;

2015.11.05.00.32.25;R;14102(0);12;00 00 6D EC 25 B3 8A 4A 00 00 00 00
..m.%..J....
2015.11.05.00.32.29;R;10108(0);0;

2015.11.05.00.32.29;S;20108(0);0;

2015.11.05.00.32.30;R;14102(0);12;00 00 6F 1A 25 B3 8B 78 00 00 00 00
..o.%..x....
2015.11.05.00.32.34;R;10108(0);0;

2015.11.05.00.32.34;S;20108(0);0;

2015.11.05.00.32.35;R;14102(0);12;00 00 70 47 25 B3 8C A5 00 00 00 00
..pG%.......
2015.11.05.00.32.39;R;10108(0);0;

2015.11.05.00.32.39;S;20108(0);0;

2015.11.05.00.32.40;R;14102(0);12;00 00 71 74 25 B3 8D D2 00 00 00 00
..qt%.......
2015.11.05.00.32.44;R;10108(0);0;

2015.11.05.00.32.44;S;20108(0);0;

2015.11.05.00.32.45;R;14102(0);12;00 00 72 A1 25 B3 8E FF 00 00 00 00
..r.%.......
2015.11.05.00.46.07;R;10101(7);250;00 00 00 44 00 CE 92 D7 00 00 00 28 37 34 32 74 33 6A 39 6D 6D 32 74 78 72 70 73 70 38 78 7A 6A 6D 6D 7A 78 34 62 79 79 72 62 70 68 6A 62 67 63 78 73 77 6E 00 00 00 07 00 00 00 00 00 00 00 C8 00 00 00 10 75 63 73 6F 66 66 69 63 69 61 6C 70 61 74 63 68 00 00 00 00 00 00 00 10 64 63 66 32 30 61 63 32 33 35 30 63 63 35 35 65 FF FF FF FF 00 00 00 10 53 41 4D 53 55 4E 47 2D 53 4D 2D 4E 39 30 30 41 00 1E 84 82 00 00 00 02 64 65 00 00 00 24 35 35 37 66 62 62 65 62 2D 30 35 35 35 2D 34 38 38 33 2D 62 37 65 32 2D 37 37 32 32 62 38 64 63 30 61 63 32 00 00 00 05 34 2E 34 2E 32 01 00 00 00 00 00 00 00 10 64 63 66 32 30 61 63 32 33 35 30 63 63 35 35 65 00 00 00 00 01 00 00 00 00 38 8C 83 41 02 00 00 00 00 00 00 00 00 00 00 00 08 37 2E 32 30 30 2E 31 39
...D......(742t3j9mm2txrpsp8xzjmmzx4byyrbphjbgcxswn................ucsofficialpatch........dcf20ac2350cc55e........SAMSUNG-SM-N900A........de...$557fbbeb-0555-4883-b7e2-7722b8dc0ac2....4.4.2.........dcf20ac2350cc55e.........8..A.............7.200.19
2015.11.05.00.46.08;S;20000(0);24;00 00 00 10 D7 16 28 A8 08 D2 3C 1D D9 26 A4 B2 1C B4 B9 32 00 00 00 01
......(...<..&.....2....
2015.11.05.00.46.08;S;20104(1);167;00 00 00 44 00 CE 92 D7 00 00 00 44 00 CE 92 D7 00 00 00 28 37 34 32 74 33 6A 39 6D 6D 32 74 78 72 70 73 70 38 78 7A 6A 6D 6D 7A 78 34 62 79 79 72 62 70 68 6A 62 67 63 78 73 77 6E FF FF FF FF FF FF FF FF 00 00 00 07 00 00 00 C8 00 00 00 00 00 00 00 05 73 74 61 74 65 00 00 00 0A 00 00 00 00 00 00 00 00 00 00 00 07 73 6F 6D 65 69 64 31 00 00 00 0D 31 34 34 36 36 38 30 37 36 38 30 33 33 00 00 00 0D 31 34 31 34 30 30 33 38 33 38 30 30 30 00 00 00 00 00 00 00 07 73 6F 6D 65 69 64 32 00 00 00 02 55 53
...D......D......(742t3j9mm2txrpsp8xzjmmzx4byyrbphjbgcxswn........................state................someid1....1446680768033....1414003838000........someid2....US
2015.11.05.00.46.08;S;24101(0);576;00 00 00 00 FF FF FF FF 56 3A 98 C0 00 00 00 00 00 00 00 44 00 CE 92 D7 00 00 00 00 00 00 04 B0 00 00 00 3C 01 00 00 00 92 FF FF 00 00 78 DA 7D CE C1 0E 83 20 0C 06 E0 77 E9 99 43 51 5C 26 AF B2 2C 0B 1B C4 90 10 35 5A 97 19 E3 BB AF 0A 17 38 C8 A1 40 F9 F2 97 0D DE 8B 0F D6 F7 DD 0C FA B1 81 35 64 40 4B 3C 96 14 10 BE 01 74 25 E0 C7 95 AF 2B 6F B8 8B 8C 49 95 18 46 D6 9C AC AE 4A D6 E4 2C A5 A9 82 21 E6 AC 4E 4C C0 D2 7B 3A FE F8 14 30 D3 30 99 CE BD 68 1D 1D CB 32 A2 CD 23 54 8C 68 AF 27 C9 7B 64 B7 CB 49 DC A2 C9 8C E9 D5 BA CF 70 1E F7 3F 92 CF 5A 84 00 00 00 00 00 00 00 44 00 CE 92 D7 00 00 00 44 00 CE 92 D7 00 00 00 00 00 00 00 00 00 00 00 00 00 00 00 00 00 00 00 00 00 00 00 00 00 00 00 00 00 00 00 00 00 00 00 00 00 00 00 00 00 00 00 00 00 00 00 00 09 00 00 00 00 00 00 00 00 00 00 00 00 00 00 00 02 00 00 00 06 54 6F 62 69 74 69 FF FF FF FF 00 00 00 09 00 00 00 73 00 0B DC DF 00 0B DC DF 00 00 04 B0 00 00 00 3C 00 00 0F A0 00 00 00 00 00 00 00 00 00 00 00 00 00 00 00 00 00 00 00 00 00 00 00 00 00 00 00 00 01 00 00 00 DC 6C F5 EB 48 01 00 00 00 00 00 00 00 00 00 00 00 00 00 00 00 01 00 00 00 06 00 2D C6 C1 00 00 03 E8 00 2D C6 C2 00 00 03 E8 00 2D C6 C3 00 00 00 00 00 2D C6 C4 00 01 24 F8 00 2D C6 C5 00 01 24 F8 00 2D C6 C6 00 00 01 F4 00 00 00 04 00 2D C6 C1 05 F5 CD 78 00 2D C6 C2 1D CD 63 0C 00 2D C6 C3 00 00 27 10 00 2D C6 C0 00 0B DD 1C 00 00 00 00 00 00 00 00 00 00 00 00 00 00 00 00 00 00 00 00 00 00 00 00 00 00 00 00 00 00 00 00 00 00 00 0D 01 40 6F 40 01 40 6F 41 01 40 6F 42 01 40 6F 43 01 40 6F 44 01 40 6F 45 01 40 6F 46 01 40 6F 47 01 40 6F 48 01 40 6F 49 01 40 6F 4A 01 40 6F 4B 01 40 6F 4C 00 00 00 00 00 00 00 00 00 00 00 00 00 00 00 00 00 00 00 00 00 00 00 00 00 00 00 00 00 00 00 00
........V:.........D..............<.........x.}.... ...w.CQ\&..,....5Z.....8.@............5d@K<.....t%...+o...I..F...J..,...!.NL..{:...0.0..h...2..#T.h.'.{d..I.....p..?..Z........D......D........................................................................Tobiti...........s...............<.....................................l..H......................-.......-.......-.......-....$..-....$..-...........-.....x.-....c..-....'..-...........................................@o@.@oA.@oB.@oC.@oD.@oE.@oF.@oG.@oH.@oI.@oJ.@oK.@oL................................
2015.11.05.00.46.11;R;14102(0);84;00 00 00 34 25 B3 16 15 00 00 00 06 00 00 02 1B 00 00 00 01 00 00 00 00 00 00 02 1B 00 00 00 04 00 00 00 00 00 00 02 1B 00 00 00 06 00 00 00 00 00 00 02 1B 00 00 00 0C 00 00 00 00 00 00 02 1B 00 00 00 0D 00 00 00 00 00 00 02 1B 00 00 00 0A 00 00 00 00
...4%...............................................................................
2015.11.05.00.46.12;R;10108(0);0;

2015.11.05.00.46.12;S;20108(0);0;

2015.11.05.00.46.13;R;14102(0);12;00 00 00 7D 25 B3 16 5E 00 00 00 00
...}%..^....
2015.11.05.00.46.17;R;10108(0);0;

2015.11.05.00.46.17;S;20108(0);0;

2015.11.05.00.46.18;R;14102(0);12;00 00 01 AB 25 B3 17 8C 00 00 00 00
....%.......
2015.11.05.00.46.22;R;10108(0);0;

2015.11.05.00.46.22;S;20108(0);0;

2015.11.05.00.46.23;R;14102(0);12;00 00 02 D8 25 B3 18 B9 00 00 00 00
....%.......
2015.11.05.00.46.27;R;10108(0);0;

2015.11.05.00.46.27;S;20108(0);0;

2015.11.05.00.46.28;R;14102(0);12;00 00 04 05 25 B3 19 E6 00 00 00 00
....%.......
2015.11.05.00.46.32;R;10108(0);0;

2015.11.05.00.46.32;S;20108(0);0;

2015.11.05.00.46.33;R;14102(0);12;00 00 05 32 25 B3 1B 13 00 00 00 00
...2%.......
2015.11.05.00.46.37;R;10108(0);0;

2015.11.05.00.46.37;S;20108(0);0;

2015.11.05.00.46.38;R;14102(0);12;00 00 06 5F 25 B3 1C 40 00 00 00 00
..._%..@....
2015.11.05.00.46.42;R;10108(0);0;

2015.11.05.00.46.42;S;20108(0);0;

2015.11.05.00.46.43;R;14102(0);12;00 00 07 8D 25 B3 1D 6E 00 00 00 00
....%..n....
2015.11.05.00.46.47;R;10108(0);0;

2015.11.05.00.46.47;S;20108(0);0;

2015.11.05.00.46.48;R;14102(0);12;00 00 08 BA 25 B3 1E 9B 00 00 00 00
....%.......
2015.11.05.00.46.52;R;10108(0);0;

2015.11.05.00.46.52;S;20108(0);0;

2015.11.05.00.46.53;R;14102(0);12;00 00 09 E7 25 B3 1F C8 00 00 00 00
....%.......
2015.11.05.00.46.57;R;10108(0);0;

2015.11.05.00.46.57;S;20108(0);0;

2015.11.05.00.46.58;R;14102(0);12;00 00 0B 14 25 B3 20 F5 00 00 00 00
....%. .....
2015.11.05.00.47.02;R;10108(0);0;

2015.11.05.00.47.02;S;20108(0);0;

2015.11.05.00.47.03;R;14102(0);12;00 00 0C 41 25 B3 22 22 00 00 00 00
...A%.""....
2015.11.05.00.47.07;R;10108(0);0;

2015.11.05.00.47.07;S;20108(0);0;

2015.11.05.00.47.08;R;14102(0);12;00 00 0D 6F 25 B3 23 50 00 00 00 00
...o%.#P....
2015.11.05.00.47.12;R;10108(0);0;

2015.11.05.00.47.12;S;20108(0);0;

2015.11.05.00.47.13;R;14102(0);12;00 00 0E 9C 25 B3 24 7D 00 00 00 00
....%.$}....
2015.11.05.00.47.17;R;14102(0);24;00 00 0F 89 25 B3 25 7E 00 00 00 01 00 00 02 0B 01 5E F3 C6 00 00 0F 4B
....%.%~.........^.....K
2015.11.05.00.48.07;R;10108(0);0;

2015.11.05.00.48.07;R;14102(0);12;00 00 0F C9 25 B3 25 BE 00 00 00 00
....%.%.....
2015.11.05.00.48.07;R;10108(0);0;

2015.11.05.00.48.07;R;14102(0);12;00 00 10 F6 25 B3 26 EB 00 00 00 00
....%.&.....
2015.11.05.00.48.09;R;10108(0);0;

2015.11.05.00.48.09;R;14102(0);12;00 00 12 23 25 B3 28 18 00 00 00 00
...#%.(.....
2015.11.05.00.48.09;R;10108(0);0;

2015.11.05.00.48.09;R;14102(0);12;00 00 13 51 25 B3 29 46 00 00 00 00
...Q%.)F....
2015.11.05.00.48.09;R;10108(0);0;

2015.11.05.00.48.09;R;14102(0);12;00 00 14 7E 25 B3 2A 73 00 00 00 00
...~%.*s....
2015.11.05.00.48.09;R;10108(0);0;

2015.11.05.00.48.09;R;14102(0);12;00 00 15 AB 25 B3 2B A0 00 00 00 00
....%.+.....
2015.11.05.00.48.09;R;10108(0);0;

2015.11.05.00.48.09;R;14102(0);12;00 00 16 D8 25 B3 2C CD 00 00 00 00
....%.,.....
2015.11.05.00.48.09;R;10108(0);0;

2015.11.05.00.48.09;R;14102(0);12;00 00 18 05 25 B3 2D FA 00 00 00 00
....%.-.....
2015.11.05.00.48.09;R;10108(0);0;

2015.11.05.00.48.09;R;14102(0);12;00 00 19 33 25 B3 2F 28 00 00 00 00
...3%./(....
2015.11.05.00.48.09;R;10108(0);0;

2015.11.05.00.48.09;R;14102(0);12;00 00 1A 60 25 B3 30 55 00 00 00 00
...`%.0U....
2015.11.05.00.48.09;R;10108(0);0;

2015.11.05.00.48.09;R;14102(0);12;00 00 1B 8D 25 B3 31 82 00 00 00 00
....%.1.....
2015.11.05.00.48.09;S;20108(0);0;

2015.11.05.00.48.09;S;20108(0);0;

2015.11.05.00.48.09;S;20108(0);0;

2015.11.05.00.48.09;S;20108(0);0;

2015.11.05.00.48.09;S;20108(0);0;

2015.11.05.00.48.09;S;20108(0);0;

2015.11.05.00.48.09;S;20108(0);0;

2015.11.05.00.48.09;S;20108(0);0;

2015.11.05.00.48.09;S;20108(0);0;

2015.11.05.00.48.09;S;20108(0);0;

2015.11.05.00.48.09;S;20108(0);0;

2015.11.05.00.48.12;R;10108(0);0;

2015.11.05.00.48.12;S;20108(0);0;

2015.11.05.00.48.13;R;14102(0);12;00 00 1C BA 25 B3 32 AF 00 00 00 00
....%.2.....
2015.11.05.00.48.17;R;10108(0);0;

2015.11.05.00.48.17;S;20108(0);0;

2015.11.05.00.48.18;R;14102(0);12;00 00 1D E7 25 B3 33 DC 00 00 00 00
....%.3.....
2015.11.05.00.48.22;R;10108(0);0;

2015.11.05.00.48.22;S;20108(0);0;

2015.11.05.00.48.23;R;14102(0);12;00 00 1F 15 25 B3 35 0A 00 00 00 00
....%.5.....
2015.11.05.00.48.25;R;14102(0);25;00 00 1F 91 25 B2 D3 DE 00 00 00 01 00 00 01 F6 1D CD 65 00 00 00 00 1F 5A
....%.............e.....Z
2015.11.05.00.48.27;R;10108(0);0;

2015.11.05.00.48.27;S;20108(0);0;

2015.11.05.00.48.29;R;14102(0);24;00 00 20 56 25 B2 D2 34 00 00 00 01 00 00 01 F8 1D CD 65 00 00 00 20 18
.. V%..4..........e... .
2015.11.05.00.48.32;R;10108(0);0;

2015.11.05.00.48.32;S;20108(0);0;

2015.11.05.00.48.33;R;14102(0);12;00 00 21 68 25 B2 D3 46 00 00 00 00
..!h%..F....
2015.11.05.00.48.37;R;10108(0);0;

2015.11.05.00.48.38;R;14102(0);12;00 00 22 95 25 B2 D4 73 00 00 00 00
..".%..s....
2015.11.05.00.48.39;S;20108(0);0;

2015.11.05.00.48.42;R;10108(0);0;

2015.11.05.00.48.42;S;20108(0);0;

2015.11.05.00.48.43;R;14102(0);12;00 00 23 C2 25 B2 D5 A0 00 00 00 00
..#.%......
2015.11.05.00.48.47;R;10108(0);0;

2015.11.05.00.48.47;S;20108(0);0;

2015.11.05.00.48.48;R;14102(0);12;00 00 24 EF 25 B2 D6 CD 00 00 00 00
..$.%.......
2015.11.05.00.48.52;R;10108(0);0;

2015.11.05.00.48.52;S;20108(0);0;

2015.11.05.00.48.53;R;14102(0);12;00 00 26 1D 25 B2 D7 FB 00 00 00 00
..&.%.......
2015.11.05.00.48.57;R;10108(0);0;

2015.11.05.00.48.57;S;20108(0);0;

2015.11.05.00.48.58;R;14102(0);12;00 00 27 4A 25 B2 D9 28 00 00 00 00
..'J%..(....
2015.11.05.00.49.02;R;10108(0);0;

2015.11.05.00.49.02;S;20108(0);0;

2015.11.05.00.49.03;R;14102(0);12;00 00 28 77 25 B2 DA 55 00 00 00 00
..(w%..U....
2015.11.05.00.49.07;R;10108(0);0;

2015.11.05.00.49.07;S;20108(0);0;

2015.11.05.00.49.08;R;14102(0);12;00 00 29 A4 25 B2 DB 82 00 00 00 00
..).%......
2015.11.05.00.49.12;R;10108(0);0;

2015.11.05.00.49.12;S;20108(0);0;

2015.11.05.00.49.13;R;14102(0);12;00 00 2A D1 25 B2 DC AF 00 00 00 00
..*.%......
2015.11.05.00.49.17;R;10108(0);0;

2015.11.05.00.49.17;S;20108(0);0;

2015.11.05.00.49.18;R;14102(0);12;00 00 2B FF 25 B2 DD DD 00 00 00 00
..+.%.......
2015.11.05.00.49.22;R;10108(0);0;

2015.11.05.00.49.22;S;20108(0);0;

2015.11.05.00.49.23;R;14102(0);12;00 00 2D 2C 25 B2 DF 0A 00 00 00 00
..-,%.......
2015.11.05.00.49.27;R;10108(0);0;

2015.11.05.00.49.27;S;20108(0);0;

2015.11.05.00.49.28;R;14102(0);12;00 00 2E 59 25 B2 E0 37 00 00 00 00
...Y%..7....
2015.11.05.00.49.32;R;10108(0);0;

2015.11.05.00.49.32;S;20108(0);0;

2015.11.05.00.49.33;R;14102(0);12;00 00 2F 86 25 B2 E1 64 00 00 00 00
../.%..d....
2015.11.05.00.49.37;R;10108(0);0;

2015.11.05.00.49.37;S;20108(0);0;

2015.11.05.00.49.38;R;14102(0);12;00 00 30 B3 25 B2 E2 91 00 00 00 00
..0.%......
2015.11.05.00.49.42;R;10108(0);0;

2015.11.05.00.49.42;S;20108(0);0;

2015.11.05.00.49.43;R;14102(0);12;00 00 31 E1 25 B2 E3 BF 00 00 00 00
..1.%......
2015.11.05.00.49.47;R;10108(0);0;

2015.11.05.00.49.47;S;20108(0);0;

2015.11.05.00.49.48;R;14102(0);12;00 00 33 0E 25 B2 E4 EC 00 00 00 00
..3.%.......
2015.11.05.00.49.52;R;10108(0);0;

2015.11.05.00.49.52;S;20108(0);0;

2015.11.05.00.49.53;R;14102(0);12;00 00 34 3B 25 B2 E6 19 00 00 00 00
..4;%.......
2015.11.05.00.49.57;R;10108(0);0;

2015.11.05.00.49.57;S;20108(0);0;

2015.11.05.00.49.58;R;14102(0);12;00 00 35 68 25 B2 E7 46 00 00 00 00
..5h%..F....
2015.11.05.00.50.02;R;10108(0);0;

2015.11.05.00.50.02;S;20108(0);0;

2015.11.05.00.50.03;R;14102(0);12;00 00 36 95 25 B2 E8 73 00 00 00 00
..6.%..s....
2015.11.05.00.50.07;R;10108(0);0;

2015.11.05.00.50.07;S;20108(0);0;

2015.11.05.00.50.09;R;14102(0);12;00 00 37 C2 25 B2 E9 A0 00 00 00 00
..7.%......
2015.11.05.00.50.12;R;10108(0);0;

2015.11.05.00.50.12;S;20108(0);0;

2015.11.05.00.50.14;R;14102(0);12;00 00 38 F0 25 B2 EA CE 00 00 00 00
..8.%.......
2015.11.05.00.50.18;R;10108(0);0;

2015.11.05.00.50.18;S;20108(0);0;

2015.11.05.00.50.19;R;14102(0);12;00 00 3A 1D 25 B2 EB FB 00 00 00 00
..:.%.......
2015.11.05.00.50.23;R;10108(0);0;

2015.11.05.00.50.23;S;20108(0);0;

2015.11.05.00.50.24;R;14102(0);12;00 00 3B 4A 25 B2 ED 28 00 00 00 00
..;J%..(....
2015.11.05.00.50.28;R;10108(0);0;

2015.11.05.00.50.28;S;20108(0);0;

2015.11.05.00.50.29;R;14102(0);12;00 00 3C 77 25 B2 EE 55 00 00 00 00
..<w%..U....
2015.11.05.00.50.33;R;10108(0);0;

2015.11.05.00.50.33;S;20108(0);0;

2015.11.05.00.50.34;R;14102(0);12;00 00 3D A4 25 B2 EF 82 00 00 00 00
..=.%......
2015.11.05.00.50.38;R;10108(0);0;

2015.11.05.00.50.38;S;20108(0);0;

2015.11.05.00.50.39;R;14102(0);12;00 00 3E D2 25 B2 F0 B0 00 00 00 00
..>.%......
2015.11.05.00.50.43;R;10108(0);0;

2015.11.05.00.50.43;S;20108(0);0;

2015.11.05.00.50.44;R;14102(0);12;00 00 3F FF 25 B2 F1 DD 00 00 00 00
..?.%.......
2015.11.05.00.50.48;R;10108(0);0;

2015.11.05.00.50.48;S;20108(0);0;

2015.11.05.00.50.49;R;14102(0);12;00 00 41 2C 25 B2 F3 0A 00 00 00 00
..A,%.......
2015.11.05.00.50.53;R;10108(0);0;

2015.11.05.00.50.53;S;20108(0);0;

2015.11.05.00.50.54;R;14102(0);12;00 00 42 59 25 B2 F4 37 00 00 00 00
..BY%..7....
2015.11.05.00.50.58;R;10108(0);0;

2015.11.05.00.50.58;S;20108(0);0;

2015.11.05.00.50.59;R;14102(0);12;00 00 43 86 25 B2 F5 64 00 00 00 00
..C.%..d....
2015.11.05.00.51.03;R;10108(0);0;

2015.11.05.00.51.03;S;20108(0);0;

2015.11.05.00.51.04;R;14102(0);12;00 00 44 B4 25 B2 F6 92 00 00 00 00
..D.%.......
2015.11.05.00.51.08;R;10108(0);0;

2015.11.05.00.51.08;S;20108(0);0;

2015.11.05.00.51.09;R;14102(0);12;00 00 45 E1 25 B2 F7 BF 00 00 00 00
..E.%.......
2015.11.05.00.51.13;R;10108(0);0;

2015.11.05.00.51.13;S;20108(0);0;

2015.11.05.00.51.14;R;14102(0);12;00 00 47 0E 25 B2 F8 EC 00 00 00 00
..G.%.......
2015.11.05.00.51.18;R;10108(0);0;

2015.11.05.00.51.18;S;20108(0);0;

2015.11.05.00.51.19;R;14102(0);12;00 00 48 3B 25 B2 FA 19 00 00 00 00
..H;%.......
2015.11.05.00.51.23;R;10108(0);0;

2015.11.05.00.51.23;S;20108(0);0;

2015.11.05.00.51.24;R;14102(0);12;00 00 49 61 25 B2 FB 3F 00 00 00 00
..Ia%..?....
2015.11.05.00.51.28;R;10108(0);0;

2015.11.05.00.51.28;S;20108(0);0;

2015.11.05.00.51.29;R;14102(0);12;00 00 4A 8E 25 B2 FC 6C 00 00 00 00
..J.%..l....
2015.11.05.00.51.33;R;10108(0);0;

2015.11.05.00.51.33;S;20108(0);0;

2015.11.05.00.51.34;R;14102(0);12;00 00 4B BC 25 B2 FD 9A 00 00 00 00
..K.%.......
2015.11.05.00.51.38;R;10108(0);0;

2015.11.05.00.51.38;S;20108(0);0;

2015.11.05.00.51.39;R;14102(0);12;00 00 4C E9 25 B2 FE C7 00 00 00 00
..L.%.......
2015.11.05.00.51.43;R;10108(0);0;

2015.11.05.00.51.43;S;20108(0);0;

2015.11.05.00.51.44;R;14102(0);12;00 00 4E 16 25 B2 FF F4 00 00 00 00
..N.%.......
2015.11.05.00.51.48;R;10108(0);0;

2015.11.05.00.51.48;S;20108(0);0;

2015.11.05.00.51.49;R;14102(0);12;00 00 4F 43 25 B3 01 21 00 00 00 00
..OC%..!....
2015.11.05.00.51.53;R;10108(0);0;

2015.11.05.00.51.53;S;20108(0);0;

2015.11.05.00.51.54;R;14102(0);12;00 00 50 70 25 B3 02 4E 00 00 00 00
..Pp%..N....
2015.11.05.00.51.58;R;10108(0);0;

2015.11.05.00.51.58;S;20108(0);0;

2015.11.05.00.51.59;R;14102(0);12;00 00 51 9E 25 B3 03 7C 00 00 00 00
..Q.%..|....
2015.11.05.00.52.03;R;10108(0);0;

2015.11.05.00.52.03;S;20108(0);0;

2015.11.05.00.52.04;R;14102(0);12;00 00 52 CB 25 B3 04 A9 00 00 00 00
..R.%.......
2015.11.05.00.52.08;R;10108(0);0;

2015.11.05.00.52.08;S;20108(0);0;

2015.11.05.00.52.09;R;14102(0);12;00 00 53 F8 25 B3 05 D6 00 00 00 00
..S.%.......
2015.11.05.00.52.13;R;10108(0);0;

2015.11.05.00.52.13;S;20108(0);0;

2015.11.05.00.52.14;R;14102(0);12;00 00 55 25 25 B3 07 03 00 00 00 00
..U%%.......
2015.11.05.00.52.18;R;10108(0);0;

2015.11.05.00.52.18;S;20108(0);0;

2015.11.05.00.52.19;R;14102(0);12;00 00 56 52 25 B3 08 30 00 00 00 00
..VR%..0....
2015.11.05.00.52.23;R;10108(0);0;

2015.11.05.00.52.23;S;20108(0);0;

2015.11.05.00.52.24;R;14102(0);12;00 00 57 7F 25 B3 09 5D 00 00 00 00
..W%..]....
2015.11.05.00.52.28;R;10108(0);0;

2015.11.05.00.52.28;S;20108(0);0;

2015.11.05.00.52.29;R;14102(0);12;00 00 58 AC 25 B3 0A 8A 00 00 00 00
..X.%.......
2015.11.05.00.52.33;R;10108(0);0;

2015.11.05.00.52.33;S;20108(0);0;

2015.11.05.00.52.34;R;14102(0);12;00 00 59 D9 25 B3 0B B7 00 00 00 00
..Y.%.......
2015.11.05.00.52.38;R;10108(0);0;

2015.11.05.00.52.38;S;20108(0);0;

2015.11.05.00.52.39;R;14102(0);12;00 00 5B 07 25 B3 0C E5 00 00 00 00
..[.%.......
2015.11.05.00.52.43;R;10108(0);0;

2015.11.05.00.52.43;S;20108(0);0;

2015.11.05.00.52.44;R;14102(0);12;00 00 5C 34 25 B3 0E 12 00 00 00 00
..\4%.......
2015.11.05.00.52.48;R;10108(0);0;

2015.11.05.00.52.48;S;20108(0);0;

2015.11.05.00.52.49;R;14102(0);12;00 00 5D 61 25 B3 0F 3F 00 00 00 00
..]a%..?....
2015.11.05.00.52.53;R;10108(0);0;

2015.11.05.00.52.53;S;20108(0);0;

2015.11.05.00.52.54;R;14102(0);12;00 00 5E 8E 25 B3 10 6C 00 00 00 00
..^.%..l....
2015.11.05.00.52.56;R;14102(0);25;00 00 5E F2 25 B0 C6 E0 00 00 00 01 00 00 01 F6 1D CD 65 00 00 00 00 5E B5
..^.%.............e....^.
2015.11.05.00.52.58;R;10108(0);0;

2015.11.05.00.52.58;S;20108(0);0;

2015.11.05.00.52.59;R;14102(0);12;00 00 5F BB 25 B0 C7 A9 00 00 00 00
.._.%......
2015.11.05.00.53.03;R;10108(0);0;

2015.11.05.00.53.03;S;20108(0);0;

2015.11.05.00.53.04;R;14102(0);12;00 00 60 E8 25 B0 C8 D6 00 00 00 00
..`.%.......
2015.11.05.00.53.08;R;10108(0);0;

2015.11.05.00.53.08;S;20108(0);0;

2015.11.05.00.53.09;R;14102(0);12;00 00 62 15 25 B0 CA 03 00 00 00 00
..b.%.......
2015.11.05.00.53.13;R;10108(0);0;

2015.11.05.00.53.13;S;20108(0);0;

2015.11.05.00.53.14;R;14102(0);12;00 00 63 42 25 B0 CB 30 00 00 00 00
..cB%..0....
2015.11.05.00.53.18;R;10108(0);0;

2015.11.05.00.53.18;S;20108(0);0;

2015.11.05.00.53.19;R;14102(0);12;00 00 64 70 25 B0 CC 5E 00 00 00 00
..dp%..^....
2015.11.05.00.53.23;R;10108(0);0;

2015.11.05.00.53.23;S;20108(0);0;

2015.11.05.00.53.24;R;14102(0);12;00 00 65 9D 25 B0 CD 8B 00 00 00 00
..e.%......
2015.11.05.00.53.28;R;10108(0);0;

2015.11.05.00.53.29;R;14102(0);12;00 00 66 CA 25 B0 CE B8 00 00 00 00
..f.%......
2015.11.05.00.53.33;S;20108(0);0;

2015.11.05.00.53.33;R;10108(0);0;

2015.11.05.00.53.33;S;20108(0);0;

2015.11.05.00.53.34;R;14102(0);12;00 00 67 F7 25 B0 CF E5 00 00 00 00
..g.%.......
2015.11.05.00.53.38;R;10108(0);0;

2015.11.05.00.53.38;S;20108(0);0;

2015.11.05.00.53.39;R;14102(0);12;00 00 69 1D 25 B0 D1 0B 00 00 00 00
..i.%.......
2015.11.05.00.53.43;R;10108(0);0;

2015.11.05.00.53.43;S;20108(0);0;

2015.11.05.00.53.44;R;14102(0);12;00 00 6A 4A 25 B0 D2 38 00 00 00 00
..jJ%..8....
2015.11.05.00.53.48;R;10108(0);0;

2015.11.05.00.53.48;S;20108(0);0;

2015.11.05.00.53.49;R;14102(0);12;00 00 6B 78 25 B0 D3 66 00 00 00 00
..kx%..f....
2015.11.05.00.53.53;R;10108(0);0;

2015.11.05.00.53.53;S;20108(0);0;

2015.11.05.00.53.54;R;14102(0);12;00 00 6C A5 25 B0 D4 93 00 00 00 00
..l.%......
2015.11.05.00.53.58;R;10108(0);0;

2015.11.05.00.53.58;S;20108(0);0;

2015.11.05.00.53.59;R;14102(0);12;00 00 6D D2 25 B0 D5 C0 00 00 00 00
..m.%.......
2015.11.05.00.54.03;R;10108(0);0;

2015.11.05.00.54.03;S;20108(0);0;

2015.11.05.00.54.04;R;14102(0);12;00 00 6E FF 25 B0 D6 ED 00 00 00 00
..n.%.......
2015.11.05.00.54.08;R;10108(0);0;

2015.11.05.00.54.08;S;20108(0);0;

2015.11.05.00.54.09;R;14102(0);12;00 00 70 2C 25 B0 D8 1A 00 00 00 00
..p,%.......
2015.11.05.00.54.13;R;10108(0);0;

2015.11.05.00.54.13;S;20108(0);0;

2015.11.05.00.54.14;R;14102(0);12;00 00 71 5A 25 B0 D9 48 00 00 00 00
..qZ%..H....
2015.11.05.00.54.18;R;10108(0);0;

2015.11.05.00.54.18;S;20108(0);0;

2015.11.05.00.54.19;R;14102(0);12;00 00 72 87 25 B0 DA 75 00 00 00 00
..r.%..u....
2015.11.05.00.54.23;R;10108(0);0;

2015.11.05.00.54.23;S;20108(0);0;

2015.11.05.00.54.25;R;14102(0);12;00 00 73 B4 25 B0 DB A2 00 00 00 00
..s.%......
2015.11.05.00.54.28;R;10108(0);0;

2015.11.05.00.54.28;S;20108(0);0;

2015.11.05.00.54.30;R;14102(0);12;00 00 74 E1 25 B0 DC CF 00 00 00 00
..t.%.......
2015.11.05.00.54.34;R;10108(0);0;

2015.11.05.00.54.34;S;20108(0);0;

2015.11.05.00.54.35;R;14102(0);12;00 00 76 0E 25 B0 DD FC 00 00 00 00
..v.%.......
2015.11.05.00.54.39;R;10108(0);0;

2015.11.05.00.54.39;S;20108(0);0;

2015.11.05.00.54.40;R;14102(0);12;00 00 77 3C 25 B0 DF 2A 00 00 00 00
..w<%..*....
2015.11.05.00.54.44;R;10108(0);0;

2015.11.05.00.54.44;S;20108(0);0;

2015.11.05.00.54.45;R;14102(0);12;00 00 78 69 25 B0 E0 57 00 00 00 00
..xi%..W....
2015.11.05.00.54.49;R;10108(0);0;

2015.11.05.00.54.49;S;20108(0);0;

2015.11.05.00.54.50;R;14102(0);12;00 00 79 96 25 B0 E1 84 00 00 00 00
..y.%......
2015.11.05.00.55.02;R;10101(7);250;00 00 00 44 00 CE 92 D7 00 00 00 28 37 34 32 74 33 6A 39 6D 6D 32 74 78 72 70 73 70 38 78 7A 6A 6D 6D 7A 78 34 62 79 79 72 62 70 68 6A 62 67 63 78 73 77 6E 00 00 00 07 00 00 00 00 00 00 00 C8 00 00 00 10 75 63 73 6F 66 66 69 63 69 61 6C 70 61 74 63 68 00 00 00 00 00 00 00 10 64 63 66 32 30 61 63 32 33 35 30 63 63 35 35 65 FF FF FF FF 00 00 00 10 53 41 4D 53 55 4E 47 2D 53 4D 2D 4E 39 30 30 41 00 1E 84 82 00 00 00 02 64 65 00 00 00 24 35 35 37 66 62 62 65 62 2D 30 35 35 35 2D 34 38 38 33 2D 62 37 65 32 2D 37 37 32 32 62 38 64 63 30 61 63 32 00 00 00 05 34 2E 34 2E 32 01 00 00 00 00 00 00 00 10 64 63 66 32 30 61 63 32 33 35 30 63 63 35 35 65 00 00 00 00 01 00 00 00 00 35 88 6D E1 02 00 00 00 00 00 00 00 00 00 00 00 08 37 2E 32 30 30 2E 31 39
...D......(742t3j9mm2txrpsp8xzjmmzx4byyrbphjbgcxswn................ucsofficialpatch........dcf20ac2350cc55e........SAMSUNG-SM-N900A........de...$557fbbeb-0555-4883-b7e2-7722b8dc0ac2....4.4.2.........dcf20ac2350cc55e.........5.m..............7.200.19
2015.11.05.00.55.02;S;20000(0);24;00 00 00 10 D7 16 28 A8 08 D2 3C 1D D9 26 A4 B2 1C B4 B9 32 00 00 00 01
......(...<..&.....2....
2015.11.05.00.55.02;S;20104(1);167;00 00 00 44 00 CE 92 D7 00 00 00 44 00 CE 92 D7 00 00 00 28 37 34 32 74 33 6A 39 6D 6D 32 74 78 72 70 73 70 38 78 7A 6A 6D 6D 7A 78 34 62 79 79 72 62 70 68 6A 62 67 63 78 73 77 6E FF FF FF FF FF FF FF FF 00 00 00 07 00 00 00 C8 00 00 00 00 00 00 00 05 73 74 61 74 65 00 00 00 0A 00 00 00 00 00 00 00 00 00 00 00 07 73 6F 6D 65 69 64 31 00 00 00 0D 31 34 34 36 36 38 31 33 30 32 34 33 33 00 00 00 0D 31 34 31 34 30 30 33 38 33 38 30 30 30 00 00 00 00 00 00 00 07 73 6F 6D 65 69 64 32 00 00 00 02 55 53
...D......D......(742t3j9mm2txrpsp8xzjmmzx4byyrbphjbgcxswn........................state................someid1....1446681302433....1414003838000........someid2....US
2015.11.05.00.55.02;S;24101(0);588;00 00 00 00 FF FF FF FF 56 3A 9A D6 00 00 00 00 00 00 00 44 00 CE 92 D7 00 00 00 00 00 00 04 B0 00 00 00 3C 01 00 00 00 9E FF FF 00 00 78 DA 7D 8E 4D 0A 84 30 0C 85 EF 92 75 17 FD 53 C7 5E 65 18 A4 A3 22 05 B1 62 A3 8C 88 77 9F 6A BB 69 17 66 93 90 F7 E5 BD 1C F0 5D CD D8 99 69 70 A0 DE 07 74 1A 35 28 46 AF 62 04 C6 6D 04 25 08 B4 76 72 D8 A0 57 AA 92 57 92 C0 0F 14 F7 FA EE 1B 3D 49 72 C7 64 BC A3 01 2B 6E 4C F0 1C 2B 52 2C BA C9 0C A3 34 C5 44 C4 08 AC 93 C1 EB E9 0F 01 87 76 D1 43 DF E0 3E F7 9E CC 2D EA D4 42 06 8B FA 39 89 BD 02 56 3E 26 F9 15 2E 7A 8E 6A D7 B7 F6 1E CF 3F 06 19 5F 64 00 00 00 00 00 00 00 44 00 CE 92 D7 00 00 00 44 00 CE 92 D7 00 00 00 00 00 00 00 00 00 00 00 00 00 00 00 00 00 00 00 00 00 00 00 00 00 00 00 00 00 00 00 00 00 00 00 00 00 00 00 00 00 00 00 00 00 00 00 00 09 00 00 00 00 00 00 00 00 00 00 00 00 00 00 00 03 00 00 00 06 54 6F 62 69 74 69 FF FF FF FF 00 00 00 09 00 00 00 73 00 0B DB DB 00 0B DB DB 00 00 04 B0 00 00 00 3C 00 00 0F A0 00 00 00 00 00 00 00 00 00 00 00 00 00 00 00 00 00 00 00 00 00 00 00 00 00 00 00 00 01 00 00 00 DC 6C F5 EB 48 01 00 00 00 00 00 00 00 00 00 00 00 00 00 00 00 01 00 00 00 06 00 2D C6 C1 00 00 03 E8 00 2D C6 C2 00 00 03 E8 00 2D C6 C3 00 00 00 00 00 2D C6 C4 00 01 24 F8 00 2D C6 C5 00 01 24 F8 00 2D C6 C6 00 00 01 F4 00 00 00 04 00 2D C6 C1 05 F3 21 E0 00 2D C6 C2 1D CD 63 0C 00 2D C6 C3 00 00 27 10 00 2D C6 C0 00 0B DD 1C 00 00 00 00 00 00 00 00 00 00 00 00 00 00 00 00 00 00 00 00 00 00 00 00 00 00 00 00 00 00 00 00 00 00 00 0D 01 40 6F 40 01 40 6F 41 01 40 6F 42 01 40 6F 43 01 40 6F 44 01 40 6F 45 01 40 6F 46 01 40 6F 47 01 40 6F 48 01 40 6F 49 01 40 6F 4A 01 40 6F 4B 01 40 6F 4C 00 00 00 00 00 00 00 00 00 00 00 00 00 00 00 00 00 00 00 00 00 00 00 00 00 00 00 00 00 00 00 00
........V:.........D..............<.........x.}.M..0...u..S.^e..."..b...w.j.i.f......]..ip...t.5(F.b..m.%..vr.W..W........=Ir.d...+nL..+R,....4.D..........v.C..>...-..B...9...V>&...z.j....?.._d.......D......D........................................................................Tobiti...........s...............<.....................................l..H......................-.......-.......-.......-....$..-....$..-...........-....!..-....c..-....'..-...........................................@o@.@oA.@oB.@oC.@oD.@oE.@oF.@oG.@oH.@oI.@oJ.@oK.@oL................................
2015.11.05.00.55.05;R;10108(0);0;

2015.11.05.00.55.05;S;20108(0);0;

2015.11.05.00.55.06;R;14102(0);84;00 00 00 34 25 B0 68 76 00 00 00 06 00 00 02 1B 00 00 00 01 00 00 00 00 00 00 02 1B 00 00 00 04 00 00 00 00 00 00 02 1B 00 00 00 06 00 00 00 00 00 00 02 1B 00 00 00 0C 00 00 00 00 00 00 02 1B 00 00 00 0D 00 00 00 00 00 00 02 1B 00 00 00 0A 00 00 00 00
...4%.hv............................................................................
2015.11.05.00.55.10;R;10108(0);0;

2015.11.05.00.55.10;S;20108(0);0;

2015.11.05.00.55.11;R;14102(0);12;00 00 01 5F 25 B0 69 A1 00 00 00 00
..._%.i.....
2015.11.05.00.55.15;R;10108(0);0;

2015.11.05.00.55.15;S;20108(0);0;

2015.11.05.00.55.16;R;14102(0);12;00 00 02 8C 25 B0 6A CE 00 00 00 00
....%.j.....
2015.11.05.00.55.20;R;10108(0);0;

2015.11.05.00.55.20;S;20108(0);0;

2015.11.05.00.55.20;R;14102(0);24;00 00 03 9D 25 B0 68 F2 00 00 00 01 00 00 01 F8 1D CD 65 00 00 00 03 5E
....%.h...........e....^
2015.11.05.00.55.25;R;10108(0);0;

2015.11.05.00.55.25;S;20108(0);0;

2015.11.05.00.55.27;R;14102(0);25;00 00 05 1A 25 A4 F8 BF 00 00 00 01 00 00 01 F6 1D CD 65 00 00 00 00 04 DC
....%.............e......
2015.11.05.00.55.30;R;10108(0);0;

2015.11.05.00.55.30;S;20108(0);0;

2015.11.05.00.55.31;R;14102(0);12;00 00 06 14 25 A4 F9 B9 00 00 00 00
....%.......
2015.11.05.00.55.35;R;10108(0);0;

2015.11.05.00.55.35;S;20108(0);0;

2015.11.05.00.55.36;R;14102(0);12;00 00 07 41 25 A4 FA E6 00 00 00 00
...A%.......
2015.11.05.00.55.40;R;10108(0);0;

2015.11.05.00.55.40;S;20108(0);0;

2015.11.05.00.55.41;R;14102(0);12;00 00 08 6E 25 A4 FC 13 00 00 00 00
...n%.......
2015.11.05.00.55.45;R;10108(0);0;

2015.11.05.00.55.45;S;20108(0);0;

2015.11.05.00.55.46;R;14102(0);12;00 00 09 9B 25 A4 FD 40 00 00 00 00
....%..@....
2015.11.05.00.55.50;R;10108(0);0;

2015.11.05.00.55.50;S;20108(0);0;

2015.11.05.00.55.51;R;14102(0);12;00 00 0A C9 25 A4 FE 6E 00 00 00 00
....%..n....
2015.11.05.00.55.55;R;10108(0);0;

2015.11.05.00.55.55;S;20108(0);0;

2015.11.05.00.55.56;R;14102(0);12;00 00 0B F6 25 A4 FF 9B 00 00 00 00
....%.......
2015.11.05.00.56.00;R;10108(0);0;

2015.11.05.00.56.00;S;20108(0);0;

2015.11.05.00.56.01;R;14102(0);12;00 00 0D 23 25 A5 00 C8 00 00 00 00
...#%.......
2015.11.05.00.56.05;R;10108(0);0;

2015.11.05.00.56.05;S;20108(0);0;

2015.11.05.00.56.06;R;14102(0);12;00 00 0E 50 25 A5 01 F5 00 00 00 00
...P%.......
2015.11.05.00.56.10;R;10108(0);0;

2015.11.05.00.56.10;S;20108(0);0;

2015.11.05.00.56.11;R;14102(0);12;00 00 0F 7D 25 A5 03 22 00 00 00 00
...}%.."....
2015.11.05.00.56.15;R;10108(0);0;

2015.11.05.00.56.15;S;20108(0);0;

2015.11.05.00.56.16;R;14102(0);12;00 00 10 AB 25 A5 04 50 00 00 00 00
....%..P....
2015.11.05.00.56.20;R;10108(0);0;

2015.11.05.00.56.20;S;20108(0);0;

2015.11.05.00.56.21;R;14102(0);12;00 00 11 D8 25 A5 05 7D 00 00 00 00
....%..}....
2015.11.05.00.56.25;R;10108(0);0;

2015.11.05.00.56.25;S;20108(0);0;

2015.11.05.00.56.26;R;14102(0);12;00 00 13 05 25 A5 06 AA 00 00 00 00
....%.......
2015.11.05.00.56.30;R;10108(0);0;

2015.11.05.00.56.30;S;20108(0);0;

2015.11.05.00.56.31;R;14102(0);12;00 00 14 32 25 A5 07 D7 00 00 00 00
...2%.......
2015.11.05.00.56.35;R;10108(0);0;

2015.11.05.00.56.35;S;20108(0);0;

2015.11.05.00.56.36;R;14102(0);12;00 00 15 5F 25 A5 09 04 00 00 00 00
..._%.......
2015.11.05.00.56.40;R;10108(0);0;

2015.11.05.00.56.40;S;20108(0);0;

2015.11.05.00.56.41;R;14102(0);12;00 00 16 8D 25 A5 0A 32 00 00 00 00
....%..2....
2015.11.05.00.56.45;R;10108(0);0;

2015.11.05.00.56.45;S;20108(0);0;

2015.11.05.00.56.45;R;14325(0);17;00 00 00 44 00 CE 92 D7 00 00 00 44 00 CE 92 D7 00
...D......D....
2015.11.05.00.56.45;S;24334(0);555;00 00 00 00 00 00 00 44 00 CE 92 D7 00 00 00 44 00 CE 92 D7 00 00 00 00 00 00 00 00 00 00 00 00 00 00 00 00 00 00 00 00 00 00 00 00 00 00 00 00 00 00 00 00 00 00 00 00 00 00 00 00 00 00 00 00 00 00 00 00 09 00 00 00 00 00 00 00 00 00 00 00 00 00 00 00 04 00 00 00 06 54 6F 62 69 74 69 FF FF FF FF 00 00 00 09 00 00 00 73 00 0B DA 57 00 0B DA 57 00 00 04 B0 00 00 00 3C 00 00 0F A0 00 00 00 00 00 00 00 00 00 00 00 00 00 00 00 00 00 00 00 00 00 00 00 00 00 00 00 00 01 00 00 00 DC 6C F5 EB 48 01 00 00 00 00 00 00 00 00 00 00 00 00 00 00 00 01 00 00 00 06 00 2D C6 C1 00 00 03 E8 00 2D C6 C2 00 00 03 E8 00 2D C6 C3 00 00 00 00 00 2D C6 C4 00 01 24 F8 00 2D C6 C5 00 01 24 F8 00 2D C6 C6 00 00 01 F4 00 00 00 04 00 2D C6 C1 05 E7 B0 30 00 2D C6 C2 1D CD 63 0C 00 2D C6 C3 00 00 27 10 00 2D C6 C0 00 0B DD 1C 00 00 00 00 00 00 00 00 00 00 00 00 00 00 00 00 00 00 00 00 00 00 00 00 00 00 00 00 00 00 00 00 00 00 00 0D 01 40 6F 40 01 40 6F 41 01 40 6F 42 01 40 6F 43 01 40 6F 44 01 40 6F 45 01 40 6F 46 01 40 6F 47 01 40 6F 48 01 40 6F 49 01 40 6F 4A 01 40 6F 4B 01 40 6F 4C 00 00 00 00 00 00 00 00 00 00 00 00 00 00 00 00 00 00 00 00 00 00 00 00 00 00 00 9D FF FF 00 00 78 DA 7D CE C1 0E 83 20 0C 06 E0 77 E9 B9 07 10 DC 94 57 59 16 C3 94 18 12 82 46 EB 32 63 7C F7 A1 72 81 83 5C 20 ED D7 BF 6C F0 59 AC EB AC EF 67 50 AF 0D 3A 4D 1A 14 67 C7 E1 08 EE EB 40 49 84 76 F0 33 35 04 4A 88 67 85 F0 03 55 84 EE 1A 2E B6 63 32 C5 65 9C 62 17 2B 4F 26 8A 9C 95 29 8B 69 32 63 8C A5 4C 44 86 B0 78 4B C7 97 DF 08 33 0D 93 EE 4D 43 EB 68 82 CC 23 EA 34 42 5E 11 F5 FD 26 5E 5D EC 71 BB 29 94 68 D2 63 EC 76 A6 1D CE E7 FE 07 73 DE 5E FF 00 00 00 00 00 00 00 00 00 00 00 00 00
.......D......D........................................................................Tobiti...........s...W...W.......<.....................................l..H......................-.......-.......-.......-....$..-....$..-...........-....0.-....c..-....'..-...........................................@o@.@oA.@oB.@oC.@oD.@oE.@oF.@oG.@oH.@oI.@oJ.@oK.@oL................................x.}.... ...w....WY.....F.2c|..r..\ ..l.Y...gP..:M..g.....@I.v.35.J.g...U.....c2.e.b.+O&...).i2c..LD..xK...3...MC.h..#.4B^...&^].q.).h.c.v......s.^..............
2015.11.05.00.56.46;R;14102(0);12;00 00 17 BA 25 A5 0B 5F 00 00 00 00
....%.._....
2015.11.05.00.56.50;R;10108(0);0;

2015.11.05.00.56.50;S;20108(0);0;

2015.11.05.00.56.51;R;14102(0);12;00 00 18 E7 25 A5 0C 8C 00 00 00 00
....%.......
2015.11.05.00.56.55;R;10108(0);0;

2015.11.05.00.56.55;S;20108(0);0;

2015.11.05.00.56.56;R;14102(0);12;00 00 1A 14 25 A5 0D B9 00 00 00 00
....%.......
2015.11.05.00.56.58;R;14303(0);0;

2015.11.05.00.56.58;S;24304(0);4;00 00 00 00
....
2015.11.05.00.56.59;R;14102(0);12;00 00 1A C1 25 A5 0E 66 00 00 00 00
....%..f....
2015.11.05.00.57.00;R;10108(0);0;

2015.11.05.00.57.00;S;20108(0);0;

2015.11.05.00.57.01;R;14102(0);12;00 00 1B 41 25 A5 0E E6 00 00 00 00
...A%.......
2015.11.05.00.57.05;R;10108(0);0;

2015.11.05.00.57.05;S;20108(0);0;

2015.11.05.00.57.06;R;14102(0);12;00 00 1C 6F 25 A5 10 14 00 00 00 00
...o%.......
2015.11.05.00.57.08;R;14102(0);152;00 00 1C D3 25 A5 10 78 00 00 00 07 00 00 02 14 00 00 00 02 00 00 00 00 00 00 00 00 00 00 1C 95 00 00 02 14 00 00 00 03 00 00 00 00 00 00 00 00 00 00 1C 95 00 00 02 14 00 00 00 04 00 00 00 00 00 00 00 00 00 00 1C 95 00 00 02 14 00 00 00 05 00 00 00 00 00 00 00 00 00 00 1C 95 00 00 02 14 00 00 00 0F 00 00 00 00 00 00 00 00 00 00 1C 95 00 00 02 14 00 00 00 17 00 00 00 00 00 00 00 00 00 00 1C 95 00 00 02 14 00 00 00 18 00 00 00 00 00 00 00 00 00 00 1C 95
....%..x................................................................................................................................................
2015.11.05.00.57.25;R;10108(0);0;

2015.11.05.00.57.25;R;14102(0);32;00 00 1D 68 25 A5 11 0D 00 00 00 01 00 00 01 F4 00 00 00 12 00 00 00 17 00 0F 42 42 00 00 1D 2A
...h%.....................BB...*
2015.11.05.00.57.25;R;14102(0);41;00 00 1E 1B 25 A5 0C CC 00 00 00 01 00 00 02 09 00 00 1D DD 01 00 00 01 F4 00 00 00 12 00 00 00 17 00 0F 42 42 FF FF FF FF
....%..............................BB....
2015.11.05.00.57.25;R;10108(0);0;

2015.11.05.00.57.25;R;14102(0);12;00 00 1E C9 25 A5 0D 7A 00 00 00 00
....%..z....
2015.11.05.00.57.25;R;10108(0);0;

2015.11.05.00.57.25;R;14102(0);12;00 00 1F EF 25 A5 0E A0 00 00 00 00
....%.......
2015.11.05.00.57.25;R;10108(0);0;

2015.11.05.00.58.33;R;14102(0);12;00 00 21 1C 25 A5 35 B1 00 00 00 00
..!.%.5.....
2015.11.05.00.58.33;R;10108(0);0;

2015.11.05.00.58.33;R;14102(0);12;00 00 22 49 25 A5 36 D9 00 00 00 00
.."I%.6.....
2015.11.05.00.58.33;R;10108(0);0;

2015.11.05.00.58.33;R;14102(0);12;00 00 23 77 25 A5 38 02 00 00 00 00
..#w%.8.....
2015.11.05.00.58.33;R;10108(0);0;

2015.11.05.00.58.33;R;14102(0);12;00 00 24 A4 25 A5 39 2A 00 00 00 00
..$.%.9*....
2015.11.05.00.58.33;R;10108(0);0;

2015.11.05.00.58.33;R;14102(0);12;00 00 25 D1 25 A5 3A 52 00 00 00 00
..%.%.:R....
2015.11.05.00.58.33;R;10108(0);0;

2015.11.05.00.58.33;R;14102(0);12;00 00 26 FE 25 A5 3B 7A 00 00 00 00
..&.%.;z....
2015.11.05.00.58.33;R;10108(0);0;

2015.11.05.00.58.33;R;14102(0);12;00 00 28 2B 25 A5 3C A2 00 00 00 00
..(+%.<.....
2015.11.05.00.58.33;R;10108(0);0;

2015.11.05.00.58.33;R;14102(0);12;00 00 29 59 25 A5 3D CB 00 00 00 00
..)Y%.=.....
2015.11.05.00.58.33;R;10108(0);0;

2015.11.05.00.58.33;R;14102(0);12;00 00 2A 86 25 A5 3E F3 00 00 00 00
..*.%.>.....
2015.11.05.00.58.33;R;10108(0);0;

2015.11.05.00.58.33;R;14102(0);12;00 00 2B B3 25 A5 40 1A 00 00 00 00
..+.%.@.....
2015.11.05.00.58.33;R;10108(0);0;

2015.11.05.00.58.33;R;14102(0);12;00 00 2C E0 25 A5 41 42 00 00 00 00
..,.%.AB....
2015.11.05.00.58.33;R;10108(0);0;

2015.11.05.00.58.33;R;14102(0);12;00 00 2E 0D 25 A5 42 6A 00 00 00 00
....%.Bj....
2015.11.05.00.58.33;R;10108(0);0;

2015.11.05.00.58.33;R;14102(0);12;00 00 2F 3B 25 A5 43 93 00 00 00 00
../;%.C.....
2015.11.05.00.58.33;R;10108(0);0;

2015.11.05.00.58.33;R;14102(0);12;00 00 30 68 25 A5 44 BB 00 00 00 00
..0h%.D.....
2015.11.05.00.58.33;S;20108(0);0;

2015.11.05.00.58.33;S;20108(0);0;

2015.11.05.00.58.33;S;20108(0);0;

2015.11.05.00.58.33;S;20108(0);0;

2015.11.05.00.58.33;S;20108(0);0;

2015.11.05.00.58.33;S;20108(0);0;

2015.11.05.00.58.33;S;20108(0);0;

2015.11.05.00.58.33;S;20108(0);0;

2015.11.05.00.58.33;S;20108(0);0;

2015.11.05.00.58.33;S;20108(0);0;

2015.11.05.00.58.33;S;20108(0);0;

2015.11.05.00.58.33;S;20108(0);0;

2015.11.05.00.58.33;S;20108(0);0;

2015.11.05.00.58.33;S;20108(0);0;

2015.11.05.00.58.33;S;20108(0);0;

2015.11.05.00.58.33;S;20108(0);0;

2015.11.05.00.58.33;S;20108(0);0;

2015.11.05.00.58.36;R;10108(0);0;

2015.11.05.00.58.36;S;20108(0);0;

2015.11.05.00.58.37;R;14102(0);12;00 00 31 95 25 A5 45 E3 00 00 00 00
..1.%.E.....
2015.11.05.00.58.41;R;10108(0);0;

2015.11.05.00.58.41;S;20108(0);0;

2015.11.05.00.58.42;R;14102(0);12;00 00 32 C2 25 A5 47 0B 00 00 00 00
..2.%.G.....
2015.11.05.00.58.46;R;10108(0);0;

2015.11.05.00.58.46;S;20108(0);0;

2015.11.05.00.58.47;R;14102(0);12;00 00 33 EF 25 A5 48 33 00 00 00 00
..3.%.H3....
2015.11.05.00.58.51;R;14102(0);24;00 00 34 D7 25 A5 49 17 00 00 00 01 00 00 01 FA 1D CD 65 06 00 00 34 99
..4.%.I...........e...4.
2015.11.05.00.58.51;R;10108(0);0;

2015.11.05.00.58.51;S;20108(0);0;

2015.11.05.00.58.52;R;14102(0);12;00 00 35 15 25 A5 49 54 00 00 00 00
..5.%.IT....
2015.11.05.00.58.56;R;10108(0);0;

2015.11.05.00.58.56;S;20108(0);0;

2015.11.05.00.58.56;R;14102(0);24;00 00 36 1D 25 A5 4A 58 00 00 00 01 00 00 01 FA 1D CD 65 06 00 00 35 DF
..6.%.JX..........e...5.
2015.11.05.00.59.01;R;10108(0);0;

2015.11.05.00.59.01;S;20108(0);0;

2015.11.05.00.59.02;R;14102(0);12;00 00 37 6F 25 A5 4B A4 00 00 00 00
..7o%.K.....
2015.11.05.00.59.06;R;10108(0);0;

2015.11.05.00.59.06;S;20108(0);0;

2015.11.05.00.59.07;R;14102(0);12;00 00 38 9C 25 A5 4C CC 00 00 00 00
..8.%.L.....
2015.11.05.00.59.11;R;10108(0);0;

2015.11.05.00.59.11;S;20108(0);0;

2015.11.05.00.59.12;R;14102(0);12;00 00 39 C9 25 A5 4D F4 00 00 00 00
..9.%.M.....
2015.11.05.00.59.16;R;10108(0);0;

2015.11.05.00.59.16;S;20108(0);0;

2015.11.05.00.59.17;R;14102(0);12;00 00 3A F7 25 A5 4F 1D 00 00 00 00
..:.%.O.....
2015.11.05.00.59.21;R;10108(0);0;

2015.11.05.00.59.21;S;20108(0);0;

2015.11.05.00.59.22;R;14102(0);12;00 00 3C 24 25 A5 50 45 00 00 00 00
..<$%.PE....
2015.11.05.00.59.26;R;10108(0);0;

2015.11.05.00.59.26;S;20108(0);0;

2015.11.05.00.59.27;R;14102(0);12;00 00 3D 51 25 A5 51 6D 00 00 00 00
..=Q%.Qm....
2015.11.05.00.59.31;R;10108(0);0;

2015.11.05.00.59.31;S;20108(0);0;

2015.11.05.00.59.32;R;14102(0);12;00 00 3E 7E 25 A5 52 95 00 00 00 00
..>~%.R.....
2015.11.05.00.59.36;R;10108(0);0;

2015.11.05.00.59.36;S;20108(0);0;

2015.11.05.00.59.37;R;14102(0);12;00 00 3F AB 25 A5 53 BD 00 00 00 00
..?.%.S.....
2015.11.05.00.59.41;R;10108(0);0;

2015.11.05.00.59.41;S;20108(0);0;

2015.11.05.00.59.42;R;14102(0);12;00 00 40 D9 25 A5 54 E6 00 00 00 00
..@.%.T.....
2015.11.05.00.59.46;R;10108(0);0;

2015.11.05.00.59.46;S;20108(0);0;

2015.11.05.00.59.47;R;14102(0);12;00 00 42 06 25 A5 56 0E 00 00 00 00
..B.%.V.....
2015.11.05.00.59.51;R;10108(0);0;

2015.11.05.00.59.51;S;20108(0);0;

2015.11.05.00.59.52;R;14102(0);12;00 00 43 33 25 A5 57 36 00 00 00 00
..C3%.W6....
2015.11.05.00.59.56;R;10108(0);0;

2015.11.05.00.59.56;S;20108(0);0;

2015.11.05.00.59.57;R;14102(0);12;00 00 44 60 25 A5 58 5E 00 00 00 00
..D`%.X^....
2015.11.05.01.00.01;R;10108(0);0;

2015.11.05.01.00.01;S;20108(0);0;

2015.11.05.01.00.02;R;14102(0);12;00 00 45 8D 25 A5 59 86 00 00 00 00
..E.%.Y.....
2015.11.05.01.00.06;R;10108(0);0;

2015.11.05.01.00.06;S;20108(0);0;

2015.11.05.01.00.07;R;14102(0);12;00 00 46 BB 25 A5 5A AF 00 00 00 00
..F.%.Z.....
2015.11.05.01.00.11;R;10108(0);0;

2015.11.05.01.00.11;S;20108(0);0;

2015.11.05.01.00.12;R;14102(0);12;00 00 47 E8 25 A5 5B D7 00 00 00 00
..G.%.[.....
2015.11.05.01.00.16;R;10108(0);0;

2015.11.05.01.00.16;S;20108(0);0;

2015.11.05.01.00.17;R;14102(0);12;00 00 49 15 25 A5 5C FF 00 00 00 00
..I.%.\.....
2015.11.05.01.00.21;R;10108(0);0;

2015.11.05.01.00.21;S;20108(0);0;

2015.11.05.01.00.22;R;14102(0);12;00 00 4A 3B 25 A5 5E 20 00 00 00 00
..J;%.^ ....
2015.11.05.01.00.26;R;10108(0);0;

2015.11.05.01.00.26;S;20108(0);0;

2015.11.05.01.00.27;R;14102(0);12;00 00 4B 68 25 A5 5F 48 00 00 00 00
..Kh%._H....
2015.11.05.01.00.31;R;10108(0);0;

2015.11.05.01.00.31;S;20108(0);0;

2015.11.05.01.41.45;R;10101(7);250;00 00 00 44 00 CE 92 D7 00 00 00 28 37 34 32 74 33 6A 39 6D 6D 32 74 78 72 70 73 70 38 78 7A 6A 6D 6D 7A 78 34 62 79 79 72 62 70 68 6A 62 67 63 78 73 77 6E 00 00 00 07 00 00 00 00 00 00 00 C8 00 00 00 10 75 63 73 6F 66 66 69 63 69 61 6C 70 61 74 63 68 00 00 00 00 00 00 00 10 64 63 66 32 30 61 63 32 33 35 30 63 63 35 35 65 FF FF FF FF 00 00 00 10 53 41 4D 53 55 4E 47 2D 53 4D 2D 4E 39 30 30 41 00 1E 84 82 00 00 00 02 64 65 00 00 00 24 35 35 37 66 62 62 65 62 2D 30 35 35 35 2D 34 38 38 33 2D 62 37 65 32 2D 37 37 32 32 62 38 64 63 30 61 63 32 00 00 00 05 34 2E 34 2E 32 01 00 00 00 00 00 00 00 10 64 63 66 32 30 61 63 32 33 35 30 63 63 35 35 65 00 00 00 00 01 00 00 00 00 2B 71 28 61 02 00 00 00 00 00 00 00 00 00 00 00 08 37 2E 32 30 30 2E 31 39
...D......(742t3j9mm2txrpsp8xzjmmzx4byyrbphjbgcxswn................ucsofficialpatch........dcf20ac2350cc55e........SAMSUNG-SM-N900A........de...$557fbbeb-0555-4883-b7e2-7722b8dc0ac2....4.4.2.........dcf20ac2350cc55e.........+q(a.............7.200.19
2015.11.05.01.42.11;R;10108(0);0;

2015.11.05.01.42.11;R;10108(0);0;

2015.11.05.01.42.11;R;10108(0);0;

2015.11.05.01.42.11;R;10108(0);0;

2015.11.05.01.42.11;R;10108(0);0;

2015.11.05.01.43.02;R;10108(0);0;

2015.11.05.01.45.58;R;10101(7);250;00 00 00 44 00 CE 92 D7 00 00 00 28 37 34 32 74 33 6A 39 6D 6D 32 74 78 72 70 73 70 38 78 7A 6A 6D 6D 7A 78 34 62 79 79 72 62 70 68 6A 62 67 63 78 73 77 6E 00 00 00 07 00 00 00 00 00 00 00 C8 00 00 00 10 75 63 73 6F 66 66 69 63 69 61 6C 70 61 74 63 68 00 00 00 00 00 00 00 10 64 63 66 32 30 61 63 32 33 35 30 63 63 35 35 65 FF FF FF FF 00 00 00 10 53 41 4D 53 55 4E 47 2D 53 4D 2D 4E 39 30 30 41 00 1E 84 82 00 00 00 02 64 65 00 00 00 24 35 35 37 66 62 62 65 62 2D 30 35 35 35 2D 34 38 38 33 2D 62 37 65 32 2D 37 37 32 32 62 38 64 63 30 61 63 32 00 00 00 05 34 2E 34 2E 32 01 00 00 00 00 00 00 00 10 64 63 66 32 30 61 63 32 33 35 30 63 63 35 35 65 00 00 00 00 01 00 00 00 00 73 40 ED B7 02 00 00 00 00 00 00 00 00 00 00 00 08 37 2E 32 30 30 2E 31 39
...D......(742t3j9mm2txrpsp8xzjmmzx4byyrbphjbgcxswn................ucsofficialpatch........dcf20ac2350cc55e........SAMSUNG-SM-N900A........de...$557fbbeb-0555-4883-b7e2-7722b8dc0ac2....4.4.2.........dcf20ac2350cc55e.........s@..............7.200.19
2015.11.05.01.46.44;R;10101(7);250;00 00 00 44 00 CE 92 D7 00 00 00 28 37 34 32 74 33 6A 39 6D 6D 32 74 78 72 70 73 70 38 78 7A 6A 6D 6D 7A 78 34 62 79 79 72 62 70 68 6A 62 67 63 78 73 77 6E 00 00 00 07 00 00 00 00 00 00 00 C8 00 00 00 10 75 63 73 6F 66 66 69 63 69 61 6C 70 61 74 63 68 00 00 00 00 00 00 00 10 64 63 66 32 30 61 63 32 33 35 30 63 63 35 35 65 FF FF FF FF 00 00 00 10 53 41 4D 53 55 4E 47 2D 53 4D 2D 4E 39 30 30 41 00 1E 84 82 00 00 00 02 64 65 00 00 00 24 35 35 37 66 62 62 65 62 2D 30 35 35 35 2D 34 38 38 33 2D 62 37 65 32 2D 37 37 32 32 62 38 64 63 30 61 63 32 00 00 00 05 34 2E 34 2E 32 01 00 00 00 00 00 00 00 10 64 63 66 32 30 61 63 32 33 35 30 63 63 35 35 65 00 00 00 00 01 00 00 00 00 32 72 30 3C 02 00 00 00 00 00 00 00 00 00 00 00 08 37 2E 32 30 30 2E 31 39
...D......(742t3j9mm2txrpsp8xzjmmzx4byyrbphjbgcxswn................ucsofficialpatch........dcf20ac2350cc55e........SAMSUNG-SM-N900A........de...$557fbbeb-0555-4883-b7e2-7722b8dc0ac2....4.4.2.........dcf20ac2350cc55e.........2r0<.............7.200.19
2015.11.05.01.46.44;R;10108(0);0;

2015.11.05.01.46.53;R;10108(0);0;

2015.11.05.01.46.57;R;10108(0);0;

2015.11.05.01.47.45;R;10108(0);0;

2015.11.05.01.47.45;R;10108(0);0;

2015.11.05.01.47.45;R;10108(0);0;

2015.11.05.02.22.07;R;10101(7);250;00 00 00 44 00 CE 92 D7 00 00 00 28 37 34 32 74 33 6A 39 6D 6D 32 74 78 72 70 73 70 38 78 7A 6A 6D 6D 7A 78 34 62 79 79 72 62 70 68 6A 62 67 63 78 73 77 6E 00 00 00 07 00 00 00 00 00 00 00 C8 00 00 00 10 75 63 73 6F 66 66 69 63 69 61 6C 70 61 74 63 68 00 00 00 00 00 00 00 10 64 63 66 32 30 61 63 32 33 35 30 63 63 35 35 65 FF FF FF FF 00 00 00 10 53 41 4D 53 55 4E 47 2D 53 4D 2D 4E 39 30 30 41 00 1E 84 82 00 00 00 02 64 65 00 00 00 24 35 35 37 66 62 62 65 62 2D 30 35 35 35 2D 34 38 38 33 2D 62 37 65 32 2D 37 37 32 32 62 38 64 63 30 61 63 32 00 00 00 05 34 2E 34 2E 32 01 00 00 00 00 00 00 00 10 64 63 66 32 30 61 63 32 33 35 30 63 63 35 35 65 00 00 00 00 01 00 00 00 00 79 1D D4 8D 02 00 00 00 00 00 00 00 00 00 00 00 08 37 2E 32 30 30 2E 31 39
...D......(742t3j9mm2txrpsp8xzjmmzx4byyrbphjbgcxswn................ucsofficialpatch........dcf20ac2350cc55e........SAMSUNG-SM-N900A........de...$557fbbeb-0555-4883-b7e2-7722b8dc0ac2....4.4.2.........dcf20ac2350cc55e.........y...............7.200.19
2015.11.05.02.22.25;R;10108(0);0;

2015.11.05.02.22.25;R;10108(0);0;

2015.11.05.02.22.25;R;10108(0);0;

2015.11.05.02.22.25;R;10108(0);0;

2015.11.05.02.22.28;R;10108(0);0;

2015.11.05.02.22.28;S;20000(0);24;00 00 00 10 D7 16 28 A8 08 D2 3C 1D D9 26 A4 B2 1C B4 B9 32 00 00 00 01
......(...<..&.....2....
2015.11.05.02.22.28;S;20104(1);167;00 00 00 44 00 CE 92 D7 00 00 00 44 00 CE 92 D7 00 00 00 28 37 34 32 74 33 6A 39 6D 6D 32 74 78 72 70 73 70 38 78 7A 6A 6D 6D 7A 78 34 62 79 79 72 62 70 68 6A 62 67 63 78 73 77 6E FF FF FF FF FF FF FF FF 00 00 00 07 00 00 00 C8 00 00 00 00 00 00 00 05 73 74 61 74 65 00 00 00 0A 00 00 00 00 00 00 00 00 00 00 00 07 73 6F 6D 65 69 64 31 00 00 00 0D 31 34 34 36 36 38 36 35 34 38 31 36 36 00 00 00 0D 31 34 31 34 30 30 33 38 33 38 30 30 30 00 00 00 00 00 00 00 07 73 6F 6D 65 69 64 32 00 00 00 02 55 53
...D......D......(742t3j9mm2txrpsp8xzjmmzx4byyrbphjbgcxswn........................state................someid1....1446686548166....1414003838000........someid2....US
2015.11.05.02.22.28;S;24101(0);580;00 00 00 00 FF FF FF FF 56 3A AF 54 00 00 00 00 00 00 00 44 00 CE 92 D7 00 00 00 00 00 00 04 B0 00 00 00 3C 01 00 00 00 96 FF FF 00 00 78 DA 95 CE DD 0A 83 20 18 80 E1 7B F9 8E 3D F0 37 96 B7 32 C6 70 29 21 48 45 D9 28 C2 7B 9F A5 27 CA 18 CC 13 15 1E DF CF 03 5E AB 75 DA 0E FD 02 F2 7E 80 56 5E 81 24 F8 5C 04 81 7B 3B 90 02 C1 06 92 C6 EB 1E 37 1C 50 C1 08 CF 0C 27 26 2E C6 68 CD 44 C9 72 8D 57 0C E3 92 B1 CC 10 AC 83 F5 E7 1F 1F 08 16 3F CE AA 37 4F BF 4F 26 CA 3A D1 96 09 9E 12 ED EF 49 E4 96 58 F3 CF 24 FA 35 C1 42 7C E9 67 35 E5 88 36 DD 78 1D C3 07 E3 F6 64 51 00 00 00 00 00 00 00 44 00 CE 92 D7 00 00 00 44 00 CE 92 D7 00 00 00 00 00 00 00 00 00 00 00 00 00 00 00 00 00 00 00 00 00 00 00 00 00 00 00 00 00 00 00 00 00 00 00 00 00 00 00 00 00 00 00 00 00 00 00 00 09 00 00 00 00 00 00 00 00 00 00 00 00 00 00 00 05 00 00 00 06 54 6F 62 69 74 69 FF FF FF FF 00 00 00 09 00 00 00 73 00 0B DA 45 00 0B DA 45 00 00 04 B0 00 00 00 3C 00 00 0F A0 00 00 00 00 00 00 00 00 00 00 00 00 00 00 00 00 00 00 00 00 00 00 00 00 00 00 00 00 01 00 00 00 DC 6C F5 EB 48 01 00 00 00 00 00 00 00 00 00 00 00 00 00 00 00 01 00 00 00 06 00 2D C6 C1 00 00 03 E8 00 2D C6 C2 00 00 03 E8 00 2D C6 C3 00 00 00 00 00 2D C6 C4 00 01 24 F8 00 2D C6 C5 00 01 24 F8 00 2D C6 C6 00 00 01 F4 00 00 00 04 00 2D C6 C1 05 E7 AF 9A 00 2D C6 C2 1D CD 63 0C 00 2D C6 C3 00 00 27 10 00 2D C6 C0 00 0B DD 1C 00 00 00 00 00 00 00 00 00 00 00 00 00 00 00 00 00 00 00 00 00 00 00 00 00 00 00 00 00 00 00 00 00 00 00 0D 01 40 6F 40 01 40 6F 41 01 40 6F 42 01 40 6F 43 01 40 6F 44 01 40 6F 45 01 40 6F 46 01 40 6F 47 01 40 6F 48 01 40 6F 49 01 40 6F 4A 01 40 6F 4B 01 40 6F 4C 00 00 00 00 00 00 00 00 00 00 00 00 00 00 00 00 00 00 00 00 00 00 00 00 00 00 00 00 00 00 00 00
........V:.T.......D..............<.........x..... ...{..=.7..2.p)!HE.(.{..'.........^.u.....~.V^.$.\..{;........7.P....'&..h.D.r.W............?.7O.O&.:......I.X..$.5.B|.g5.6.x.....dQ.......D......D........................................................................Tobiti...........s...E...E.......<.....................................l..H......................-.......-.......-.......-....$..-....$..-...........-.....-....c..-....'..-...........................................@o@.@oA.@oB.@oC.@oD.@oE.@oF.@oG.@oH.@oI.@oJ.@oK.@oL................................
2015.11.05.02.22.28;S;20108(0);0;

2015.11.05.02.22.28;S;20108(0);0;

2015.11.05.02.22.28;S;20108(0);0;

2015.11.05.02.22.28;S;20108(0);0;

2015.11.05.02.22.28;S;20108(0);0;

2015.11.05.02.22.29;R;14102(0);84;00 00 00 34 25 A5 18 EB 00 00 00 06 00 00 02 1B 00 00 00 01 00 00 00 00 00 00 02 1B 00 00 00 04 00 00 00 00 00 00 02 1B 00 00 00 06 00 00 00 00 00 00 02 1B 00 00 00 0C 00 00 00 00 00 00 02 1B 00 00 00 0D 00 00 00 00 00 00 02 1B 00 00 00 0A 00 00 00 00
...4%...............................................................................
2015.11.05.02.22.32;R;10108(0);0;

2015.11.05.02.22.32;S;20108(0);0;

2015.11.05.02.22.33;R;14102(0);12;00 00 01 3B 25 A5 19 ED 00 00 00 00
...;%.......
2015.11.05.02.22.37;R;10108(0);0;

2015.11.05.02.22.37;S;20108(0);0;

2015.11.05.02.22.38;R;14102(0);12;00 00 02 68 25 A5 1B 15 00 00 00 00
...h%.......
2015.11.05.02.22.42;R;10108(0);0;

2015.11.05.02.22.42;S;20108(0);0;

2015.11.05.02.22.43;R;14102(0);12;00 00 03 95 25 A5 1C 3D 00 00 00 00
....%..=....
2015.11.05.02.22.47;R;10108(0);0;

2015.11.05.02.22.47;S;20108(0);0;

2015.11.05.02.22.48;R;14102(0);12;00 00 04 C3 25 A5 1D 66 00 00 00 00
....%..f....
2015.11.05.02.22.52;R;10108(0);0;

2015.11.05.02.22.52;S;20108(0);0;

2015.11.05.02.22.53;R;14102(0);12;00 00 05 F0 25 A5 1E 8E 00 00 00 00
....%.......
2015.11.05.02.22.54;R;14102(0);24;00 00 06 39 25 A5 1E D6 00 00 00 01 00 00 01 FA 1D CD 65 06 00 00 05 FB
...9%.............e.....
2015.11.05.02.22.57;R;10108(0);0;

2015.11.05.02.22.57;S;20108(0);0;

2015.11.05.02.22.58;R;14102(0);12;00 00 07 1D 25 A5 1F B6 00 00 00 00
....%.......
2015.11.05.02.23.02;R;10108(0);0;

2015.11.05.02.23.02;S;20108(0);0;

2015.11.05.02.23.03;R;14102(0);12;00 00 08 4A 25 A5 20 DE 00 00 00 00
...J%. .....
2015.11.05.02.23.07;R;10108(0);0;

2015.11.05.02.23.07;S;20108(0);0;

2015.11.05.02.23.07;R;14102(0);152;00 00 09 3E 25 A5 21 CE 00 00 00 07 00 00 02 14 00 00 00 02 00 00 00 00 00 00 00 00 00 00 09 01 00 00 02 14 00 00 00 03 00 00 00 00 00 00 00 00 00 00 09 01 00 00 02 14 00 00 00 04 00 00 00 00 00 00 00 00 00 00 09 01 00 00 02 14 00 00 00 05 00 00 00 00 00 00 00 00 00 00 09 01 00 00 02 14 00 00 00 0F 00 00 00 00 00 00 00 00 00 00 09 01 00 00 02 14 00 00 00 17 00 00 00 00 00 00 00 00 00 00 09 01 00 00 02 14 00 00 00 18 00 00 00 00 00 00 00 00 00 00 09 01
...>%.!.................................................................................................................................................
2015.11.05.02.23.23;R;10108(0);0;

2015.11.05.02.23.23;R;14102(0);32;00 00 0A 7A 25 A5 21 DA 00 00 00 01 00 00 01 F4 00 00 00 12 00 00 00 14 00 0F 42 43 00 00 0A 3C
...z%.!...................BC...<
2015.11.05.02.23.23;R;14102(0);24;00 00 0B 74 25 A5 28 AD 00 00 00 01 00 00 01 F8 1D CD 65 07 00 00 0B 35
...t%.(...........e....5
2015.11.05.02.23.23;R;10108(0);0;

2015.11.05.02.23.23;R;14102(0);12;00 00 0B D1 25 A5 29 08 00 00 00 00
....%.).....
2015.11.05.02.23.24;R;10108(0);0;

2015.11.05.02.23.24;R;14102(0);12;00 00 0C FE 25 A5 2A 30 00 00 00 00
....%.*0....
2015.11.05.02.23.24;S;20108(0);0;

2015.11.05.02.23.24;S;20108(0);0;

2015.11.05.02.23.24;S;20108(0);0;

2015.11.05.02.23.27;R;10108(0);0;

2015.11.05.02.23.27;S;20108(0);0;

2015.11.05.02.23.28;R;14102(0);12;00 00 0E 2C 25 A5 2B 59 00 00 00 00
...,%.+Y....
2015.11.05.02.23.32;R;10108(0);0;

2015.11.05.02.23.32;S;20108(0);0;

2015.11.05.02.23.33;R;14102(0);12;00 00 0F 59 25 A5 2C 81 00 00 00 00
...Y%.,.....
2015.11.05.02.23.54;R;10108(0);0;

2015.11.05.02.23.54;R;14102(0);12;00 00 10 86 25 A5 2D A9 00 00 00 00
....%.-.....
2015.11.05.02.23.54;R;10108(0);0;

2015.11.05.02.23.54;R;14102(0);12;00 00 11 B3 25 A5 2E D1 00 00 00 00
....%.......
2015.11.05.02.23.54;R;10108(0);0;

2015.11.05.02.23.54;R;14102(0);12;00 00 12 E0 25 A5 2F F9 00 00 00 00
....%./.....
2015.11.05.02.23.54;R;10108(0);0;

2015.11.05.02.23.54;R;14102(0);12;00 00 14 0D 25 A5 31 21 00 00 00 00
....%.1!....
2015.11.05.02.23.54;S;20108(0);0;

2015.11.05.02.23.54;S;20108(0);0;

2015.11.05.02.23.54;S;20108(0);0;

2015.11.05.02.23.54;S;20108(0);0;

2015.11.05.02.23.57;R;10108(0);0;

2015.11.05.02.23.57;S;20108(0);0;

2015.11.05.02.23.59;R;14102(0);12;00 00 15 3A 25 A5 32 49 00 00 00 00
...:%.2I....
2015.11.05.02.24.02;R;10108(0);0;

2015.11.05.02.24.02;S;20108(0);0;

2015.11.05.02.24.04;R;14102(0);12;00 00 16 67 25 A5 33 71 00 00 00 00
...g%.3q....
2015.11.05.02.24.05;R;14102(0);24;00 00 16 AE 25 A5 33 B7 00 00 00 01 00 00 01 FA 1D CD 65 06 00 00 16 70
....%.3...........e....p
2015.11.05.02.24.08;R;10108(0);0;

2015.11.05.02.24.08;S;20108(0);0;

2015.11.05.02.24.09;R;14102(0);25;00 00 17 B4 25 A5 31 CA 00 00 00 01 00 00 01 F6 1D CD 65 07 00 00 00 17 76
....%.1...........e.....v
2015.11.05.02.24.11;R;14102(0);24;00 00 18 0E 25 A5 38 15 00 00 00 01 00 00 01 F8 1D CD 65 07 00 00 17 D0
....%.8...........e.....
2015.11.05.02.24.13;R;10108(0);0;

2015.11.05.02.24.13;S;20108(0);0;

2015.11.05.02.24.14;R;14102(0);12;00 00 18 C2 25 A5 38 C6 00 00 00 00
....%.8.....
2015.11.05.02.24.18;R;10108(0);0;

2015.11.05.02.24.18;S;20108(0);0;

2015.11.05.02.24.19;R;14102(0);12;00 00 19 EF 25 A5 39 EE 00 00 00 00
....%.9.....
2015.11.05.02.24.23;R;10108(0);0;

2015.11.05.02.24.23;S;20108(0);0;

2015.11.05.02.24.24;R;14102(0);12;00 00 1B 1C 25 A5 3B 16 00 00 00 00
....%.;.....
2015.11.05.02.24.28;R;10108(0);0;

2015.11.05.02.24.28;S;20108(0);0;

2015.11.05.02.24.29;R;14102(0);12;00 00 1C 49 25 A5 3C 3E 00 00 00 00
...I%.<>....
2015.11.05.02.24.33;R;10108(0);0;

2015.11.05.02.24.33;S;20108(0);0;

2015.11.05.02.24.34;R;14102(0);12;00 00 1D 77 25 A5 3D 67 00 00 00 00
...w%.=g....
2015.11.05.02.24.38;R;10108(0);0;

2015.11.05.02.24.38;S;20108(0);0;

2015.11.05.02.24.39;R;14102(0);12;00 00 1E A4 25 A5 3E 8F 00 00 00 00
....%.>.....
2015.11.05.02.24.43;R;10108(0);0;

2015.11.05.02.24.43;S;20108(0);0;

2015.11.05.02.28.14;R;10101(7);250;00 00 00 44 00 CE 92 D7 00 00 00 28 37 34 32 74 33 6A 39 6D 6D 32 74 78 72 70 73 70 38 78 7A 6A 6D 6D 7A 78 34 62 79 79 72 62 70 68 6A 62 67 63 78 73 77 6E 00 00 00 07 00 00 00 00 00 00 00 C8 00 00 00 10 75 63 73 6F 66 66 69 63 69 61 6C 70 61 74 63 68 00 00 00 00 00 00 00 10 64 63 66 32 30 61 63 32 33 35 30 63 63 35 35 65 FF FF FF FF 00 00 00 10 53 41 4D 53 55 4E 47 2D 53 4D 2D 4E 39 30 30 41 00 1E 84 82 00 00 00 02 64 65 00 00 00 24 35 35 37 66 62 62 65 62 2D 30 35 35 35 2D 34 38 38 33 2D 62 37 65 32 2D 37 37 32 32 62 38 64 63 30 61 63 32 00 00 00 05 34 2E 34 2E 32 01 00 00 00 00 00 00 00 10 64 63 66 32 30 61 63 32 33 35 30 63 63 35 35 65 00 00 00 00 01 00 00 00 00 21 E4 F1 6E 02 00 00 00 00 00 00 00 00 00 00 00 08 37 2E 32 30 30 2E 31 39
...D......(742t3j9mm2txrpsp8xzjmmzx4byyrbphjbgcxswn................ucsofficialpatch........dcf20ac2350cc55e........SAMSUNG-SM-N900A........de...$557fbbeb-0555-4883-b7e2-7722b8dc0ac2....4.4.2.........dcf20ac2350cc55e.........!..n.............7.200.19
2015.11.05.02.28.14;S;20000(0);24;00 00 00 10 D7 16 28 A8 08 D2 3C 1D D9 26 A4 B2 1C B4 B9 32 00 00 00 01
......(...<..&.....2....
2015.11.05.02.28.15;S;20104(1);167;00 00 00 44 00 CE 92 D7 00 00 00 44 00 CE 92 D7 00 00 00 28 45 43 39 42 43 34 33 32 39 30 30 34 32 37 41 41 41 42 42 38 35 43 37 41 34 32 45 34 45 37 30 37 36 36 42 30 33 37 44 34 FF FF FF FF FF FF FF FF 00 00 00 07 00 00 00 C8 00 00 00 00 00 00 00 05 73 74 61 74 65 00 00 00 0A 00 00 00 00 00 00 00 00 00 00 00 07 73 6F 6D 65 69 64 31 00 00 00 0D 31 34 34 36 36 38 36 38 39 35 31 30 39 00 00 00 0D 31 34 31 34 30 30 33 38 33 38 30 30 30 00 00 00 00 00 00 00 07 73 6F 6D 65 69 64 32 00 00 00 02 55 53
...D......D......(EC9BC432900427AAABB85C7A42E4E70766B037D4........................state................someid1....1446686895109....1414003838000........someid2....US
2015.11.05.02.28.15;S;24101(0);520;00 00 00 00 FF FF FF FF 56 3A B0 AF 00 00 00 00 00 00 00 44 00 CE 92 D7 00 00 0E 0F 00 00 04 B0 00 00 00 3C 01 00 00 00 63 FF FF 00 00 78 DA AB 56 4A 2A CD CC 49 C9 CC 4B 2F 56 B2 8A AE 56 4A 49 2C 49 54 B2 32 34 00 01 43 1D A5 9C B2 1C 20 4F 47 A9 42 C9 CA 08 48 55 02 29 83 5A 1D 14 65 86 26 50 65 06 10 65 A6 60 65 C6 46 E8 CA 4C 51 95 41 4D 33 A9 8D D5 51 2A 29 4A 2C 00 59 0F 64 A6 A4 26 E7 83 99 B5 00 C9 9F 2A 15 00 00 00 00 00 00 00 44 00 CE 92 D7 00 00 00 44 00 CE 92 D7 00 00 00 00 00 00 00 00 00 00 00 00 00 00 00 00 00 00 00 00 00 00 00 00 00 00 00 00 00 00 00 00 00 00 00 00 00 00 00 00 00 00 00 00 00 00 00 00 09 00 00 00 00 00 00 00 00 00 00 00 00 00 00 00 01 00 00 00 09 4E 6F 4E 61 6D 65 59 65 74 FF FF FF FF 00 00 00 09 00 00 00 73 00 0B DD 1C 00 0B DD 1C 00 00 04 B0 00 00 00 3C 00 00 0F A0 00 00 00 00 00 00 00 00 00 00 00 00 00 00 00 00 00 00 00 00 00 00 00 00 00 00 00 00 01 00 00 00 DC 6C F5 EB 48 00 00 00 00 00 00 00 00 00 00 00 00 00 00 00 00 01 00 00 00 06 00 2D C6 C1 00 00 03 E8 00 2D C6 C2 00 00 03 E8 00 2D C6 C3 00 00 00 00 00 2D C6 C4 00 01 24 F8 00 2D C6 C5 00 01 24 F8 00 2D C6 C6 00 00 01 F4 00 00 00 04 00 2D C6 C1 05 F5 E1 00 00 2D C6 C2 1D CD 65 00 00 2D C6 C3 00 00 27 10 00 2D C6 C0 00 0B DD 1C 00 00 00 00 00 00 00 00 00 00 00 00 00 00 00 00 00 00 00 00 00 00 00 00 00 00 00 00 00 00 00 00 00 00 00 0A 01 40 6F 40 01 40 6F 41 01 40 6F 42 01 40 6F 43 01 40 6F 44 01 40 6F 45 01 40 6F 46 01 40 6F 47 01 40 6F 48 01 40 6F 49 00 00 00 00 00 00 00 00 00 00 00 00 00 00 00 00 00 00 00 00 00 00 00 00 00 00 00 00 00 00 00 00
........V:.........D..............<....c....x.VJ*..I..K/V...VJI,IT.24..C..... OG.B...HU.).Z..e.&Pe..e.`e.F..LQ.AM3...Q*)J,.Y.d..&....*........D......D........................................................................NoNameYet...........s...............<.....................................l..H......................-.......-.......-.......-....$..-....$..-...........-.......-....e..-....'..-...........................................@o@.@oA.@oB.@oC.@oD.@oE.@oF.@oG.@oH.@oI................................
2015.11.05.02.28.19;R;10108(0);0;

2015.11.05.02.28.19;S;20108(0);0;

2015.11.05.02.28.20;R;14102(0);84;00 00 00 38 25 B3 2C 0B 00 00 00 06 00 00 02 1B 00 00 00 01 00 00 00 00 00 00 02 1B 00 00 00 04 00 00 00 00 00 00 02 1B 00 00 00 06 00 00 00 00 00 00 02 1B 00 00 00 0C 00 00 00 00 00 00 02 1B 00 00 00 0D 00 00 00 00 00 00 02 1B 00 00 00 0A 00 00 00 00
...8%.,.............................................................................
2015.11.05.02.28.24;R;10108(0);0;

2015.11.05.02.28.24;S;20108(0);0;

2015.11.05.02.28.25;R;14102(0);12;00 00 01 84 25 B3 2D 57 00 00 00 00
....%.-W....
2015.11.05.02.28.26;R;10212(0);11;00 00 00 06 54 6F 62 69 74 69 01
....Tobiti.
2015.11.05.02.28.26;S;24111(0);22;00 00 00 03 00 00 00 06 54 6F 62 69 74 69 00 00 00 01 FF FF FF FF
........Tobiti........
2015.11.05.02.28.27;R;14102(0);38;00 00 02 03 25 B3 32 EA 00 00 00 01 00 00 00 03 00 00 00 06 54 6F 62 69 74 69 00 00 00 01 FF FF FF FF 00 00 01 C6
....%.2.............Tobiti............
2015.11.05.02.28.29;R;10108(0);0;

2015.11.05.02.28.29;S;20108(0);0;

2015.11.05.02.28.30;R;14102(0);12;00 00 02 B1 25 B3 33 98 00 00 00 00
....%.3.....
