2015.11.05.00.22.21	[R] 10101 LoginMessage
2015.11.05.00.22.21	[M] Client with user id 292071314135 accessing with SAMSUNG-SM-N900A
2015.11.05.00.22.22	[S] 20000 SessionKeyMessage
2015.11.05.00.22.22	[S] 20104 LoginOkMessage (292071314135, Tobiti)
2015.11.05.00.22.22	[S] 24101 OwnHomeDataMessage (292071314135, Tobiti)
2015.11.05.00.22.26	[R] 10108 KeepAliveMessage (292071314135, Tobiti)
2015.11.05.00.22.26	[S] 20108 KeepAliveOkMessage (292071314135, Tobiti)
2015.11.05.00.22.27	[R] 14102 ExecuteCommandsMessage (292071314135, Tobiti)
2015.11.05.00.22.27		Unknown539Command (292071314135, Tobiti)
2015.11.05.00.22.27		Unknown539Command (292071314135, Tobiti)
2015.11.05.00.22.27		Unknown539Command (292071314135, Tobiti)
2015.11.05.00.22.27		Unknown539Command (292071314135, Tobiti)
2015.11.05.00.22.27		Unknown539Command (292071314135, Tobiti)
2015.11.05.00.22.27		Unknown539Command (292071314135, Tobiti)
2015.11.05.00.22.31	[R] 10108 KeepAliveMessage (292071314135, Tobiti)
2015.11.05.00.22.31	[S] 20108 KeepAliveOkMessage (292071314135, Tobiti)
2015.11.05.00.22.32	[R] 14102 ExecuteCommandsMessage (292071314135, Tobiti)
2015.11.05.00.22.36	[R] 10108 KeepAliveMessage (292071314135, Tobiti)
2015.11.05.00.22.36	[S] 20108 KeepAliveOkMessage (292071314135, Tobiti)
2015.11.05.00.22.37	[R] 14102 ExecuteCommandsMessage (292071314135, Tobiti)
2015.11.05.00.22.41	[R] 10108 KeepAliveMessage (292071314135, Tobiti)
2015.11.05.00.22.41	[S] 20108 KeepAliveOkMessage (292071314135, Tobiti)
2015.11.05.00.22.42	[R] 14102 ExecuteCommandsMessage (292071314135, Tobiti)
2015.11.05.00.22.46	[R] 10108 KeepAliveMessage (292071314135, Tobiti)
2015.11.05.00.22.46	[S] 20108 KeepAliveOkMessage (292071314135, Tobiti)
2015.11.05.00.22.48	[R] 14102 ExecuteCommandsMessage (292071314135, Tobiti)
2015.11.05.00.22.48		BuyBuildingCommand (292071314135, Tobiti)
2015.11.05.00.22.51	[R] 10108 KeepAliveMessage (292071314135, Tobiti)
2015.11.05.00.22.51	[S] 20108 KeepAliveOkMessage (292071314135, Tobiti)
2015.11.05.00.22.52	[R] 14102 ExecuteCommandsMessage (292071314135, Tobiti)
2015.11.05.00.22.56	[R] 10108 KeepAliveMessage (292071314135, Tobiti)
2015.11.05.00.22.56	[S] 20108 KeepAliveOkMessage (292071314135, Tobiti)
2015.11.05.00.22.58	[R] 14102 ExecuteCommandsMessage (292071314135, Tobiti)
2015.11.05.00.22.59	Starting saving players from memory to database at 05.11.2015 00:22:59
2015.11.05.00.22.59	Finished saving players from memory to database at 05.11.2015 00:22:59
2015.11.05.00.22.59	Starting saving alliances from memory to database at 05.11.2015 00:22:59
2015.11.05.00.22.59	Finished saving alliances from memory to database at 05.11.2015 00:22:59
2015.11.05.00.23.01	[R] 10108 KeepAliveMessage (292071314135, Tobiti)
2015.11.05.00.23.01	[S] 20108 KeepAliveOkMessage (292071314135, Tobiti)
2015.11.05.00.23.03	[R] 14102 ExecuteCommandsMessage (292071314135, Tobiti)
2015.11.05.00.23.07	[R] 10108 KeepAliveMessage (292071314135, Tobiti)
2015.11.05.00.23.07	[S] 20108 KeepAliveOkMessage (292071314135, Tobiti)
2015.11.05.00.23.08	[R] 14102 ExecuteCommandsMessage (292071314135, Tobiti)
2015.11.05.00.23.12	[R] 10108 KeepAliveMessage (292071314135, Tobiti)
2015.11.05.00.23.12	[S] 20108 KeepAliveOkMessage (292071314135, Tobiti)
2015.11.05.00.23.13	[R] 14102 ExecuteCommandsMessage (292071314135, Tobiti)
2015.11.05.00.23.17	[R] 10108 KeepAliveMessage (292071314135, Tobiti)
2015.11.05.00.23.17	[S] 20108 KeepAliveOkMessage (292071314135, Tobiti)
2015.11.05.00.23.18	[R] 14102 ExecuteCommandsMessage (292071314135, Tobiti)
2015.11.05.00.23.22	[R] 10108 KeepAliveMessage (292071314135, Tobiti)
2015.11.05.00.23.22	[S] 20108 KeepAliveOkMessage (292071314135, Tobiti)
2015.11.05.00.23.23	[R] 14102 ExecuteCommandsMessage (292071314135, Tobiti)
2015.11.05.00.23.27	[R] 10108 KeepAliveMessage (292071314135, Tobiti)
2015.11.05.00.23.27	[S] 20108 KeepAliveOkMessage (292071314135, Tobiti)
2015.11.05.00.23.28	[R] 14102 ExecuteCommandsMessage (292071314135, Tobiti)
2015.11.05.00.23.32	[R] 10108 KeepAliveMessage (292071314135, Tobiti)
2015.11.05.00.23.32	[S] 20108 KeepAliveOkMessage (292071314135, Tobiti)
2015.11.05.00.23.33	[R] 14102 ExecuteCommandsMessage (292071314135, Tobiti)
2015.11.05.00.23.37	[R] 10108 KeepAliveMessage (292071314135, Tobiti)
2015.11.05.00.23.37	[S] 20108 KeepAliveOkMessage (292071314135, Tobiti)
2015.11.05.00.23.38	[R] 14102 ExecuteCommandsMessage (292071314135, Tobiti)
2015.11.05.00.23.42	[R] 10108 KeepAliveMessage (292071314135, Tobiti)
2015.11.05.00.23.42	[S] 20108 KeepAliveOkMessage (292071314135, Tobiti)
2015.11.05.00.23.43	[R] 14102 ExecuteCommandsMessage (292071314135, Tobiti)
2015.11.05.00.23.47	[R] 10108 KeepAliveMessage (292071314135, Tobiti)
2015.11.05.00.23.47	[S] 20108 KeepAliveOkMessage (292071314135, Tobiti)
2015.11.05.00.23.48	[R] 14102 ExecuteCommandsMessage (292071314135, Tobiti)
2015.11.05.00.23.52	[R] 10108 KeepAliveMessage (292071314135, Tobiti)
2015.11.05.00.23.52	[S] 20108 KeepAliveOkMessage (292071314135, Tobiti)
2015.11.05.00.23.53	[R] 14102 ExecuteCommandsMessage (292071314135, Tobiti)
2015.11.05.00.23.57	[R] 10108 KeepAliveMessage (292071314135, Tobiti)
2015.11.05.00.23.57	[S] 20108 KeepAliveOkMessage (292071314135, Tobiti)
2015.11.05.00.23.58	[R] 14102 ExecuteCommandsMessage (292071314135, Tobiti)
2015.11.05.00.23.59	Starting saving players from memory to database at 05.11.2015 00:23:59
2015.11.05.00.23.59	Finished saving players from memory to database at 05.11.2015 00:23:59
2015.11.05.00.23.59	Starting saving alliances from memory to database at 05.11.2015 00:23:59
2015.11.05.00.23.59	Finished saving alliances from memory to database at 05.11.2015 00:23:59
2015.11.05.00.24.02	[R] 10108 KeepAliveMessage (292071314135, Tobiti)
2015.11.05.00.24.02	[S] 20108 KeepAliveOkMessage (292071314135, Tobiti)
2015.11.05.00.24.03	[R] 14102 ExecuteCommandsMessage (292071314135, Tobiti)
2015.11.05.00.24.07	[R] 10108 KeepAliveMessage (292071314135, Tobiti)
2015.11.05.00.24.07	[S] 20108 KeepAliveOkMessage (292071314135, Tobiti)
2015.11.05.00.24.08	[R] 14102 ExecuteCommandsMessage (292071314135, Tobiti)
2015.11.05.00.24.12	[R] 10108 KeepAliveMessage (292071314135, Tobiti)
2015.11.05.00.24.12	[S] 20108 KeepAliveOkMessage (292071314135, Tobiti)
2015.11.05.00.24.13	[R] 14102 ExecuteCommandsMessage (292071314135, Tobiti)
2015.11.05.00.24.17	[R] 10108 KeepAliveMessage (292071314135, Tobiti)
2015.11.05.00.24.17	[S] 20108 KeepAliveOkMessage (292071314135, Tobiti)
2015.11.05.00.24.18	[R] 14102 ExecuteCommandsMessage (292071314135, Tobiti)
2015.11.05.00.24.18		Unknown539Command (292071314135, Tobiti)
2015.11.05.00.24.18		Unknown539Command (292071314135, Tobiti)
2015.11.05.00.24.18		Unknown539Command (292071314135, Tobiti)
2015.11.05.00.24.20	[R] 14102 ExecuteCommandsMessage (292071314135, Tobiti)
2015.11.05.00.24.22	[R] 10108 KeepAliveMessage (292071314135, Tobiti)
2015.11.05.00.24.22	[S] 20108 KeepAliveOkMessage (292071314135, Tobiti)
2015.11.05.00.24.23	[R] 14102 ExecuteCommandsMessage (292071314135, Tobiti)
2015.11.05.00.24.27	[R] 10108 KeepAliveMessage (292071314135, Tobiti)
2015.11.05.00.24.27	[S] 20108 KeepAliveOkMessage (292071314135, Tobiti)
2015.11.05.00.24.28	[R] 14102 ExecuteCommandsMessage (292071314135, Tobiti)
2015.11.05.00.24.32	[R] 10101 LoginMessage
2015.11.05.00.24.32	[M] Client with user id 292071314135 accessing with SAMSUNG-SM-N900A
2015.11.05.00.24.32	[S] 20000 SessionKeyMessage
2015.11.05.00.24.32	[S] 20104 LoginOkMessage (292071314135, Tobiti)
2015.11.05.00.24.32	[S] 24101 OwnHomeDataMessage (292071314135, Tobiti)
2015.11.05.00.24.36	[R] 14102 ExecuteCommandsMessage (292071314135, Tobiti)
2015.11.05.00.24.36		Unknown539Command (292071314135, Tobiti)
2015.11.05.00.24.36		Unknown539Command (292071314135, Tobiti)
2015.11.05.00.24.36		Unknown539Command (292071314135, Tobiti)
2015.11.05.00.24.36		Unknown539Command (292071314135, Tobiti)
2015.11.05.00.24.36		Unknown539Command (292071314135, Tobiti)
2015.11.05.00.24.36		Unknown539Command (292071314135, Tobiti)
2015.11.05.00.24.37	[R] 10108 KeepAliveMessage (292071314135, Tobiti)
2015.11.05.00.24.37	[S] 20108 KeepAliveOkMessage (292071314135, Tobiti)
2015.11.05.00.24.38	[R] 14102 ExecuteCommandsMessage (292071314135, Tobiti)
2015.11.05.00.24.42	[R] 10108 KeepAliveMessage (292071314135, Tobiti)
2015.11.05.00.24.42	[S] 20108 KeepAliveOkMessage (292071314135, Tobiti)
2015.11.05.00.24.43	[R] 14102 ExecuteCommandsMessage (292071314135, Tobiti)
2015.11.05.00.24.47	[R] 10108 KeepAliveMessage (292071314135, Tobiti)
2015.11.05.00.24.47	[S] 20108 KeepAliveOkMessage (292071314135, Tobiti)
2015.11.05.00.24.48	[R] 14102 ExecuteCommandsMessage (292071314135, Tobiti)
2015.11.05.00.24.52	[R] 10108 KeepAliveMessage (292071314135, Tobiti)
2015.11.05.00.24.52	[S] 20108 KeepAliveOkMessage (292071314135, Tobiti)
2015.11.05.00.24.53	[R] 14102 ExecuteCommandsMessage (292071314135, Tobiti)
2015.11.05.00.24.57	[R] 10108 KeepAliveMessage (292071314135, Tobiti)
2015.11.05.00.24.57	[S] 20108 KeepAliveOkMessage (292071314135, Tobiti)
2015.11.05.00.24.58	[R] 14102 ExecuteCommandsMessage (292071314135, Tobiti)
2015.11.05.00.24.59	Starting saving players from memory to database at 05.11.2015 00:24:59
2015.11.05.00.24.59	Finished saving players from memory to database at 05.11.2015 00:24:59
2015.11.05.00.24.59	Starting saving alliances from memory to database at 05.11.2015 00:24:59
2015.11.05.00.24.59	Finished saving alliances from memory to database at 05.11.2015 00:24:59
2015.11.05.00.25.02	[R] 10108 KeepAliveMessage (292071314135, Tobiti)
2015.11.05.00.25.02	[S] 20108 KeepAliveOkMessage (292071314135, Tobiti)
2015.11.05.00.25.03	[R] 14102 ExecuteCommandsMessage (292071314135, Tobiti)
2015.11.05.00.25.07	[R] 10108 KeepAliveMessage (292071314135, Tobiti)
2015.11.05.00.25.07	[S] 20108 KeepAliveOkMessage (292071314135, Tobiti)
2015.11.05.00.25.08	[R] 14102 ExecuteCommandsMessage (292071314135, Tobiti)
2015.11.05.00.25.12	[R] 10108 KeepAliveMessage (292071314135, Tobiti)
2015.11.05.00.25.12	[S] 20108 KeepAliveOkMessage (292071314135, Tobiti)
2015.11.05.00.25.13	[R] 14102 ExecuteCommandsMessage (292071314135, Tobiti)
2015.11.05.00.25.17	[R] 10108 KeepAliveMessage (292071314135, Tobiti)
2015.11.05.00.25.17	[S] 20108 KeepAliveOkMessage (292071314135, Tobiti)
2015.11.05.00.25.18	[R] 14102 ExecuteCommandsMessage (292071314135, Tobiti)
2015.11.05.00.25.22	[R] 10108 KeepAliveMessage (292071314135, Tobiti)
2015.11.05.00.25.22	[S] 20108 KeepAliveOkMessage (292071314135, Tobiti)
2015.11.05.00.25.23	[R] 14102 ExecuteCommandsMessage (292071314135, Tobiti)
2015.11.05.00.25.27	[R] 10108 KeepAliveMessage (292071314135, Tobiti)
2015.11.05.00.25.27	[S] 20108 KeepAliveOkMessage (292071314135, Tobiti)
2015.11.05.00.25.28	[R] 14102 ExecuteCommandsMessage (292071314135, Tobiti)
2015.11.05.00.25.32	[R] 10108 KeepAliveMessage (292071314135, Tobiti)
2015.11.05.00.25.32	[S] 20108 KeepAliveOkMessage (292071314135, Tobiti)
2015.11.05.00.25.33	[R] 14102 ExecuteCommandsMessage (292071314135, Tobiti)
2015.11.05.00.25.37	[R] 10108 KeepAliveMessage (292071314135, Tobiti)
2015.11.05.00.25.37	[S] 20108 KeepAliveOkMessage (292071314135, Tobiti)
2015.11.05.00.25.38	[R] 14102 ExecuteCommandsMessage (292071314135, Tobiti)
2015.11.05.00.26.28	[R] 10108 KeepAliveMessage (292071314135, Tobiti)
2015.11.05.00.26.28	Starting saving players from memory to database at 05.11.2015 00:25:59
2015.11.05.00.26.28	[S] 20108 KeepAliveOkMessage (292071314135, Tobiti)
2015.11.05.00.26.28	[R] 14102 ExecuteCommandsMessage (292071314135, Tobiti)
2015.11.05.00.26.28	[R] 10108 KeepAliveMessage (292071314135, Tobiti)
2015.11.05.00.26.28	[S] 20108 KeepAliveOkMessage (292071314135, Tobiti)
2015.11.05.00.26.28	[R] 14102 ExecuteCommandsMessage (292071314135, Tobiti)
2015.11.05.00.26.28	[R] 10108 KeepAliveMessage (292071314135, Tobiti)
2015.11.05.00.26.28	[S] 20108 KeepAliveOkMessage (292071314135, Tobiti)
2015.11.05.00.26.28	[R] 14102 ExecuteCommandsMessage (292071314135, Tobiti)
2015.11.05.00.26.28	[R] 10108 KeepAliveMessage (292071314135, Tobiti)
2015.11.05.00.26.28	[S] 20108 KeepAliveOkMessage (292071314135, Tobiti)
2015.11.05.00.26.28	[R] 14102 ExecuteCommandsMessage (292071314135, Tobiti)
2015.11.05.00.26.28	[R] 10108 KeepAliveMessage (292071314135, Tobiti)
2015.11.05.00.26.28	[S] 20108 KeepAliveOkMessage (292071314135, Tobiti)
2015.11.05.00.26.28	[R] 14102 ExecuteCommandsMessage (292071314135, Tobiti)
2015.11.05.00.26.28	[R] 10108 KeepAliveMessage (292071314135, Tobiti)
2015.11.05.00.26.28	[S] 20108 KeepAliveOkMessage (292071314135, Tobiti)
2015.11.05.00.26.28	[R] 14102 ExecuteCommandsMessage (292071314135, Tobiti)
2015.11.05.00.26.28	[R] 10108 KeepAliveMessage (292071314135, Tobiti)
2015.11.05.00.26.28	[S] 20108 KeepAliveOkMessage (292071314135, Tobiti)
2015.11.05.00.26.28	[R] 14102 ExecuteCommandsMessage (292071314135, Tobiti)
2015.11.05.00.26.28	[R] 10108 KeepAliveMessage (292071314135, Tobiti)
2015.11.05.00.26.28	[S] 20108 KeepAliveOkMessage (292071314135, Tobiti)
2015.11.05.00.26.28	[R] 14102 ExecuteCommandsMessage (292071314135, Tobiti)
2015.11.05.00.26.28	[R] 10108 KeepAliveMessage (292071314135, Tobiti)
2015.11.05.00.26.28	[S] 20108 KeepAliveOkMessage (292071314135, Tobiti)
2015.11.05.00.26.28	[R] 14102 ExecuteCommandsMessage (292071314135, Tobiti)
2015.11.05.00.26.28	[R] 10108 KeepAliveMessage (292071314135, Tobiti)
2015.11.05.00.26.28	[S] 20108 KeepAliveOkMessage (292071314135, Tobiti)
2015.11.05.00.26.28	Finished saving players from memory to database at 05.11.2015 00:26:28
2015.11.05.00.26.28	Starting saving alliances from memory to database at 05.11.2015 00:26:28
2015.11.05.00.26.28	Finished saving alliances from memory to database at 05.11.2015 00:26:28
2015.11.05.00.26.28	[R] 14102 ExecuteCommandsMessage (292071314135, Tobiti)
2015.11.05.00.26.32	[R] 10108 KeepAliveMessage (292071314135, Tobiti)
2015.11.05.00.26.32	[S] 20108 KeepAliveOkMessage (292071314135, Tobiti)
2015.11.05.00.26.33	[R] 14102 ExecuteCommandsMessage (292071314135, Tobiti)
2015.11.05.00.26.37	[R] 10108 KeepAliveMessage (292071314135, Tobiti)
2015.11.05.00.26.37	[S] 20108 KeepAliveOkMessage (292071314135, Tobiti)
2015.11.05.00.26.38	[R] 14102 ExecuteCommandsMessage (292071314135, Tobiti)
2015.11.05.00.26.42	[R] 10108 KeepAliveMessage (292071314135, Tobiti)
2015.11.05.00.26.42	[S] 20108 KeepAliveOkMessage (292071314135, Tobiti)
2015.11.05.00.26.43	[R] 14102 ExecuteCommandsMessage (292071314135, Tobiti)
2015.11.05.00.26.47	[R] 10108 KeepAliveMessage (292071314135, Tobiti)
2015.11.05.00.26.47	[S] 20108 KeepAliveOkMessage (292071314135, Tobiti)
2015.11.05.00.26.48	[R] 14102 ExecuteCommandsMessage (292071314135, Tobiti)
2015.11.05.00.26.52	[R] 10108 KeepAliveMessage (292071314135, Tobiti)
2015.11.05.00.26.52	[S] 20108 KeepAliveOkMessage (292071314135, Tobiti)
2015.11.05.00.26.53	[R] 14102 ExecuteCommandsMessage (292071314135, Tobiti)
2015.11.05.00.26.57	[R] 10108 KeepAliveMessage (292071314135, Tobiti)
2015.11.05.00.26.57	[S] 20108 KeepAliveOkMessage (292071314135, Tobiti)
2015.11.05.00.26.59	[R] 14102 ExecuteCommandsMessage (292071314135, Tobiti)
2015.11.05.00.26.59	Starting saving players from memory to database at 05.11.2015 00:26:59
2015.11.05.00.26.59	Finished saving players from memory to database at 05.11.2015 00:26:59
2015.11.05.00.26.59	Starting saving alliances from memory to database at 05.11.2015 00:26:59
2015.11.05.00.26.59	Finished saving alliances from memory to database at 05.11.2015 00:26:59
2015.11.05.00.27.02	[R] 10108 KeepAliveMessage (292071314135, Tobiti)
2015.11.05.00.27.02	[S] 20108 KeepAliveOkMessage (292071314135, Tobiti)
2015.11.05.00.27.04	[R] 14102 ExecuteCommandsMessage (292071314135, Tobiti)
2015.11.05.00.27.08	[R] 10108 KeepAliveMessage (292071314135, Tobiti)
2015.11.05.00.27.08	[S] 20108 KeepAliveOkMessage (292071314135, Tobiti)
2015.11.05.00.27.09	[R] 14102 ExecuteCommandsMessage (292071314135, Tobiti)
2015.11.05.00.27.13	[R] 10108 KeepAliveMessage (292071314135, Tobiti)
2015.11.05.00.27.13	[S] 20108 KeepAliveOkMessage (292071314135, Tobiti)
2015.11.05.00.27.14	[R] 14102 ExecuteCommandsMessage (292071314135, Tobiti)
2015.11.05.00.27.18	[R] 10108 KeepAliveMessage (292071314135, Tobiti)
2015.11.05.00.27.18	[S] 20108 KeepAliveOkMessage (292071314135, Tobiti)
2015.11.05.00.27.19	[R] 14102 ExecuteCommandsMessage (292071314135, Tobiti)
2015.11.05.00.27.23	[R] 10108 KeepAliveMessage (292071314135, Tobiti)
2015.11.05.00.27.23	[S] 20108 KeepAliveOkMessage (292071314135, Tobiti)
2015.11.05.00.27.24	[R] 14102 ExecuteCommandsMessage (292071314135, Tobiti)
2015.11.05.00.27.28	[R] 10108 KeepAliveMessage (292071314135, Tobiti)
2015.11.05.00.27.28	[S] 20108 KeepAliveOkMessage (292071314135, Tobiti)
2015.11.05.00.27.29	[R] 14102 ExecuteCommandsMessage (292071314135, Tobiti)
2015.11.05.00.27.33	[R] 10108 KeepAliveMessage (292071314135, Tobiti)
2015.11.05.00.27.33	[S] 20108 KeepAliveOkMessage (292071314135, Tobiti)
2015.11.05.00.27.34	[R] 14102 ExecuteCommandsMessage (292071314135, Tobiti)
2015.11.05.00.27.38	[R] 10108 KeepAliveMessage (292071314135, Tobiti)
2015.11.05.00.27.38	[S] 20108 KeepAliveOkMessage (292071314135, Tobiti)
2015.11.05.00.27.39	[R] 14102 ExecuteCommandsMessage (292071314135, Tobiti)
2015.11.05.00.27.43	[R] 10108 KeepAliveMessage (292071314135, Tobiti)
2015.11.05.00.27.43	[S] 20108 KeepAliveOkMessage (292071314135, Tobiti)
2015.11.05.00.27.44	[R] 14102 ExecuteCommandsMessage (292071314135, Tobiti)
2015.11.05.00.27.48	[R] 10108 KeepAliveMessage (292071314135, Tobiti)
2015.11.05.00.27.48	[S] 20108 KeepAliveOkMessage (292071314135, Tobiti)
2015.11.05.00.27.49	[R] 14102 ExecuteCommandsMessage (292071314135, Tobiti)
2015.11.05.00.27.53	[R] 10108 KeepAliveMessage (292071314135, Tobiti)
2015.11.05.00.27.53	[S] 20108 KeepAliveOkMessage (292071314135, Tobiti)
2015.11.05.00.27.54	[R] 14102 ExecuteCommandsMessage (292071314135, Tobiti)
2015.11.05.00.27.58	[R] 10108 KeepAliveMessage (292071314135, Tobiti)
2015.11.05.00.27.58	[S] 20108 KeepAliveOkMessage (292071314135, Tobiti)
2015.11.05.00.27.59	Starting saving players from memory to database at 05.11.2015 00:27:59
2015.11.05.00.27.59	Finished saving players from memory to database at 05.11.2015 00:27:59
2015.11.05.00.27.59	Starting saving alliances from memory to database at 05.11.2015 00:27:59
2015.11.05.00.27.59	Finished saving alliances from memory to database at 05.11.2015 00:27:59
2015.11.05.00.27.59	[R] 14102 ExecuteCommandsMessage (292071314135, Tobiti)
2015.11.05.00.28.03	[R] 10108 KeepAliveMessage (292071314135, Tobiti)
2015.11.05.00.28.03	[S] 20108 KeepAliveOkMessage (292071314135, Tobiti)
2015.11.05.00.28.04	[R] 14102 ExecuteCommandsMessage (292071314135, Tobiti)
2015.11.05.00.28.08	[R] 10108 KeepAliveMessage (292071314135, Tobiti)
2015.11.05.00.28.08	[S] 20108 KeepAliveOkMessage (292071314135, Tobiti)
2015.11.05.00.28.09	[R] 14102 ExecuteCommandsMessage (292071314135, Tobiti)
2015.11.05.00.28.13	[R] 10108 KeepAliveMessage (292071314135, Tobiti)
2015.11.05.00.28.13	[S] 20108 KeepAliveOkMessage (292071314135, Tobiti)
2015.11.05.00.28.14	[R] 14102 ExecuteCommandsMessage (292071314135, Tobiti)
2015.11.05.00.28.18	[R] 10108 KeepAliveMessage (292071314135, Tobiti)
2015.11.05.00.28.18	[S] 20108 KeepAliveOkMessage (292071314135, Tobiti)
2015.11.05.00.28.19	[R] 14102 ExecuteCommandsMessage (292071314135, Tobiti)
2015.11.05.00.28.23	[R] 10108 KeepAliveMessage (292071314135, Tobiti)
2015.11.05.00.28.23	[S] 20108 KeepAliveOkMessage (292071314135, Tobiti)
2015.11.05.00.28.24	[R] 14102 ExecuteCommandsMessage (292071314135, Tobiti)
2015.11.05.00.28.28	[R] 10108 KeepAliveMessage (292071314135, Tobiti)
2015.11.05.00.28.28	[S] 20108 KeepAliveOkMessage (292071314135, Tobiti)
2015.11.05.00.28.29	[R] 14102 ExecuteCommandsMessage (292071314135, Tobiti)
2015.11.05.00.28.33	[R] 10108 KeepAliveMessage (292071314135, Tobiti)
2015.11.05.00.28.33	[S] 20108 KeepAliveOkMessage (292071314135, Tobiti)
2015.11.05.00.28.34	[R] 14102 ExecuteCommandsMessage (292071314135, Tobiti)
2015.11.05.00.28.38	[R] 10108 KeepAliveMessage (292071314135, Tobiti)
2015.11.05.00.28.38	[S] 20108 KeepAliveOkMessage (292071314135, Tobiti)
2015.11.05.00.28.39	[R] 14102 ExecuteCommandsMessage (292071314135, Tobiti)
2015.11.05.00.28.43	[R] 10108 KeepAliveMessage (292071314135, Tobiti)
2015.11.05.00.28.43	[S] 20108 KeepAliveOkMessage (292071314135, Tobiti)
2015.11.05.00.28.44	[R] 14102 ExecuteCommandsMessage (292071314135, Tobiti)
2015.11.05.00.28.48	[R] 10108 KeepAliveMessage (292071314135, Tobiti)
2015.11.05.00.28.48	[S] 20108 KeepAliveOkMessage (292071314135, Tobiti)
2015.11.05.00.28.49	[R] 14102 ExecuteCommandsMessage (292071314135, Tobiti)
2015.11.05.00.28.53	[R] 10108 KeepAliveMessage (292071314135, Tobiti)
2015.11.05.00.28.53	[S] 20108 KeepAliveOkMessage (292071314135, Tobiti)
2015.11.05.00.28.54	[R] 14102 ExecuteCommandsMessage (292071314135, Tobiti)
2015.11.05.00.28.58	[R] 10108 KeepAliveMessage (292071314135, Tobiti)
2015.11.05.00.28.58	[S] 20108 KeepAliveOkMessage (292071314135, Tobiti)
2015.11.05.00.28.59	Starting saving players from memory to database at 05.11.2015 00:28:59
2015.11.05.00.28.59	Finished saving players from memory to database at 05.11.2015 00:28:59
2015.11.05.00.28.59	Starting saving alliances from memory to database at 05.11.2015 00:28:59
2015.11.05.00.28.59	Finished saving alliances from memory to database at 05.11.2015 00:28:59
2015.11.05.00.28.59	[R] 14102 ExecuteCommandsMessage (292071314135, Tobiti)
2015.11.05.00.29.03	[R] 10108 KeepAliveMessage (292071314135, Tobiti)
2015.11.05.00.29.03	[S] 20108 KeepAliveOkMessage (292071314135, Tobiti)
2015.11.05.00.29.04	[R] 14102 ExecuteCommandsMessage (292071314135, Tobiti)
2015.11.05.00.29.08	[R] 10108 KeepAliveMessage (292071314135, Tobiti)
2015.11.05.00.29.08	[S] 20108 KeepAliveOkMessage (292071314135, Tobiti)
2015.11.05.00.29.09	[R] 14102 ExecuteCommandsMessage (292071314135, Tobiti)
2015.11.05.00.29.13	[R] 10108 KeepAliveMessage (292071314135, Tobiti)
2015.11.05.00.29.13	[S] 20108 KeepAliveOkMessage (292071314135, Tobiti)
2015.11.05.00.29.14	[R] 14102 ExecuteCommandsMessage (292071314135, Tobiti)
2015.11.05.00.29.18	[R] 10108 KeepAliveMessage (292071314135, Tobiti)
2015.11.05.00.29.18	[S] 20108 KeepAliveOkMessage (292071314135, Tobiti)
2015.11.05.00.29.19	[R] 14102 ExecuteCommandsMessage (292071314135, Tobiti)
2015.11.05.00.29.23	[R] 10108 KeepAliveMessage (292071314135, Tobiti)
2015.11.05.00.29.23	[S] 20108 KeepAliveOkMessage (292071314135, Tobiti)
2015.11.05.00.29.24	[R] 14102 ExecuteCommandsMessage (292071314135, Tobiti)
2015.11.05.00.29.32	[R] 10108 KeepAliveMessage (292071314135, Tobiti)
2015.11.05.00.29.32	[S] 20108 KeepAliveOkMessage (292071314135, Tobiti)
2015.11.05.00.29.32	[R] 14102 ExecuteCommandsMessage (292071314135, Tobiti)
2015.11.05.00.29.33	[R] 10108 KeepAliveMessage (292071314135, Tobiti)
2015.11.05.00.29.33	[S] 20108 KeepAliveOkMessage (292071314135, Tobiti)
2015.11.05.00.29.34	[R] 14102 ExecuteCommandsMessage (292071314135, Tobiti)
2015.11.05.00.29.38	[R] 14102 ExecuteCommandsMessage (292071314135, Tobiti)
2015.11.05.00.29.38	[R] 10108 KeepAliveMessage (292071314135, Tobiti)
2015.11.05.00.29.38	[S] 20108 KeepAliveOkMessage (292071314135, Tobiti)
2015.11.05.00.29.39	[R] 14102 ExecuteCommandsMessage (292071314135, Tobiti)
2015.11.05.00.29.43	[R] 10108 KeepAliveMessage (292071314135, Tobiti)
2015.11.05.00.29.43	[S] 20108 KeepAliveOkMessage (292071314135, Tobiti)
2015.11.05.00.29.44	[R] 14102 ExecuteCommandsMessage (292071314135, Tobiti)
2015.11.05.00.29.46	[R] 14102 ExecuteCommandsMessage (292071314135, Tobiti)
2015.11.05.00.29.48	[R] 10108 KeepAliveMessage (292071314135, Tobiti)
2015.11.05.00.29.48	[S] 20108 KeepAliveOkMessage (292071314135, Tobiti)
2015.11.05.00.29.49	[R] 14102 ExecuteCommandsMessage (292071314135, Tobiti)
2015.11.05.00.29.53	[R] 10108 KeepAliveMessage (292071314135, Tobiti)
2015.11.05.00.29.53	[S] 20108 KeepAliveOkMessage (292071314135, Tobiti)
2015.11.05.00.29.54	[R] 14102 ExecuteCommandsMessage (292071314135, Tobiti)
2015.11.05.00.29.57	[R] 14102 ExecuteCommandsMessage (292071314135, Tobiti)
2015.11.05.00.29.58	[R] 10108 KeepAliveMessage (292071314135, Tobiti)
2015.11.05.00.29.58	[S] 20108 KeepAliveOkMessage (292071314135, Tobiti)
2015.11.05.00.29.59	Starting saving players from memory to database at 05.11.2015 00:29:59
2015.11.05.00.29.59	Finished saving players from memory to database at 05.11.2015 00:29:59
2015.11.05.00.29.59	Starting saving alliances from memory to database at 05.11.2015 00:29:59
2015.11.05.00.29.59	Finished saving alliances from memory to database at 05.11.2015 00:29:59
2015.11.05.00.29.59	[R] 14102 ExecuteCommandsMessage (292071314135, Tobiti)
2015.11.05.00.30.01	[R] 14102 ExecuteCommandsMessage (292071314135, Tobiti)
2015.11.05.00.30.03	[R] 10108 KeepAliveMessage (292071314135, Tobiti)
2015.11.05.00.30.03	[S] 20108 KeepAliveOkMessage (292071314135, Tobiti)
2015.11.05.00.30.04	[R] 14102 ExecuteCommandsMessage (292071314135, Tobiti)
2015.11.05.00.30.14	[R] 10108 KeepAliveMessage (292071314135, Tobiti)
2015.11.05.00.30.14	[S] 20108 KeepAliveOkMessage (292071314135, Tobiti)
2015.11.05.00.30.14	[R] 14102 ExecuteCommandsMessage (292071314135, Tobiti)
2015.11.05.00.30.14	[R] 10108 KeepAliveMessage (292071314135, Tobiti)
2015.11.05.00.30.14	[S] 20108 KeepAliveOkMessage (292071314135, Tobiti)
2015.11.05.00.30.14	[R] 14102 ExecuteCommandsMessage (292071314135, Tobiti)
2015.11.05.00.30.18	[R] 10108 KeepAliveMessage (292071314135, Tobiti)
2015.11.05.00.30.18	[S] 20108 KeepAliveOkMessage (292071314135, Tobiti)
2015.11.05.00.30.19	[R] 14102 ExecuteCommandsMessage (292071314135, Tobiti)
2015.11.05.00.30.23	[R] 10108 KeepAliveMessage (292071314135, Tobiti)
2015.11.05.00.30.23	[S] 20108 KeepAliveOkMessage (292071314135, Tobiti)
2015.11.05.00.30.24	[R] 14102 ExecuteCommandsMessage (292071314135, Tobiti)
2015.11.05.00.30.28	[R] 10108 KeepAliveMessage (292071314135, Tobiti)
2015.11.05.00.30.28	[S] 20108 KeepAliveOkMessage (292071314135, Tobiti)
2015.11.05.00.30.29	[R] 14102 ExecuteCommandsMessage (292071314135, Tobiti)
2015.11.05.00.30.33	[R] 10108 KeepAliveMessage (292071314135, Tobiti)
2015.11.05.00.30.33	[S] 20108 KeepAliveOkMessage (292071314135, Tobiti)
2015.11.05.00.30.34	[R] 14102 ExecuteCommandsMessage (292071314135, Tobiti)
2015.11.05.00.30.38	[R] 10108 KeepAliveMessage (292071314135, Tobiti)
2015.11.05.00.30.38	[S] 20108 KeepAliveOkMessage (292071314135, Tobiti)
2015.11.05.00.30.39	[R] 14102 ExecuteCommandsMessage (292071314135, Tobiti)
2015.11.05.00.30.43	[R] 10108 KeepAliveMessage (292071314135, Tobiti)
2015.11.05.00.30.43	[S] 20108 KeepAliveOkMessage (292071314135, Tobiti)
2015.11.05.00.30.44	[R] 14102 ExecuteCommandsMessage (292071314135, Tobiti)
2015.11.05.00.30.48	[R] 10108 KeepAliveMessage (292071314135, Tobiti)
2015.11.05.00.30.48	[S] 20108 KeepAliveOkMessage (292071314135, Tobiti)
2015.11.05.00.30.49	[R] 14102 ExecuteCommandsMessage (292071314135, Tobiti)
2015.11.05.00.30.53	[R] 10108 KeepAliveMessage (292071314135, Tobiti)
2015.11.05.00.30.53	[S] 20108 KeepAliveOkMessage (292071314135, Tobiti)
2015.11.05.00.30.54	[R] 14102 ExecuteCommandsMessage (292071314135, Tobiti)
2015.11.05.00.30.58	[R] 10108 KeepAliveMessage (292071314135, Tobiti)
2015.11.05.00.30.58	[S] 20108 KeepAliveOkMessage (292071314135, Tobiti)
2015.11.05.00.30.59	Starting saving players from memory to database at 05.11.2015 00:30:59
2015.11.05.00.30.59	Finished saving players from memory to database at 05.11.2015 00:30:59
2015.11.05.00.30.59	Starting saving alliances from memory to database at 05.11.2015 00:30:59
2015.11.05.00.30.59	Finished saving alliances from memory to database at 05.11.2015 00:30:59
2015.11.05.00.30.59	[R] 14102 ExecuteCommandsMessage (292071314135, Tobiti)
2015.11.05.00.31.03	[R] 10108 KeepAliveMessage (292071314135, Tobiti)
2015.11.05.00.31.03	[S] 20108 KeepAliveOkMessage (292071314135, Tobiti)
2015.11.05.00.31.04	[R] 14102 ExecuteCommandsMessage (292071314135, Tobiti)
2015.11.05.00.31.08	[R] 10108 KeepAliveMessage (292071314135, Tobiti)
2015.11.05.00.31.08	[S] 20108 KeepAliveOkMessage (292071314135, Tobiti)
2015.11.05.00.31.09	[R] 14102 ExecuteCommandsMessage (292071314135, Tobiti)
2015.11.05.00.31.13	[R] 10108 KeepAliveMessage (292071314135, Tobiti)
2015.11.05.00.31.13	[S] 20108 KeepAliveOkMessage (292071314135, Tobiti)
2015.11.05.00.31.15	[R] 14102 ExecuteCommandsMessage (292071314135, Tobiti)
2015.11.05.00.31.18	[R] 10108 KeepAliveMessage (292071314135, Tobiti)
2015.11.05.00.31.18	[S] 20108 KeepAliveOkMessage (292071314135, Tobiti)
2015.11.05.00.31.20	[R] 14102 ExecuteCommandsMessage (292071314135, Tobiti)
2015.11.05.00.31.24	[R] 10108 KeepAliveMessage (292071314135, Tobiti)
2015.11.05.00.31.24	[S] 20108 KeepAliveOkMessage (292071314135, Tobiti)
2015.11.05.00.31.25	[R] 14102 ExecuteCommandsMessage (292071314135, Tobiti)
2015.11.05.00.31.29	[R] 10108 KeepAliveMessage (292071314135, Tobiti)
2015.11.05.00.31.29	[S] 20108 KeepAliveOkMessage (292071314135, Tobiti)
2015.11.05.00.31.30	[R] 14102 ExecuteCommandsMessage (292071314135, Tobiti)
2015.11.05.00.31.34	[R] 10108 KeepAliveMessage (292071314135, Tobiti)
2015.11.05.00.31.34	[S] 20108 KeepAliveOkMessage (292071314135, Tobiti)
2015.11.05.00.31.35	[R] 14102 ExecuteCommandsMessage (292071314135, Tobiti)
2015.11.05.00.31.39	[R] 10108 KeepAliveMessage (292071314135, Tobiti)
2015.11.05.00.31.39	[S] 20108 KeepAliveOkMessage (292071314135, Tobiti)
2015.11.05.00.31.40	[R] 14102 ExecuteCommandsMessage (292071314135, Tobiti)
2015.11.05.00.31.44	[R] 10108 KeepAliveMessage (292071314135, Tobiti)
2015.11.05.00.31.44	[S] 20108 KeepAliveOkMessage (292071314135, Tobiti)
2015.11.05.00.31.45	[R] 14102 ExecuteCommandsMessage (292071314135, Tobiti)
2015.11.05.00.31.49	[R] 10108 KeepAliveMessage (292071314135, Tobiti)
2015.11.05.00.31.49	[S] 20108 KeepAliveOkMessage (292071314135, Tobiti)
2015.11.05.00.31.50	[R] 14102 ExecuteCommandsMessage (292071314135, Tobiti)
2015.11.05.00.31.54	[R] 10108 KeepAliveMessage (292071314135, Tobiti)
2015.11.05.00.31.54	[S] 20108 KeepAliveOkMessage (292071314135, Tobiti)
2015.11.05.00.31.55	[R] 14102 ExecuteCommandsMessage (292071314135, Tobiti)
2015.11.05.00.31.59	Starting saving players from memory to database at 05.11.2015 00:31:59
2015.11.05.00.31.59	[R] 10108 KeepAliveMessage (292071314135, Tobiti)
2015.11.05.00.31.59	[S] 20108 KeepAliveOkMessage (292071314135, Tobiti)
2015.11.05.00.31.59	Finished saving players from memory to database at 05.11.2015 00:31:59
2015.11.05.00.31.59	Starting saving alliances from memory to database at 05.11.2015 00:31:59
2015.11.05.00.31.59	Finished saving alliances from memory to database at 05.11.2015 00:31:59
2015.11.05.00.32.00	[R] 14102 ExecuteCommandsMessage (292071314135, Tobiti)
2015.11.05.00.32.04	[R] 10108 KeepAliveMessage (292071314135, Tobiti)
2015.11.05.00.32.04	[S] 20108 KeepAliveOkMessage (292071314135, Tobiti)
2015.11.05.00.32.05	[R] 14102 ExecuteCommandsMessage (292071314135, Tobiti)
2015.11.05.00.32.09	[R] 10108 KeepAliveMessage (292071314135, Tobiti)
2015.11.05.00.32.09	[S] 20108 KeepAliveOkMessage (292071314135, Tobiti)
2015.11.05.00.32.10	[R] 14102 ExecuteCommandsMessage (292071314135, Tobiti)
2015.11.05.00.32.14	[R] 10108 KeepAliveMessage (292071314135, Tobiti)
2015.11.05.00.32.14	[S] 20108 KeepAliveOkMessage (292071314135, Tobiti)
2015.11.05.00.32.15	[R] 14102 ExecuteCommandsMessage (292071314135, Tobiti)
2015.11.05.00.32.19	[R] 10108 KeepAliveMessage (292071314135, Tobiti)
2015.11.05.00.32.19	[S] 20108 KeepAliveOkMessage (292071314135, Tobiti)
2015.11.05.00.32.20	[R] 14102 ExecuteCommandsMessage (292071314135, Tobiti)
2015.11.05.00.32.24	[R] 10108 KeepAliveMessage (292071314135, Tobiti)
2015.11.05.00.32.24	[S] 20108 KeepAliveOkMessage (292071314135, Tobiti)
2015.11.05.00.32.25	[R] 14102 ExecuteCommandsMessage (292071314135, Tobiti)
2015.11.05.00.32.29	[R] 10108 KeepAliveMessage (292071314135, Tobiti)
2015.11.05.00.32.29	[S] 20108 KeepAliveOkMessage (292071314135, Tobiti)
2015.11.05.00.32.30	[R] 14102 ExecuteCommandsMessage (292071314135, Tobiti)
2015.11.05.00.32.34	[R] 10108 KeepAliveMessage (292071314135, Tobiti)
2015.11.05.00.32.34	[S] 20108 KeepAliveOkMessage (292071314135, Tobiti)
2015.11.05.00.32.35	[R] 14102 ExecuteCommandsMessage (292071314135, Tobiti)
2015.11.05.00.32.39	[R] 10108 KeepAliveMessage (292071314135, Tobiti)
2015.11.05.00.32.39	[S] 20108 KeepAliveOkMessage (292071314135, Tobiti)
2015.11.05.00.32.40	[R] 14102 ExecuteCommandsMessage (292071314135, Tobiti)
2015.11.05.00.32.44	[R] 10108 KeepAliveMessage (292071314135, Tobiti)
2015.11.05.00.32.44	[S] 20108 KeepAliveOkMessage (292071314135, Tobiti)
2015.11.05.00.32.45	[R] 14102 ExecuteCommandsMessage (292071314135, Tobiti)
2015.11.05.00.46.07	[R] 10101 LoginMessage
2015.11.05.00.46.07	[M] Client with user id 292071314135 accessing with SAMSUNG-SM-N900A
2015.11.05.00.46.08	[S] 20000 SessionKeyMessage
2015.11.05.00.46.08	[S] 20104 LoginOkMessage (292071314135, Tobiti)
2015.11.05.00.46.08	[S] 24101 OwnHomeDataMessage (292071314135, Tobiti)
2015.11.05.00.46.11	[R] 14102 ExecuteCommandsMessage (292071314135, Tobiti)
2015.11.05.00.46.11		Unknown539Command (292071314135, Tobiti)
2015.11.05.00.46.11		Unknown539Command (292071314135, Tobiti)
2015.11.05.00.46.11		Unknown539Command (292071314135, Tobiti)
2015.11.05.00.46.11		Unknown539Command (292071314135, Tobiti)
2015.11.05.00.46.11		Unknown539Command (292071314135, Tobiti)
2015.11.05.00.46.11		Unknown539Command (292071314135, Tobiti)
2015.11.05.00.46.12	[R] 10108 KeepAliveMessage (292071314135, Tobiti)
2015.11.05.00.46.12	[S] 20108 KeepAliveOkMessage (292071314135, Tobiti)
2015.11.05.00.46.13	[R] 14102 ExecuteCommandsMessage (292071314135, Tobiti)
2015.11.05.00.46.17	[R] 10108 KeepAliveMessage (292071314135, Tobiti)
2015.11.05.00.46.17	[S] 20108 KeepAliveOkMessage (292071314135, Tobiti)
2015.11.05.00.46.18	[R] 14102 ExecuteCommandsMessage (292071314135, Tobiti)
2015.11.05.00.46.22	[R] 10108 KeepAliveMessage (292071314135, Tobiti)
2015.11.05.00.46.22	[S] 20108 KeepAliveOkMessage (292071314135, Tobiti)
2015.11.05.00.46.23	[R] 14102 ExecuteCommandsMessage (292071314135, Tobiti)
2015.11.05.00.46.27	[R] 10108 KeepAliveMessage (292071314135, Tobiti)
2015.11.05.00.46.27	[S] 20108 KeepAliveOkMessage (292071314135, Tobiti)
2015.11.05.00.46.28	[R] 14102 ExecuteCommandsMessage (292071314135, Tobiti)
2015.11.05.00.46.32	[R] 10108 KeepAliveMessage (292071314135, Tobiti)
2015.11.05.00.46.32	[S] 20108 KeepAliveOkMessage (292071314135, Tobiti)
2015.11.05.00.46.33	[R] 14102 ExecuteCommandsMessage (292071314135, Tobiti)
2015.11.05.00.46.37	[R] 10108 KeepAliveMessage (292071314135, Tobiti)
2015.11.05.00.46.37	[S] 20108 KeepAliveOkMessage (292071314135, Tobiti)
2015.11.05.00.46.38	[R] 14102 ExecuteCommandsMessage (292071314135, Tobiti)
2015.11.05.00.46.42	[R] 10108 KeepAliveMessage (292071314135, Tobiti)
2015.11.05.00.46.42	[S] 20108 KeepAliveOkMessage (292071314135, Tobiti)
2015.11.05.00.46.43	[R] 14102 ExecuteCommandsMessage (292071314135, Tobiti)
2015.11.05.00.46.47	[R] 10108 KeepAliveMessage (292071314135, Tobiti)
2015.11.05.00.46.47	[S] 20108 KeepAliveOkMessage (292071314135, Tobiti)
2015.11.05.00.46.48	[R] 14102 ExecuteCommandsMessage (292071314135, Tobiti)
2015.11.05.00.46.52	[R] 10108 KeepAliveMessage (292071314135, Tobiti)
2015.11.05.00.46.52	[S] 20108 KeepAliveOkMessage (292071314135, Tobiti)
2015.11.05.00.46.53	[R] 14102 ExecuteCommandsMessage (292071314135, Tobiti)
2015.11.05.00.46.53	Starting saving players from memory to database at 05.11.2015 00:46:53
2015.11.05.00.46.53	Finished saving players from memory to database at 05.11.2015 00:46:53
2015.11.05.00.46.53	Starting saving alliances from memory to database at 05.11.2015 00:46:53
2015.11.05.00.46.53	Finished saving alliances from memory to database at 05.11.2015 00:46:53
2015.11.05.00.46.57	[R] 10108 KeepAliveMessage (292071314135, Tobiti)
2015.11.05.00.46.57	[S] 20108 KeepAliveOkMessage (292071314135, Tobiti)
2015.11.05.00.46.58	[R] 14102 ExecuteCommandsMessage (292071314135, Tobiti)
2015.11.05.00.47.02	[R] 10108 KeepAliveMessage (292071314135, Tobiti)
2015.11.05.00.47.02	[S] 20108 KeepAliveOkMessage (292071314135, Tobiti)
2015.11.05.00.47.03	[R] 14102 ExecuteCommandsMessage (292071314135, Tobiti)
2015.11.05.00.47.07	[R] 10108 KeepAliveMessage (292071314135, Tobiti)
2015.11.05.00.47.07	[S] 20108 KeepAliveOkMessage (292071314135, Tobiti)
2015.11.05.00.47.08	[R] 14102 ExecuteCommandsMessage (292071314135, Tobiti)
2015.11.05.00.47.12	[R] 10108 KeepAliveMessage (292071314135, Tobiti)
2015.11.05.00.47.12	[S] 20108 KeepAliveOkMessage (292071314135, Tobiti)
2015.11.05.00.47.13	[R] 14102 ExecuteCommandsMessage (292071314135, Tobiti)
2015.11.05.00.47.17	[R] 14102 ExecuteCommandsMessage (292071314135, Tobiti)
2015.11.05.00.48.09	Starting saving players from memory to database at 05.11.2015 00:48:09
2015.11.05.00.48.09	[R] 10108 KeepAliveMessage (292071314135, Tobiti)
2015.11.05.00.48.09	[S] 20108 KeepAliveOkMessage (292071314135, Tobiti)
2015.11.05.00.48.09	[R] 14102 ExecuteCommandsMessage (292071314135, Tobiti)
2015.11.05.00.48.09	[R] 10108 KeepAliveMessage (292071314135, Tobiti)
2015.11.05.00.48.09	[S] 20108 KeepAliveOkMessage (292071314135, Tobiti)
2015.11.05.00.48.09	[R] 14102 ExecuteCommandsMessage (292071314135, Tobiti)
2015.11.05.00.48.09	[R] 10108 KeepAliveMessage (292071314135, Tobiti)
2015.11.05.00.48.09	[S] 20108 KeepAliveOkMessage (292071314135, Tobiti)
2015.11.05.00.48.09	[R] 14102 ExecuteCommandsMessage (292071314135, Tobiti)
2015.11.05.00.48.09	[R] 10108 KeepAliveMessage (292071314135, Tobiti)
2015.11.05.00.48.09	[S] 20108 KeepAliveOkMessage (292071314135, Tobiti)
2015.11.05.00.48.09	[R] 14102 ExecuteCommandsMessage (292071314135, Tobiti)
2015.11.05.00.48.09	[R] 10108 KeepAliveMessage (292071314135, Tobiti)
2015.11.05.00.48.09	[S] 20108 KeepAliveOkMessage (292071314135, Tobiti)
2015.11.05.00.48.09	[R] 14102 ExecuteCommandsMessage (292071314135, Tobiti)
2015.11.05.00.48.09	[R] 10108 KeepAliveMessage (292071314135, Tobiti)
2015.11.05.00.48.09	[S] 20108 KeepAliveOkMessage (292071314135, Tobiti)
2015.11.05.00.48.09	[R] 14102 ExecuteCommandsMessage (292071314135, Tobiti)
2015.11.05.00.48.09	[R] 10108 KeepAliveMessage (292071314135, Tobiti)
2015.11.05.00.48.09	[S] 20108 KeepAliveOkMessage (292071314135, Tobiti)
2015.11.05.00.48.09	[R] 14102 ExecuteCommandsMessage (292071314135, Tobiti)
2015.11.05.00.48.09	[R] 10108 KeepAliveMessage (292071314135, Tobiti)
2015.11.05.00.48.09	[S] 20108 KeepAliveOkMessage (292071314135, Tobiti)
2015.11.05.00.48.09	[R] 14102 ExecuteCommandsMessage (292071314135, Tobiti)
2015.11.05.00.48.09	[R] 10108 KeepAliveMessage (292071314135, Tobiti)
2015.11.05.00.48.09	[S] 20108 KeepAliveOkMessage (292071314135, Tobiti)
2015.11.05.00.48.09	[R] 14102 ExecuteCommandsMessage (292071314135, Tobiti)
2015.11.05.00.48.09	[R] 10108 KeepAliveMessage (292071314135, Tobiti)
2015.11.05.00.48.09	[S] 20108 KeepAliveOkMessage (292071314135, Tobiti)
2015.11.05.00.48.09	[R] 14102 ExecuteCommandsMessage (292071314135, Tobiti)
2015.11.05.00.48.09	[R] 10108 KeepAliveMessage (292071314135, Tobiti)
2015.11.05.00.48.09	[S] 20108 KeepAliveOkMessage (292071314135, Tobiti)
2015.11.05.00.48.09	[R] 14102 ExecuteCommandsMessage (292071314135, Tobiti)
2015.11.05.00.48.09	Finished saving players from memory to database at 05.11.2015 00:48:09
2015.11.05.00.48.09	Starting saving alliances from memory to database at 05.11.2015 00:48:09
2015.11.05.00.48.09	Finished saving alliances from memory to database at 05.11.2015 00:48:09
2015.11.05.00.48.12	[R] 10108 KeepAliveMessage (292071314135, Tobiti)
2015.11.05.00.48.12	[S] 20108 KeepAliveOkMessage (292071314135, Tobiti)
2015.11.05.00.48.13	[R] 14102 ExecuteCommandsMessage (292071314135, Tobiti)
2015.11.05.00.48.17	[R] 10108 KeepAliveMessage (292071314135, Tobiti)
2015.11.05.00.48.17	[S] 20108 KeepAliveOkMessage (292071314135, Tobiti)
2015.11.05.00.48.18	[R] 14102 ExecuteCommandsMessage (292071314135, Tobiti)
2015.11.05.00.48.22	[R] 10108 KeepAliveMessage (292071314135, Tobiti)
2015.11.05.00.48.22	[S] 20108 KeepAliveOkMessage (292071314135, Tobiti)
2015.11.05.00.48.23	[R] 14102 ExecuteCommandsMessage (292071314135, Tobiti)
2015.11.05.00.48.25	[R] 14102 ExecuteCommandsMessage (292071314135, Tobiti)
2015.11.05.00.48.25		UpgradeBuildingCommand (292071314135, Tobiti)
2015.11.05.00.48.27	[R] 10108 KeepAliveMessage (292071314135, Tobiti)
2015.11.05.00.48.27	[S] 20108 KeepAliveOkMessage (292071314135, Tobiti)
2015.11.05.00.48.29	[R] 14102 ExecuteCommandsMessage (292071314135, Tobiti)
2015.11.05.00.48.29		SpeedUpConstructionCommand (292071314135, Tobiti)
2015.11.05.00.48.32	[R] 10108 KeepAliveMessage (292071314135, Tobiti)
2015.11.05.00.48.32	[S] 20108 KeepAliveOkMessage (292071314135, Tobiti)
2015.11.05.00.48.33	[R] 14102 ExecuteCommandsMessage (292071314135, Tobiti)
2015.11.05.00.48.39	[R] 10108 KeepAliveMessage (292071314135, Tobiti)
2015.11.05.00.48.39	[S] 20108 KeepAliveOkMessage (292071314135, Tobiti)
2015.11.05.00.48.39	[R] 14102 ExecuteCommandsMessage (292071314135, Tobiti)
2015.11.05.00.48.42	[R] 10108 KeepAliveMessage (292071314135, Tobiti)
2015.11.05.00.48.42	[S] 20108 KeepAliveOkMessage (292071314135, Tobiti)
2015.11.05.00.48.43	[R] 14102 ExecuteCommandsMessage (292071314135, Tobiti)
2015.11.05.00.48.47	[R] 10108 KeepAliveMessage (292071314135, Tobiti)
2015.11.05.00.48.47	[S] 20108 KeepAliveOkMessage (292071314135, Tobiti)
2015.11.05.00.48.48	[R] 14102 ExecuteCommandsMessage (292071314135, Tobiti)
2015.11.05.00.48.52	[R] 10108 KeepAliveMessage (292071314135, Tobiti)
2015.11.05.00.48.52	[S] 20108 KeepAliveOkMessage (292071314135, Tobiti)
2015.11.05.00.48.53	[R] 14102 ExecuteCommandsMessage (292071314135, Tobiti)
2015.11.05.00.48.57	[R] 10108 KeepAliveMessage (292071314135, Tobiti)
2015.11.05.00.48.57	[S] 20108 KeepAliveOkMessage (292071314135, Tobiti)
2015.11.05.00.48.58	[R] 14102 ExecuteCommandsMessage (292071314135, Tobiti)
2015.11.05.00.49.02	[R] 10108 KeepAliveMessage (292071314135, Tobiti)
2015.11.05.00.49.02	[S] 20108 KeepAliveOkMessage (292071314135, Tobiti)
2015.11.05.00.49.03	[R] 14102 ExecuteCommandsMessage (292071314135, Tobiti)
2015.11.05.00.49.07	[R] 10108 KeepAliveMessage (292071314135, Tobiti)
2015.11.05.00.49.07	[S] 20108 KeepAliveOkMessage (292071314135, Tobiti)
2015.11.05.00.49.08	[R] 14102 ExecuteCommandsMessage (292071314135, Tobiti)
2015.11.05.00.49.09	Starting saving players from memory to database at 05.11.2015 00:49:09
2015.11.05.00.49.09	Finished saving players from memory to database at 05.11.2015 00:49:09
2015.11.05.00.49.09	Starting saving alliances from memory to database at 05.11.2015 00:49:09
2015.11.05.00.49.09	Finished saving alliances from memory to database at 05.11.2015 00:49:09
2015.11.05.00.49.12	[R] 10108 KeepAliveMessage (292071314135, Tobiti)
2015.11.05.00.49.12	[S] 20108 KeepAliveOkMessage (292071314135, Tobiti)
2015.11.05.00.49.13	[R] 14102 ExecuteCommandsMessage (292071314135, Tobiti)
2015.11.05.00.49.17	[R] 10108 KeepAliveMessage (292071314135, Tobiti)
2015.11.05.00.49.17	[S] 20108 KeepAliveOkMessage (292071314135, Tobiti)
2015.11.05.00.49.18	[R] 14102 ExecuteCommandsMessage (292071314135, Tobiti)
2015.11.05.00.49.22	[R] 10108 KeepAliveMessage (292071314135, Tobiti)
2015.11.05.00.49.22	[S] 20108 KeepAliveOkMessage (292071314135, Tobiti)
2015.11.05.00.49.23	[R] 14102 ExecuteCommandsMessage (292071314135, Tobiti)
2015.11.05.00.49.27	[R] 10108 KeepAliveMessage (292071314135, Tobiti)
2015.11.05.00.49.27	[S] 20108 KeepAliveOkMessage (292071314135, Tobiti)
2015.11.05.00.49.28	[R] 14102 ExecuteCommandsMessage (292071314135, Tobiti)
2015.11.05.00.49.32	[R] 10108 KeepAliveMessage (292071314135, Tobiti)
2015.11.05.00.49.32	[S] 20108 KeepAliveOkMessage (292071314135, Tobiti)
2015.11.05.00.49.33	[R] 14102 ExecuteCommandsMessage (292071314135, Tobiti)
2015.11.05.00.49.37	[R] 10108 KeepAliveMessage (292071314135, Tobiti)
2015.11.05.00.49.37	[S] 20108 KeepAliveOkMessage (292071314135, Tobiti)
2015.11.05.00.49.38	[R] 14102 ExecuteCommandsMessage (292071314135, Tobiti)
2015.11.05.00.49.42	[R] 10108 KeepAliveMessage (292071314135, Tobiti)
2015.11.05.00.49.42	[S] 20108 KeepAliveOkMessage (292071314135, Tobiti)
2015.11.05.00.49.43	[R] 14102 ExecuteCommandsMessage (292071314135, Tobiti)
2015.11.05.00.49.47	[R] 10108 KeepAliveMessage (292071314135, Tobiti)
2015.11.05.00.49.47	[S] 20108 KeepAliveOkMessage (292071314135, Tobiti)
2015.11.05.00.49.48	[R] 14102 ExecuteCommandsMessage (292071314135, Tobiti)
2015.11.05.00.49.52	[R] 10108 KeepAliveMessage (292071314135, Tobiti)
2015.11.05.00.49.52	[S] 20108 KeepAliveOkMessage (292071314135, Tobiti)
2015.11.05.00.49.53	[R] 14102 ExecuteCommandsMessage (292071314135, Tobiti)
2015.11.05.00.49.57	[R] 10108 KeepAliveMessage (292071314135, Tobiti)
2015.11.05.00.49.57	[S] 20108 KeepAliveOkMessage (292071314135, Tobiti)
2015.11.05.00.49.58	[R] 14102 ExecuteCommandsMessage (292071314135, Tobiti)
2015.11.05.00.50.02	[R] 10108 KeepAliveMessage (292071314135, Tobiti)
2015.11.05.00.50.02	[S] 20108 KeepAliveOkMessage (292071314135, Tobiti)
2015.11.05.00.50.03	[R] 14102 ExecuteCommandsMessage (292071314135, Tobiti)
2015.11.05.00.50.07	[R] 10108 KeepAliveMessage (292071314135, Tobiti)
2015.11.05.00.50.07	[S] 20108 KeepAliveOkMessage (292071314135, Tobiti)
2015.11.05.00.50.09	[R] 14102 ExecuteCommandsMessage (292071314135, Tobiti)
2015.11.05.00.50.09	Starting saving players from memory to database at 05.11.2015 00:50:09
2015.11.05.00.50.09	Finished saving players from memory to database at 05.11.2015 00:50:09
2015.11.05.00.50.09	Starting saving alliances from memory to database at 05.11.2015 00:50:09
2015.11.05.00.50.09	Finished saving alliances from memory to database at 05.11.2015 00:50:09
2015.11.05.00.50.12	[R] 10108 KeepAliveMessage (292071314135, Tobiti)
2015.11.05.00.50.12	[S] 20108 KeepAliveOkMessage (292071314135, Tobiti)
2015.11.05.00.50.14	[R] 14102 ExecuteCommandsMessage (292071314135, Tobiti)
2015.11.05.00.50.18	[R] 10108 KeepAliveMessage (292071314135, Tobiti)
2015.11.05.00.50.18	[S] 20108 KeepAliveOkMessage (292071314135, Tobiti)
2015.11.05.00.50.19	[R] 14102 ExecuteCommandsMessage (292071314135, Tobiti)
2015.11.05.00.50.23	[R] 10108 KeepAliveMessage (292071314135, Tobiti)
2015.11.05.00.50.23	[S] 20108 KeepAliveOkMessage (292071314135, Tobiti)
2015.11.05.00.50.24	[R] 14102 ExecuteCommandsMessage (292071314135, Tobiti)
2015.11.05.00.50.28	[R] 10108 KeepAliveMessage (292071314135, Tobiti)
2015.11.05.00.50.28	[S] 20108 KeepAliveOkMessage (292071314135, Tobiti)
2015.11.05.00.50.29	[R] 14102 ExecuteCommandsMessage (292071314135, Tobiti)
2015.11.05.00.50.33	[R] 10108 KeepAliveMessage (292071314135, Tobiti)
2015.11.05.00.50.33	[S] 20108 KeepAliveOkMessage (292071314135, Tobiti)
2015.11.05.00.50.34	[R] 14102 ExecuteCommandsMessage (292071314135, Tobiti)
2015.11.05.00.50.38	[R] 10108 KeepAliveMessage (292071314135, Tobiti)
2015.11.05.00.50.38	[S] 20108 KeepAliveOkMessage (292071314135, Tobiti)
2015.11.05.00.50.39	[R] 14102 ExecuteCommandsMessage (292071314135, Tobiti)
2015.11.05.00.50.43	[R] 10108 KeepAliveMessage (292071314135, Tobiti)
2015.11.05.00.50.43	[S] 20108 KeepAliveOkMessage (292071314135, Tobiti)
2015.11.05.00.50.44	[R] 14102 ExecuteCommandsMessage (292071314135, Tobiti)
2015.11.05.00.50.48	[R] 10108 KeepAliveMessage (292071314135, Tobiti)
2015.11.05.00.50.48	[S] 20108 KeepAliveOkMessage (292071314135, Tobiti)
2015.11.05.00.50.49	[R] 14102 ExecuteCommandsMessage (292071314135, Tobiti)
2015.11.05.00.50.53	[R] 10108 KeepAliveMessage (292071314135, Tobiti)
2015.11.05.00.50.53	[S] 20108 KeepAliveOkMessage (292071314135, Tobiti)
2015.11.05.00.50.54	[R] 14102 ExecuteCommandsMessage (292071314135, Tobiti)
2015.11.05.00.50.58	[R] 10108 KeepAliveMessage (292071314135, Tobiti)
2015.11.05.00.50.58	[S] 20108 KeepAliveOkMessage (292071314135, Tobiti)
2015.11.05.00.50.59	[R] 14102 ExecuteCommandsMessage (292071314135, Tobiti)
2015.11.05.00.51.03	[R] 10108 KeepAliveMessage (292071314135, Tobiti)
2015.11.05.00.51.03	[S] 20108 KeepAliveOkMessage (292071314135, Tobiti)
2015.11.05.00.51.04	[R] 14102 ExecuteCommandsMessage (292071314135, Tobiti)
2015.11.05.00.51.08	[R] 10108 KeepAliveMessage (292071314135, Tobiti)
2015.11.05.00.51.08	[S] 20108 KeepAliveOkMessage (292071314135, Tobiti)
2015.11.05.00.51.09	[R] 14102 ExecuteCommandsMessage (292071314135, Tobiti)
2015.11.05.00.51.09	Starting saving players from memory to database at 05.11.2015 00:51:09
2015.11.05.00.51.09	Finished saving players from memory to database at 05.11.2015 00:51:09
2015.11.05.00.51.09	Starting saving alliances from memory to database at 05.11.2015 00:51:09
2015.11.05.00.51.09	Finished saving alliances from memory to database at 05.11.2015 00:51:09
2015.11.05.00.51.13	[R] 10108 KeepAliveMessage (292071314135, Tobiti)
2015.11.05.00.51.13	[S] 20108 KeepAliveOkMessage (292071314135, Tobiti)
2015.11.05.00.51.14	[R] 14102 ExecuteCommandsMessage (292071314135, Tobiti)
2015.11.05.00.51.18	[R] 10108 KeepAliveMessage (292071314135, Tobiti)
2015.11.05.00.51.18	[S] 20108 KeepAliveOkMessage (292071314135, Tobiti)
2015.11.05.00.51.19	[R] 14102 ExecuteCommandsMessage (292071314135, Tobiti)
2015.11.05.00.51.23	[R] 10108 KeepAliveMessage (292071314135, Tobiti)
2015.11.05.00.51.23	[S] 20108 KeepAliveOkMessage (292071314135, Tobiti)
2015.11.05.00.51.24	[R] 14102 ExecuteCommandsMessage (292071314135, Tobiti)
2015.11.05.00.51.28	[R] 10108 KeepAliveMessage (292071314135, Tobiti)
2015.11.05.00.51.28	[S] 20108 KeepAliveOkMessage (292071314135, Tobiti)
2015.11.05.00.51.29	[R] 14102 ExecuteCommandsMessage (292071314135, Tobiti)
2015.11.05.00.51.33	[R] 10108 KeepAliveMessage (292071314135, Tobiti)
2015.11.05.00.51.33	[S] 20108 KeepAliveOkMessage (292071314135, Tobiti)
2015.11.05.00.51.34	[R] 14102 ExecuteCommandsMessage (292071314135, Tobiti)
2015.11.05.00.51.38	[R] 10108 KeepAliveMessage (292071314135, Tobiti)
2015.11.05.00.51.38	[S] 20108 KeepAliveOkMessage (292071314135, Tobiti)
2015.11.05.00.51.39	[R] 14102 ExecuteCommandsMessage (292071314135, Tobiti)
2015.11.05.00.51.43	[R] 10108 KeepAliveMessage (292071314135, Tobiti)
2015.11.05.00.51.43	[S] 20108 KeepAliveOkMessage (292071314135, Tobiti)
2015.11.05.00.51.44	[R] 14102 ExecuteCommandsMessage (292071314135, Tobiti)
2015.11.05.00.51.48	[R] 10108 KeepAliveMessage (292071314135, Tobiti)
2015.11.05.00.51.48	[S] 20108 KeepAliveOkMessage (292071314135, Tobiti)
2015.11.05.00.51.49	[R] 14102 ExecuteCommandsMessage (292071314135, Tobiti)
2015.11.05.00.51.53	[R] 10108 KeepAliveMessage (292071314135, Tobiti)
2015.11.05.00.51.53	[S] 20108 KeepAliveOkMessage (292071314135, Tobiti)
2015.11.05.00.51.54	[R] 14102 ExecuteCommandsMessage (292071314135, Tobiti)
2015.11.05.00.51.58	[R] 10108 KeepAliveMessage (292071314135, Tobiti)
2015.11.05.00.51.58	[S] 20108 KeepAliveOkMessage (292071314135, Tobiti)
2015.11.05.00.51.59	[R] 14102 ExecuteCommandsMessage (292071314135, Tobiti)
2015.11.05.00.52.03	[R] 10108 KeepAliveMessage (292071314135, Tobiti)
2015.11.05.00.52.03	[S] 20108 KeepAliveOkMessage (292071314135, Tobiti)
2015.11.05.00.52.04	[R] 14102 ExecuteCommandsMessage (292071314135, Tobiti)
2015.11.05.00.52.08	[R] 10108 KeepAliveMessage (292071314135, Tobiti)
2015.11.05.00.52.08	[S] 20108 KeepAliveOkMessage (292071314135, Tobiti)
2015.11.05.00.52.09	Starting saving players from memory to database at 05.11.2015 00:52:09
2015.11.05.00.52.09	Finished saving players from memory to database at 05.11.2015 00:52:09
2015.11.05.00.52.09	Starting saving alliances from memory to database at 05.11.2015 00:52:09
2015.11.05.00.52.09	Finished saving alliances from memory to database at 05.11.2015 00:52:09
2015.11.05.00.52.09	[R] 14102 ExecuteCommandsMessage (292071314135, Tobiti)
2015.11.05.00.52.13	[R] 10108 KeepAliveMessage (292071314135, Tobiti)
2015.11.05.00.52.13	[S] 20108 KeepAliveOkMessage (292071314135, Tobiti)
2015.11.05.00.52.14	[R] 14102 ExecuteCommandsMessage (292071314135, Tobiti)
2015.11.05.00.52.18	[R] 10108 KeepAliveMessage (292071314135, Tobiti)
2015.11.05.00.52.18	[S] 20108 KeepAliveOkMessage (292071314135, Tobiti)
2015.11.05.00.52.19	[R] 14102 ExecuteCommandsMessage (292071314135, Tobiti)
2015.11.05.00.52.23	[R] 10108 KeepAliveMessage (292071314135, Tobiti)
2015.11.05.00.52.23	[S] 20108 KeepAliveOkMessage (292071314135, Tobiti)
2015.11.05.00.52.24	[R] 14102 ExecuteCommandsMessage (292071314135, Tobiti)
2015.11.05.00.52.28	[R] 10108 KeepAliveMessage (292071314135, Tobiti)
2015.11.05.00.52.28	[S] 20108 KeepAliveOkMessage (292071314135, Tobiti)
2015.11.05.00.52.29	[R] 14102 ExecuteCommandsMessage (292071314135, Tobiti)
2015.11.05.00.52.33	[R] 10108 KeepAliveMessage (292071314135, Tobiti)
2015.11.05.00.52.33	[S] 20108 KeepAliveOkMessage (292071314135, Tobiti)
2015.11.05.00.52.34	[R] 14102 ExecuteCommandsMessage (292071314135, Tobiti)
2015.11.05.00.52.38	[R] 10108 KeepAliveMessage (292071314135, Tobiti)
2015.11.05.00.52.38	[S] 20108 KeepAliveOkMessage (292071314135, Tobiti)
2015.11.05.00.52.39	[R] 14102 ExecuteCommandsMessage (292071314135, Tobiti)
2015.11.05.00.52.43	[R] 10108 KeepAliveMessage (292071314135, Tobiti)
2015.11.05.00.52.43	[S] 20108 KeepAliveOkMessage (292071314135, Tobiti)
2015.11.05.00.52.44	[R] 14102 ExecuteCommandsMessage (292071314135, Tobiti)
2015.11.05.00.52.48	[R] 10108 KeepAliveMessage (292071314135, Tobiti)
2015.11.05.00.52.48	[S] 20108 KeepAliveOkMessage (292071314135, Tobiti)
2015.11.05.00.52.49	[R] 14102 ExecuteCommandsMessage (292071314135, Tobiti)
2015.11.05.00.52.53	[R] 10108 KeepAliveMessage (292071314135, Tobiti)
2015.11.05.00.52.53	[S] 20108 KeepAliveOkMessage (292071314135, Tobiti)
2015.11.05.00.52.54	[R] 14102 ExecuteCommandsMessage (292071314135, Tobiti)
2015.11.05.00.52.56	[R] 14102 ExecuteCommandsMessage (292071314135, Tobiti)
2015.11.05.00.52.56		UpgradeBuildingCommand (292071314135, Tobiti)
2015.11.05.00.52.58	[R] 10108 KeepAliveMessage (292071314135, Tobiti)
2015.11.05.00.52.58	[S] 20108 KeepAliveOkMessage (292071314135, Tobiti)
2015.11.05.00.52.59	[R] 14102 ExecuteCommandsMessage (292071314135, Tobiti)
2015.11.05.00.53.03	[R] 10108 KeepAliveMessage (292071314135, Tobiti)
2015.11.05.00.53.03	[S] 20108 KeepAliveOkMessage (292071314135, Tobiti)
2015.11.05.00.53.04	[R] 14102 ExecuteCommandsMessage (292071314135, Tobiti)
2015.11.05.00.53.08	[R] 10108 KeepAliveMessage (292071314135, Tobiti)
2015.11.05.00.53.08	[S] 20108 KeepAliveOkMessage (292071314135, Tobiti)
2015.11.05.00.53.09	Starting saving players from memory to database at 05.11.2015 00:53:09
2015.11.05.00.53.09	Finished saving players from memory to database at 05.11.2015 00:53:09
2015.11.05.00.53.09	Starting saving alliances from memory to database at 05.11.2015 00:53:09
2015.11.05.00.53.09	Finished saving alliances from memory to database at 05.11.2015 00:53:09
2015.11.05.00.53.09	[R] 14102 ExecuteCommandsMessage (292071314135, Tobiti)
2015.11.05.00.53.13	[R] 10108 KeepAliveMessage (292071314135, Tobiti)
2015.11.05.00.53.13	[S] 20108 KeepAliveOkMessage (292071314135, Tobiti)
2015.11.05.00.53.14	[R] 14102 ExecuteCommandsMessage (292071314135, Tobiti)
2015.11.05.00.53.18	[R] 10108 KeepAliveMessage (292071314135, Tobiti)
2015.11.05.00.53.18	[S] 20108 KeepAliveOkMessage (292071314135, Tobiti)
2015.11.05.00.53.19	[R] 14102 ExecuteCommandsMessage (292071314135, Tobiti)
2015.11.05.00.53.23	[R] 10108 KeepAliveMessage (292071314135, Tobiti)
2015.11.05.00.53.23	[S] 20108 KeepAliveOkMessage (292071314135, Tobiti)
2015.11.05.00.53.24	[R] 14102 ExecuteCommandsMessage (292071314135, Tobiti)
2015.11.05.00.53.33	[R] 10108 KeepAliveMessage (292071314135, Tobiti)
2015.11.05.00.53.33	[S] 20108 KeepAliveOkMessage (292071314135, Tobiti)
2015.11.05.00.53.33	[R] 14102 ExecuteCommandsMessage (292071314135, Tobiti)
2015.11.05.00.53.33	[R] 10108 KeepAliveMessage (292071314135, Tobiti)
2015.11.05.00.53.33	[S] 20108 KeepAliveOkMessage (292071314135, Tobiti)
2015.11.05.00.53.34	[R] 14102 ExecuteCommandsMessage (292071314135, Tobiti)
2015.11.05.00.53.38	[R] 10108 KeepAliveMessage (292071314135, Tobiti)
2015.11.05.00.53.38	[S] 20108 KeepAliveOkMessage (292071314135, Tobiti)
2015.11.05.00.53.39	[R] 14102 ExecuteCommandsMessage (292071314135, Tobiti)
2015.11.05.00.53.43	[R] 10108 KeepAliveMessage (292071314135, Tobiti)
2015.11.05.00.53.43	[S] 20108 KeepAliveOkMessage (292071314135, Tobiti)
2015.11.05.00.53.44	[R] 14102 ExecuteCommandsMessage (292071314135, Tobiti)
2015.11.05.00.53.48	[R] 10108 KeepAliveMessage (292071314135, Tobiti)
2015.11.05.00.53.48	[S] 20108 KeepAliveOkMessage (292071314135, Tobiti)
2015.11.05.00.53.49	[R] 14102 ExecuteCommandsMessage (292071314135, Tobiti)
2015.11.05.00.53.53	[R] 10108 KeepAliveMessage (292071314135, Tobiti)
2015.11.05.00.53.53	[S] 20108 KeepAliveOkMessage (292071314135, Tobiti)
2015.11.05.00.53.54	[R] 14102 ExecuteCommandsMessage (292071314135, Tobiti)
2015.11.05.00.53.58	[R] 10108 KeepAliveMessage (292071314135, Tobiti)
2015.11.05.00.53.58	[S] 20108 KeepAliveOkMessage (292071314135, Tobiti)
2015.11.05.00.53.59	[R] 14102 ExecuteCommandsMessage (292071314135, Tobiti)
2015.11.05.00.54.03	[R] 10108 KeepAliveMessage (292071314135, Tobiti)
2015.11.05.00.54.03	[S] 20108 KeepAliveOkMessage (292071314135, Tobiti)
2015.11.05.00.54.04	[R] 14102 ExecuteCommandsMessage (292071314135, Tobiti)
2015.11.05.00.54.08	[R] 10108 KeepAliveMessage (292071314135, Tobiti)
2015.11.05.00.54.08	[S] 20108 KeepAliveOkMessage (292071314135, Tobiti)
2015.11.05.00.54.09	Starting saving players from memory to database at 05.11.2015 00:54:09
2015.11.05.00.54.09	Finished saving players from memory to database at 05.11.2015 00:54:09
2015.11.05.00.54.09	Starting saving alliances from memory to database at 05.11.2015 00:54:09
2015.11.05.00.54.09	Finished saving alliances from memory to database at 05.11.2015 00:54:09
2015.11.05.00.54.09	[R] 14102 ExecuteCommandsMessage (292071314135, Tobiti)
2015.11.05.00.54.13	[R] 10108 KeepAliveMessage (292071314135, Tobiti)
2015.11.05.00.54.13	[S] 20108 KeepAliveOkMessage (292071314135, Tobiti)
2015.11.05.00.54.14	[R] 14102 ExecuteCommandsMessage (292071314135, Tobiti)
2015.11.05.00.54.18	[R] 10108 KeepAliveMessage (292071314135, Tobiti)
2015.11.05.00.54.18	[S] 20108 KeepAliveOkMessage (292071314135, Tobiti)
2015.11.05.00.54.19	[R] 14102 ExecuteCommandsMessage (292071314135, Tobiti)
2015.11.05.00.54.23	[R] 10108 KeepAliveMessage (292071314135, Tobiti)
2015.11.05.00.54.23	[S] 20108 KeepAliveOkMessage (292071314135, Tobiti)
2015.11.05.00.54.25	[R] 14102 ExecuteCommandsMessage (292071314135, Tobiti)
2015.11.05.00.54.28	[R] 10108 KeepAliveMessage (292071314135, Tobiti)
2015.11.05.00.54.28	[S] 20108 KeepAliveOkMessage (292071314135, Tobiti)
2015.11.05.00.54.30	[R] 14102 ExecuteCommandsMessage (292071314135, Tobiti)
2015.11.05.00.54.34	[R] 10108 KeepAliveMessage (292071314135, Tobiti)
2015.11.05.00.54.34	[S] 20108 KeepAliveOkMessage (292071314135, Tobiti)
2015.11.05.00.54.35	[R] 14102 ExecuteCommandsMessage (292071314135, Tobiti)
2015.11.05.00.54.39	[R] 10108 KeepAliveMessage (292071314135, Tobiti)
2015.11.05.00.54.39	[S] 20108 KeepAliveOkMessage (292071314135, Tobiti)
2015.11.05.00.54.40	[R] 14102 ExecuteCommandsMessage (292071314135, Tobiti)
2015.11.05.00.54.44	[R] 10108 KeepAliveMessage (292071314135, Tobiti)
2015.11.05.00.54.44	[S] 20108 KeepAliveOkMessage (292071314135, Tobiti)
2015.11.05.00.54.45	[R] 14102 ExecuteCommandsMessage (292071314135, Tobiti)
2015.11.05.00.54.49	[R] 10108 KeepAliveMessage (292071314135, Tobiti)
2015.11.05.00.54.49	[S] 20108 KeepAliveOkMessage (292071314135, Tobiti)
2015.11.05.00.54.50	[R] 14102 ExecuteCommandsMessage (292071314135, Tobiti)
2015.11.05.00.55.02	[R] 10101 LoginMessage
2015.11.05.00.55.02	[M] Client with user id 292071314135 accessing with SAMSUNG-SM-N900A
2015.11.05.00.55.02	[S] 20000 SessionKeyMessage
2015.11.05.00.55.02	[S] 20104 LoginOkMessage (292071314135, Tobiti)
2015.11.05.00.55.02	[S] 24101 OwnHomeDataMessage (292071314135, Tobiti)
2015.11.05.00.55.05	[R] 10108 KeepAliveMessage (292071314135, Tobiti)
2015.11.05.00.55.05	[S] 20108 KeepAliveOkMessage (292071314135, Tobiti)
2015.11.05.00.55.06	[R] 14102 ExecuteCommandsMessage (292071314135, Tobiti)
2015.11.05.00.55.06		Unknown539Command (292071314135, Tobiti)
2015.11.05.00.55.06		Unknown539Command (292071314135, Tobiti)
2015.11.05.00.55.06		Unknown539Command (292071314135, Tobiti)
2015.11.05.00.55.06		Unknown539Command (292071314135, Tobiti)
2015.11.05.00.55.06		Unknown539Command (292071314135, Tobiti)
2015.11.05.00.55.06		Unknown539Command (292071314135, Tobiti)
2015.11.05.00.55.10	[R] 10108 KeepAliveMessage (292071314135, Tobiti)
2015.11.05.00.55.10	[S] 20108 KeepAliveOkMessage (292071314135, Tobiti)
2015.11.05.00.55.11	[R] 14102 ExecuteCommandsMessage (292071314135, Tobiti)
2015.11.05.00.55.15	[R] 10108 KeepAliveMessage (292071314135, Tobiti)
2015.11.05.00.55.15	[S] 20108 KeepAliveOkMessage (292071314135, Tobiti)
2015.11.05.00.55.16	[R] 14102 ExecuteCommandsMessage (292071314135, Tobiti)
2015.11.05.00.55.20	[R] 10108 KeepAliveMessage (292071314135, Tobiti)
2015.11.05.00.55.20	[S] 20108 KeepAliveOkMessage (292071314135, Tobiti)
2015.11.05.00.55.20	[R] 14102 ExecuteCommandsMessage (292071314135, Tobiti)
2015.11.05.00.55.20		SpeedUpConstructionCommand (292071314135, Tobiti)
2015.11.05.00.55.25	[R] 10108 KeepAliveMessage (292071314135, Tobiti)
2015.11.05.00.55.25	[S] 20108 KeepAliveOkMessage (292071314135, Tobiti)
2015.11.05.00.55.27	[R] 14102 ExecuteCommandsMessage (292071314135, Tobiti)
2015.11.05.00.55.27		UpgradeBuildingCommand (292071314135, Tobiti)
2015.11.05.00.55.30	[R] 10108 KeepAliveMessage (292071314135, Tobiti)
2015.11.05.00.55.30	[S] 20108 KeepAliveOkMessage (292071314135, Tobiti)
2015.11.05.00.55.31	[R] 14102 ExecuteCommandsMessage (292071314135, Tobiti)
2015.11.05.00.55.35	[R] 10108 KeepAliveMessage (292071314135, Tobiti)
2015.11.05.00.55.35	[S] 20108 KeepAliveOkMessage (292071314135, Tobiti)
2015.11.05.00.55.36	[R] 14102 ExecuteCommandsMessage (292071314135, Tobiti)
2015.11.05.00.55.40	[R] 10108 KeepAliveMessage (292071314135, Tobiti)
2015.11.05.00.55.40	[S] 20108 KeepAliveOkMessage (292071314135, Tobiti)
2015.11.05.00.55.41	[R] 14102 ExecuteCommandsMessage (292071314135, Tobiti)
2015.11.05.00.55.45	[R] 10108 KeepAliveMessage (292071314135, Tobiti)
2015.11.05.00.55.45	[S] 20108 KeepAliveOkMessage (292071314135, Tobiti)
2015.11.05.00.55.46	[R] 14102 ExecuteCommandsMessage (292071314135, Tobiti)
2015.11.05.00.55.50	[R] 10108 KeepAliveMessage (292071314135, Tobiti)
2015.11.05.00.55.50	[S] 20108 KeepAliveOkMessage (292071314135, Tobiti)
2015.11.05.00.55.51	[R] 14102 ExecuteCommandsMessage (292071314135, Tobiti)
2015.11.05.00.55.55	[R] 10108 KeepAliveMessage (292071314135, Tobiti)
2015.11.05.00.55.55	[S] 20108 KeepAliveOkMessage (292071314135, Tobiti)
2015.11.05.00.55.56	[R] 14102 ExecuteCommandsMessage (292071314135, Tobiti)
2015.11.05.00.55.59	Starting saving players from memory to database at 05.11.2015 00:55:59
2015.11.05.00.55.59	Finished saving players from memory to database at 05.11.2015 00:55:59
2015.11.05.00.55.59	Starting saving alliances from memory to database at 05.11.2015 00:55:59
2015.11.05.00.55.59	Finished saving alliances from memory to database at 05.11.2015 00:55:59
2015.11.05.00.56.00	[R] 10108 KeepAliveMessage (292071314135, Tobiti)
2015.11.05.00.56.00	[S] 20108 KeepAliveOkMessage (292071314135, Tobiti)
2015.11.05.00.56.01	[R] 14102 ExecuteCommandsMessage (292071314135, Tobiti)
2015.11.05.00.56.05	[R] 10108 KeepAliveMessage (292071314135, Tobiti)
2015.11.05.00.56.05	[S] 20108 KeepAliveOkMessage (292071314135, Tobiti)
2015.11.05.00.56.06	[R] 14102 ExecuteCommandsMessage (292071314135, Tobiti)
2015.11.05.00.56.10	[R] 10108 KeepAliveMessage (292071314135, Tobiti)
2015.11.05.00.56.10	[S] 20108 KeepAliveOkMessage (292071314135, Tobiti)
2015.11.05.00.56.11	[R] 14102 ExecuteCommandsMessage (292071314135, Tobiti)
2015.11.05.00.56.15	[R] 10108 KeepAliveMessage (292071314135, Tobiti)
2015.11.05.00.56.15	[S] 20108 KeepAliveOkMessage (292071314135, Tobiti)
2015.11.05.00.56.16	[R] 14102 ExecuteCommandsMessage (292071314135, Tobiti)
2015.11.05.00.56.20	[R] 10108 KeepAliveMessage (292071314135, Tobiti)
2015.11.05.00.56.20	[S] 20108 KeepAliveOkMessage (292071314135, Tobiti)
2015.11.05.00.56.21	[R] 14102 ExecuteCommandsMessage (292071314135, Tobiti)
2015.11.05.00.56.25	[R] 10108 KeepAliveMessage (292071314135, Tobiti)
2015.11.05.00.56.25	[S] 20108 KeepAliveOkMessage (292071314135, Tobiti)
2015.11.05.00.56.26	[R] 14102 ExecuteCommandsMessage (292071314135, Tobiti)
2015.11.05.00.56.30	[R] 10108 KeepAliveMessage (292071314135, Tobiti)
2015.11.05.00.56.30	[S] 20108 KeepAliveOkMessage (292071314135, Tobiti)
2015.11.05.00.56.31	[R] 14102 ExecuteCommandsMessage (292071314135, Tobiti)
2015.11.05.00.56.35	[R] 10108 KeepAliveMessage (292071314135, Tobiti)
2015.11.05.00.56.35	[S] 20108 KeepAliveOkMessage (292071314135, Tobiti)
2015.11.05.00.56.36	[R] 14102 ExecuteCommandsMessage (292071314135, Tobiti)
2015.11.05.00.56.40	[R] 10108 KeepAliveMessage (292071314135, Tobiti)
2015.11.05.00.56.40	[S] 20108 KeepAliveOkMessage (292071314135, Tobiti)
2015.11.05.00.56.41	[R] 14102 ExecuteCommandsMessage (292071314135, Tobiti)
2015.11.05.00.56.45	[R] 10108 KeepAliveMessage (292071314135, Tobiti)
2015.11.05.00.56.45	[S] 20108 KeepAliveOkMessage (292071314135, Tobiti)
2015.11.05.00.56.45	[R] 14325 AskForAvatarProfileMessage (292071314135, Tobiti)
2015.11.05.00.56.45	[S] 24334 AvatarProfileMessage (292071314135, Tobiti)
2015.11.05.00.56.46	[R] 14102 ExecuteCommandsMessage (292071314135, Tobiti)
2015.11.05.00.56.50	[R] 10108 KeepAliveMessage (292071314135, Tobiti)
2015.11.05.00.56.50	[S] 20108 KeepAliveOkMessage (292071314135, Tobiti)
2015.11.05.00.56.51	[R] 14102 ExecuteCommandsMessage (292071314135, Tobiti)
2015.11.05.00.56.55	[R] 10108 KeepAliveMessage (292071314135, Tobiti)
2015.11.05.00.56.55	[S] 20108 KeepAliveOkMessage (292071314135, Tobiti)
2015.11.05.00.56.56	[R] 14102 ExecuteCommandsMessage (292071314135, Tobiti)
2015.11.05.00.56.58	[R] 14303 AskForJoinableAlliancesListMessage (292071314135, Tobiti)
2015.11.05.00.56.58	[S] 24304 JoinableAllianceListMessage (292071314135, Tobiti)
2015.11.05.00.56.59	Starting saving players from memory to database at 05.11.2015 00:56:59
2015.11.05.00.56.59	Finished saving players from memory to database at 05.11.2015 00:56:59
2015.11.05.00.56.59	Starting saving alliances from memory to database at 05.11.2015 00:56:59
2015.11.05.00.56.59	Finished saving alliances from memory to database at 05.11.2015 00:56:59
2015.11.05.00.56.59	[R] 14102 ExecuteCommandsMessage (292071314135, Tobiti)
2015.11.05.00.57.00	[R] 10108 KeepAliveMessage (292071314135, Tobiti)
2015.11.05.00.57.00	[S] 20108 KeepAliveOkMessage (292071314135, Tobiti)
2015.11.05.00.57.01	[R] 14102 ExecuteCommandsMessage (292071314135, Tobiti)
2015.11.05.00.57.05	[R] 10108 KeepAliveMessage (292071314135, Tobiti)
2015.11.05.00.57.05	[S] 20108 KeepAliveOkMessage (292071314135, Tobiti)
2015.11.05.00.57.06	[R] 14102 ExecuteCommandsMessage (292071314135, Tobiti)
2015.11.05.00.57.08	[R] 14102 ExecuteCommandsMessage (292071314135, Tobiti)
2015.11.05.00.58.33	[R] 10108 KeepAliveMessage (292071314135, Tobiti)
2015.11.05.00.58.33	[S] 20108 KeepAliveOkMessage (292071314135, Tobiti)
2015.11.05.00.58.33	[R] 14102 ExecuteCommandsMessage (292071314135, Tobiti)
2015.11.05.00.58.33	Starting saving players from memory to database at 05.11.2015 00:58:33
2015.11.05.00.58.33		BuyBuildingCommand (292071314135, Tobiti)
2015.11.05.00.58.33	[R] 14102 ExecuteCommandsMessage (292071314135, Tobiti)
2015.11.05.00.58.33		FreeWorkerCommand (292071314135, Tobiti)
2015.11.05.00.58.33	[R] 10108 KeepAliveMessage (292071314135, Tobiti)
2015.11.05.00.58.33	[S] 20108 KeepAliveOkMessage (292071314135, Tobiti)
2015.11.05.00.58.33	[R] 14102 ExecuteCommandsMessage (292071314135, Tobiti)
2015.11.05.00.58.33	[R] 10108 KeepAliveMessage (292071314135, Tobiti)
2015.11.05.00.58.33	[S] 20108 KeepAliveOkMessage (292071314135, Tobiti)
2015.11.05.00.58.33	[R] 14102 ExecuteCommandsMessage (292071314135, Tobiti)
2015.11.05.00.58.33	[R] 10108 KeepAliveMessage (292071314135, Tobiti)
2015.11.05.00.58.33	[S] 20108 KeepAliveOkMessage (292071314135, Tobiti)
2015.11.05.00.58.33	[R] 14102 ExecuteCommandsMessage (292071314135, Tobiti)
2015.11.05.00.58.33	[R] 10108 KeepAliveMessage (292071314135, Tobiti)
2015.11.05.00.58.33	[S] 20108 KeepAliveOkMessage (292071314135, Tobiti)
2015.11.05.00.58.33	[R] 14102 ExecuteCommandsMessage (292071314135, Tobiti)
2015.11.05.00.58.33	[R] 10108 KeepAliveMessage (292071314135, Tobiti)
2015.11.05.00.58.33	[S] 20108 KeepAliveOkMessage (292071314135, Tobiti)
2015.11.05.00.58.33	[R] 14102 ExecuteCommandsMessage (292071314135, Tobiti)
2015.11.05.00.58.33	[R] 10108 KeepAliveMessage (292071314135, Tobiti)
2015.11.05.00.58.33	[S] 20108 KeepAliveOkMessage (292071314135, Tobiti)
2015.11.05.00.58.33	[R] 14102 ExecuteCommandsMessage (292071314135, Tobiti)
2015.11.05.00.58.33	[R] 10108 KeepAliveMessage (292071314135, Tobiti)
2015.11.05.00.58.33	[S] 20108 KeepAliveOkMessage (292071314135, Tobiti)
2015.11.05.00.58.33	[R] 14102 ExecuteCommandsMessage (292071314135, Tobiti)
2015.11.05.00.58.33	[R] 10108 KeepAliveMessage (292071314135, Tobiti)
2015.11.05.00.58.33	[S] 20108 KeepAliveOkMessage (292071314135, Tobiti)
2015.11.05.00.58.33	[R] 14102 ExecuteCommandsMessage (292071314135, Tobiti)
2015.11.05.00.58.33	[R] 10108 KeepAliveMessage (292071314135, Tobiti)
2015.11.05.00.58.33	[S] 20108 KeepAliveOkMessage (292071314135, Tobiti)
2015.11.05.00.58.33	[R] 14102 ExecuteCommandsMessage (292071314135, Tobiti)
2015.11.05.00.58.33	[R] 10108 KeepAliveMessage (292071314135, Tobiti)
2015.11.05.00.58.33	[S] 20108 KeepAliveOkMessage (292071314135, Tobiti)
2015.11.05.00.58.33	[R] 14102 ExecuteCommandsMessage (292071314135, Tobiti)
2015.11.05.00.58.33	[R] 10108 KeepAliveMessage (292071314135, Tobiti)
2015.11.05.00.58.33	[S] 20108 KeepAliveOkMessage (292071314135, Tobiti)
2015.11.05.00.58.33	[R] 14102 ExecuteCommandsMessage (292071314135, Tobiti)
2015.11.05.00.58.33	[R] 10108 KeepAliveMessage (292071314135, Tobiti)
2015.11.05.00.58.33	[S] 20108 KeepAliveOkMessage (292071314135, Tobiti)
2015.11.05.00.58.33	[R] 14102 ExecuteCommandsMessage (292071314135, Tobiti)
2015.11.05.00.58.33	[R] 10108 KeepAliveMessage (292071314135, Tobiti)
2015.11.05.00.58.33	[S] 20108 KeepAliveOkMessage (292071314135, Tobiti)
2015.11.05.00.58.33	[R] 14102 ExecuteCommandsMessage (292071314135, Tobiti)
2015.11.05.00.58.33	[R] 10108 KeepAliveMessage (292071314135, Tobiti)
2015.11.05.00.58.33	[S] 20108 KeepAliveOkMessage (292071314135, Tobiti)
2015.11.05.00.58.33	[R] 14102 ExecuteCommandsMessage (292071314135, Tobiti)
2015.11.05.00.58.33	[R] 10108 KeepAliveMessage (292071314135, Tobiti)
2015.11.05.00.58.33	[S] 20108 KeepAliveOkMessage (292071314135, Tobiti)
2015.11.05.00.58.33	[R] 14102 ExecuteCommandsMessage (292071314135, Tobiti)
2015.11.05.00.58.33	[R] 10108 KeepAliveMessage (292071314135, Tobiti)
2015.11.05.00.58.33	[S] 20108 KeepAliveOkMessage (292071314135, Tobiti)
2015.11.05.00.58.33	[R] 14102 ExecuteCommandsMessage (292071314135, Tobiti)
2015.11.05.00.58.33	Finished saving players from memory to database at 05.11.2015 00:58:33
2015.11.05.00.58.33	Starting saving alliances from memory to database at 05.11.2015 00:58:33
2015.11.05.00.58.33	Finished saving alliances from memory to database at 05.11.2015 00:58:33
2015.11.05.00.58.36	[R] 10108 KeepAliveMessage (292071314135, Tobiti)
2015.11.05.00.58.36	[S] 20108 KeepAliveOkMessage (292071314135, Tobiti)
2015.11.05.00.58.37	[R] 14102 ExecuteCommandsMessage (292071314135, Tobiti)
2015.11.05.00.58.41	[R] 10108 KeepAliveMessage (292071314135, Tobiti)
2015.11.05.00.58.41	[S] 20108 KeepAliveOkMessage (292071314135, Tobiti)
2015.11.05.00.58.42	[R] 14102 ExecuteCommandsMessage (292071314135, Tobiti)
2015.11.05.00.58.46	[R] 10108 KeepAliveMessage (292071314135, Tobiti)
2015.11.05.00.58.46	[S] 20108 KeepAliveOkMessage (292071314135, Tobiti)
2015.11.05.00.58.47	[R] 14102 ExecuteCommandsMessage (292071314135, Tobiti)
2015.11.05.00.58.51	[R] 14102 ExecuteCommandsMessage (292071314135, Tobiti)
2015.11.05.00.58.51		CollectResourcesCommand (292071314135, Tobiti)
2015.11.05.00.58.51	[R] 10108 KeepAliveMessage (292071314135, Tobiti)
2015.11.05.00.58.51	[S] 20108 KeepAliveOkMessage (292071314135, Tobiti)
2015.11.05.00.58.52	[R] 14102 ExecuteCommandsMessage (292071314135, Tobiti)
2015.11.05.00.58.56	[R] 10108 KeepAliveMessage (292071314135, Tobiti)
2015.11.05.00.58.56	[S] 20108 KeepAliveOkMessage (292071314135, Tobiti)
2015.11.05.00.58.56	[R] 14102 ExecuteCommandsMessage (292071314135, Tobiti)
2015.11.05.00.58.56		CollectResourcesCommand (292071314135, Tobiti)
2015.11.05.00.59.01	[R] 10108 KeepAliveMessage (292071314135, Tobiti)
2015.11.05.00.59.01	[S] 20108 KeepAliveOkMessage (292071314135, Tobiti)
2015.11.05.00.59.02	[R] 14102 ExecuteCommandsMessage (292071314135, Tobiti)
2015.11.05.00.59.06	[R] 10108 KeepAliveMessage (292071314135, Tobiti)
2015.11.05.00.59.06	[S] 20108 KeepAliveOkMessage (292071314135, Tobiti)
2015.11.05.00.59.07	[R] 14102 ExecuteCommandsMessage (292071314135, Tobiti)
2015.11.05.00.59.11	[R] 10108 KeepAliveMessage (292071314135, Tobiti)
2015.11.05.00.59.11	[S] 20108 KeepAliveOkMessage (292071314135, Tobiti)
2015.11.05.00.59.12	[R] 14102 ExecuteCommandsMessage (292071314135, Tobiti)
2015.11.05.00.59.16	[R] 10108 KeepAliveMessage (292071314135, Tobiti)
2015.11.05.00.59.16	[S] 20108 KeepAliveOkMessage (292071314135, Tobiti)
2015.11.05.00.59.17	[R] 14102 ExecuteCommandsMessage (292071314135, Tobiti)
2015.11.05.00.59.21	[R] 10108 KeepAliveMessage (292071314135, Tobiti)
2015.11.05.00.59.21	[S] 20108 KeepAliveOkMessage (292071314135, Tobiti)
2015.11.05.00.59.22	[R] 14102 ExecuteCommandsMessage (292071314135, Tobiti)
2015.11.05.00.59.26	[R] 10108 KeepAliveMessage (292071314135, Tobiti)
2015.11.05.00.59.26	[S] 20108 KeepAliveOkMessage (292071314135, Tobiti)
2015.11.05.00.59.27	[R] 14102 ExecuteCommandsMessage (292071314135, Tobiti)
2015.11.05.00.59.31	[R] 10108 KeepAliveMessage (292071314135, Tobiti)
2015.11.05.00.59.31	[S] 20108 KeepAliveOkMessage (292071314135, Tobiti)
2015.11.05.00.59.32	[R] 14102 ExecuteCommandsMessage (292071314135, Tobiti)
2015.11.05.00.59.33	Starting saving players from memory to database at 05.11.2015 00:59:33
2015.11.05.00.59.33	Finished saving players from memory to database at 05.11.2015 00:59:33
2015.11.05.00.59.33	Starting saving alliances from memory to database at 05.11.2015 00:59:33
2015.11.05.00.59.33	Finished saving alliances from memory to database at 05.11.2015 00:59:33
2015.11.05.00.59.36	[R] 10108 KeepAliveMessage (292071314135, Tobiti)
2015.11.05.00.59.36	[S] 20108 KeepAliveOkMessage (292071314135, Tobiti)
2015.11.05.00.59.37	[R] 14102 ExecuteCommandsMessage (292071314135, Tobiti)
2015.11.05.00.59.41	[R] 10108 KeepAliveMessage (292071314135, Tobiti)
2015.11.05.00.59.41	[S] 20108 KeepAliveOkMessage (292071314135, Tobiti)
2015.11.05.00.59.42	[R] 14102 ExecuteCommandsMessage (292071314135, Tobiti)
2015.11.05.00.59.46	[R] 10108 KeepAliveMessage (292071314135, Tobiti)
2015.11.05.00.59.46	[S] 20108 KeepAliveOkMessage (292071314135, Tobiti)
2015.11.05.00.59.47	[R] 14102 ExecuteCommandsMessage (292071314135, Tobiti)
2015.11.05.00.59.51	[R] 10108 KeepAliveMessage (292071314135, Tobiti)
2015.11.05.00.59.51	[S] 20108 KeepAliveOkMessage (292071314135, Tobiti)
2015.11.05.00.59.52	[R] 14102 ExecuteCommandsMessage (292071314135, Tobiti)
2015.11.05.00.59.56	[R] 10108 KeepAliveMessage (292071314135, Tobiti)
2015.11.05.00.59.56	[S] 20108 KeepAliveOkMessage (292071314135, Tobiti)
2015.11.05.00.59.57	[R] 14102 ExecuteCommandsMessage (292071314135, Tobiti)
2015.11.05.01.00.01	[R] 10108 KeepAliveMessage (292071314135, Tobiti)
2015.11.05.01.00.01	[S] 20108 KeepAliveOkMessage (292071314135, Tobiti)
2015.11.05.01.00.02	[R] 14102 ExecuteCommandsMessage (292071314135, Tobiti)
2015.11.05.01.00.06	[R] 10108 KeepAliveMessage (292071314135, Tobiti)
2015.11.05.01.00.06	[S] 20108 KeepAliveOkMessage (292071314135, Tobiti)
2015.11.05.01.00.07	[R] 14102 ExecuteCommandsMessage (292071314135, Tobiti)
2015.11.05.01.00.11	[R] 10108 KeepAliveMessage (292071314135, Tobiti)
2015.11.05.01.00.11	[S] 20108 KeepAliveOkMessage (292071314135, Tobiti)
2015.11.05.01.00.12	[R] 14102 ExecuteCommandsMessage (292071314135, Tobiti)
2015.11.05.01.00.16	[R] 10108 KeepAliveMessage (292071314135, Tobiti)
2015.11.05.01.00.16	[S] 20108 KeepAliveOkMessage (292071314135, Tobiti)
2015.11.05.01.00.17	[R] 14102 ExecuteCommandsMessage (292071314135, Tobiti)
2015.11.05.01.00.21	[R] 10108 KeepAliveMessage (292071314135, Tobiti)
2015.11.05.01.00.21	[S] 20108 KeepAliveOkMessage (292071314135, Tobiti)
2015.11.05.01.00.22	[R] 14102 ExecuteCommandsMessage (292071314135, Tobiti)
2015.11.05.01.00.26	[R] 10108 KeepAliveMessage (292071314135, Tobiti)
2015.11.05.01.00.26	[S] 20108 KeepAliveOkMessage (292071314135, Tobiti)
2015.11.05.01.00.27	[R] 14102 ExecuteCommandsMessage (292071314135, Tobiti)
2015.11.05.01.00.31	[R] 10108 KeepAliveMessage (292071314135, Tobiti)
2015.11.05.01.00.31	[S] 20108 KeepAliveOkMessage (292071314135, Tobiti)
2015.11.05.01.41.45	[R] 10101 LoginMessage
2015.11.05.01.41.45	[M] Client with user id 292071314135 accessing with SAMSUNG-SM-N900A
2015.11.05.01.43.02	Starting saving players from memory to database at 05.11.2015 01:43:02
2015.11.05.01.43.02	Finished saving players from memory to database at 05.11.2015 01:43:02
2015.11.05.01.43.02	Starting saving alliances from memory to database at 05.11.2015 01:43:02
2015.11.05.01.43.02	Finished saving alliances from memory to database at 05.11.2015 01:43:02
2015.11.05.01.44.05	Starting saving players from memory to database at 05.11.2015 01:44:05
2015.11.05.01.44.05	Finished saving players from memory to database at 05.11.2015 01:44:05
2015.11.05.01.44.13	Starting saving alliances from memory to database at 05.11.2015 01:44:05
2015.11.05.01.44.13	Finished saving alliances from memory to database at 05.11.2015 01:44:13
2015.11.05.01.45.09	Starting saving players from memory to database at 05.11.2015 01:45:09
2015.11.05.01.45.58	[R] 10101 LoginMessage
2015.11.05.01.45.58	[M] Client with user id 292071314135 accessing with SAMSUNG-SM-N900A
2015.11.05.01.46.44	[R] 10101 LoginMessage
2015.11.05.01.46.44	[M] Client with user id 292071314135 accessing with SAMSUNG-SM-N900A
2015.11.05.02.22.07	[R] 10101 LoginMessage
2015.11.05.02.22.07	[M] Client with user id 292071314135 accessing with SAMSUNG-SM-N900A
2015.11.05.02.22.28	[S] 20000 SessionKeyMessage
2015.11.05.02.22.28	[S] 20104 LoginOkMessage (292071314135, Tobiti)
2015.11.05.02.22.28	[S] 24101 OwnHomeDataMessage (292071314135, Tobiti)
2015.11.05.02.22.28	[R] 10108 KeepAliveMessage (292071314135, Tobiti)
2015.11.05.02.22.28	[S] 20108 KeepAliveOkMessage (292071314135, Tobiti)
2015.11.05.02.22.28	[R] 10108 KeepAliveMessage (292071314135, Tobiti)
2015.11.05.02.22.28	[S] 20108 KeepAliveOkMessage (292071314135, Tobiti)
2015.11.05.02.22.28	[R] 10108 KeepAliveMessage (292071314135, Tobiti)
2015.11.05.02.22.28	[S] 20108 KeepAliveOkMessage (292071314135, Tobiti)
2015.11.05.02.22.28	[R] 10108 KeepAliveMessage (292071314135, Tobiti)
2015.11.05.02.22.28	[S] 20108 KeepAliveOkMessage (292071314135, Tobiti)
2015.11.05.02.22.28	[R] 10108 KeepAliveMessage (292071314135, Tobiti)
2015.11.05.02.22.28	[S] 20108 KeepAliveOkMessage (292071314135, Tobiti)
2015.11.05.02.22.29	[R] 14102 ExecuteCommandsMessage (292071314135, Tobiti)
2015.11.05.02.22.29		Unknown539Command (292071314135, Tobiti)
2015.11.05.02.22.29		Unknown539Command (292071314135, Tobiti)
2015.11.05.02.22.29		Unknown539Command (292071314135, Tobiti)
2015.11.05.02.22.29		Unknown539Command (292071314135, Tobiti)
2015.11.05.02.22.29		Unknown539Command (292071314135, Tobiti)
2015.11.05.02.22.29		Unknown539Command (292071314135, Tobiti)
2015.11.05.02.22.32	[R] 10108 KeepAliveMessage (292071314135, Tobiti)
2015.11.05.02.22.32	[S] 20108 KeepAliveOkMessage (292071314135, Tobiti)
2015.11.05.02.22.33	[R] 14102 ExecuteCommandsMessage (292071314135, Tobiti)
2015.11.05.02.22.37	[R] 10108 KeepAliveMessage (292071314135, Tobiti)
2015.11.05.02.22.37	[S] 20108 KeepAliveOkMessage (292071314135, Tobiti)
2015.11.05.02.22.38	[R] 14102 ExecuteCommandsMessage (292071314135, Tobiti)
2015.11.05.02.22.42	[R] 10108 KeepAliveMessage (292071314135, Tobiti)
2015.11.05.02.22.42	[S] 20108 KeepAliveOkMessage (292071314135, Tobiti)
2015.11.05.02.22.43	[R] 14102 ExecuteCommandsMessage (292071314135, Tobiti)
2015.11.05.02.22.47	[R] 10108 KeepAliveMessage (292071314135, Tobiti)
2015.11.05.02.22.47	[S] 20108 KeepAliveOkMessage (292071314135, Tobiti)
2015.11.05.02.22.48	[R] 14102 ExecuteCommandsMessage (292071314135, Tobiti)
2015.11.05.02.22.52	[R] 10108 KeepAliveMessage (292071314135, Tobiti)
2015.11.05.02.22.52	[S] 20108 KeepAliveOkMessage (292071314135, Tobiti)
2015.11.05.02.22.53	[R] 14102 ExecuteCommandsMessage (292071314135, Tobiti)
2015.11.05.02.22.54	[R] 14102 ExecuteCommandsMessage (292071314135, Tobiti)
2015.11.05.02.22.54		CollectResourcesCommand (292071314135, Tobiti)
2015.11.05.02.22.57	[R] 10108 KeepAliveMessage (292071314135, Tobiti)
2015.11.05.02.22.57	[S] 20108 KeepAliveOkMessage (292071314135, Tobiti)
2015.11.05.02.22.58	[R] 14102 ExecuteCommandsMessage (292071314135, Tobiti)
2015.11.05.02.23.01	Starting saving players from memory to database at 05.11.2015 02:23:01
2015.11.05.02.23.02	Finished saving players from memory to database at 05.11.2015 02:23:02
2015.11.05.02.23.02	Starting saving alliances from memory to database at 05.11.2015 02:23:02
2015.11.05.02.23.02	Finished saving alliances from memory to database at 05.11.2015 02:23:02
2015.11.05.02.23.02	[R] 10108 KeepAliveMessage (292071314135, Tobiti)
2015.11.05.02.23.02	[S] 20108 KeepAliveOkMessage (292071314135, Tobiti)
2015.11.05.02.23.03	[R] 14102 ExecuteCommandsMessage (292071314135, Tobiti)
2015.11.05.02.23.07	[R] 10108 KeepAliveMessage (292071314135, Tobiti)
2015.11.05.02.23.07	[S] 20108 KeepAliveOkMessage (292071314135, Tobiti)
2015.11.05.02.23.07	[R] 14102 ExecuteCommandsMessage (292071314135, Tobiti)
2015.11.05.02.23.24	[R] 10108 KeepAliveMessage (292071314135, Tobiti)
2015.11.05.02.23.24	[S] 20108 KeepAliveOkMessage (292071314135, Tobiti)
2015.11.05.02.23.24	[R] 14102 ExecuteCommandsMessage (292071314135, Tobiti)
2015.11.05.02.23.24		BuyBuildingCommand (292071314135, Tobiti)
2015.11.05.02.23.24	[R] 14102 ExecuteCommandsMessage (292071314135, Tobiti)
2015.11.05.02.23.24		SpeedUpConstructionCommand (292071314135, Tobiti)
2015.11.05.02.23.24	[R] 10108 KeepAliveMessage (292071314135, Tobiti)
2015.11.05.02.23.24	[S] 20108 KeepAliveOkMessage (292071314135, Tobiti)
2015.11.05.02.23.24	[R] 14102 ExecuteCommandsMessage (292071314135, Tobiti)
2015.11.05.02.23.24	[R] 10108 KeepAliveMessage (292071314135, Tobiti)
2015.11.05.02.23.24	[S] 20108 KeepAliveOkMessage (292071314135, Tobiti)
2015.11.05.02.23.24	[R] 14102 ExecuteCommandsMessage (292071314135, Tobiti)
2015.11.05.02.23.27	[R] 10108 KeepAliveMessage (292071314135, Tobiti)
2015.11.05.02.23.27	[S] 20108 KeepAliveOkMessage (292071314135, Tobiti)
2015.11.05.02.23.28	[R] 14102 ExecuteCommandsMessage (292071314135, Tobiti)
2015.11.05.02.23.32	[R] 10108 KeepAliveMessage (292071314135, Tobiti)
2015.11.05.02.23.32	[S] 20108 KeepAliveOkMessage (292071314135, Tobiti)
2015.11.05.02.23.33	[R] 14102 ExecuteCommandsMessage (292071314135, Tobiti)
2015.11.05.02.23.54	[R] 10108 KeepAliveMessage (292071314135, Tobiti)
2015.11.05.02.23.54	[S] 20108 KeepAliveOkMessage (292071314135, Tobiti)
2015.11.05.02.23.54	[R] 14102 ExecuteCommandsMessage (292071314135, Tobiti)
2015.11.05.02.23.54	[R] 10108 KeepAliveMessage (292071314135, Tobiti)
2015.11.05.02.23.54	[S] 20108 KeepAliveOkMessage (292071314135, Tobiti)
2015.11.05.02.23.54	[R] 14102 ExecuteCommandsMessage (292071314135, Tobiti)
2015.11.05.02.23.54	[R] 10108 KeepAliveMessage (292071314135, Tobiti)
2015.11.05.02.23.54	[S] 20108 KeepAliveOkMessage (292071314135, Tobiti)
2015.11.05.02.23.54	[R] 14102 ExecuteCommandsMessage (292071314135, Tobiti)
2015.11.05.02.23.54	[R] 10108 KeepAliveMessage (292071314135, Tobiti)
2015.11.05.02.23.54	[S] 20108 KeepAliveOkMessage (292071314135, Tobiti)
2015.11.05.02.23.54	[R] 14102 ExecuteCommandsMessage (292071314135, Tobiti)
2015.11.05.02.23.57	[R] 10108 KeepAliveMessage (292071314135, Tobiti)
2015.11.05.02.23.57	[S] 20108 KeepAliveOkMessage (292071314135, Tobiti)
2015.11.05.02.23.59	[R] 14102 ExecuteCommandsMessage (292071314135, Tobiti)
2015.11.05.02.24.01	Starting saving players from memory to database at 05.11.2015 02:24:01
2015.11.05.02.24.01	Finished saving players from memory to database at 05.11.2015 02:24:01
2015.11.05.02.24.01	Starting saving alliances from memory to database at 05.11.2015 02:24:01
2015.11.05.02.24.01	Finished saving alliances from memory to database at 05.11.2015 02:24:01
2015.11.05.02.24.02	[R] 10108 KeepAliveMessage (292071314135, Tobiti)
2015.11.05.02.24.02	[S] 20108 KeepAliveOkMessage (292071314135, Tobiti)
2015.11.05.02.24.04	[R] 14102 ExecuteCommandsMessage (292071314135, Tobiti)
2015.11.05.02.24.05	[R] 14102 ExecuteCommandsMessage (292071314135, Tobiti)
2015.11.05.02.24.05		CollectResourcesCommand (292071314135, Tobiti)
2015.11.05.02.24.08	[R] 10108 KeepAliveMessage (292071314135, Tobiti)
2015.11.05.02.24.08	[S] 20108 KeepAliveOkMessage (292071314135, Tobiti)
2015.11.05.02.24.09	[R] 14102 ExecuteCommandsMessage (292071314135, Tobiti)
2015.11.05.02.24.09		UpgradeBuildingCommand (292071314135, Tobiti)
2015.11.05.02.24.11	[R] 14102 ExecuteCommandsMessage (292071314135, Tobiti)
2015.11.05.02.24.11		SpeedUpConstructionCommand (292071314135, Tobiti)
2015.11.05.02.24.13	[R] 10108 KeepAliveMessage (292071314135, Tobiti)
2015.11.05.02.24.13	[S] 20108 KeepAliveOkMessage (292071314135, Tobiti)
2015.11.05.02.24.14	[R] 14102 ExecuteCommandsMessage (292071314135, Tobiti)
2015.11.05.02.24.18	[R] 10108 KeepAliveMessage (292071314135, Tobiti)
2015.11.05.02.24.18	[S] 20108 KeepAliveOkMessage (292071314135, Tobiti)
2015.11.05.02.24.19	[R] 14102 ExecuteCommandsMessage (292071314135, Tobiti)
2015.11.05.02.24.23	[R] 10108 KeepAliveMessage (292071314135, Tobiti)
2015.11.05.02.24.23	[S] 20108 KeepAliveOkMessage (292071314135, Tobiti)
2015.11.05.02.24.24	[R] 14102 ExecuteCommandsMessage (292071314135, Tobiti)
2015.11.05.02.24.28	[R] 10108 KeepAliveMessage (292071314135, Tobiti)
2015.11.05.02.24.28	[S] 20108 KeepAliveOkMessage (292071314135, Tobiti)
2015.11.05.02.24.29	[R] 14102 ExecuteCommandsMessage (292071314135, Tobiti)
2015.11.05.02.24.33	[R] 10108 KeepAliveMessage (292071314135, Tobiti)
2015.11.05.02.24.33	[S] 20108 KeepAliveOkMessage (292071314135, Tobiti)
2015.11.05.02.24.34	[R] 14102 ExecuteCommandsMessage (292071314135, Tobiti)
2015.11.05.02.24.38	[R] 10108 KeepAliveMessage (292071314135, Tobiti)
2015.11.05.02.24.38	[S] 20108 KeepAliveOkMessage (292071314135, Tobiti)
2015.11.05.02.24.39	[R] 14102 ExecuteCommandsMessage (292071314135, Tobiti)
2015.11.05.02.24.43	[R] 10108 KeepAliveMessage (292071314135, Tobiti)
2015.11.05.02.24.43	[S] 20108 KeepAliveOkMessage (292071314135, Tobiti)
2015.11.05.02.28.14	[R] 10101 LoginMessage
2015.11.05.02.28.14	[M] Client with user id 292071314135 accessing with SAMSUNG-SM-N900A
2015.11.05.02.28.14	[S] 20000 SessionKeyMessage
2015.11.05.02.28.14	Saving new account to database (player id: 292071314135)
2015.11.05.02.28.15	[S] 20104 LoginOkMessage (292071314135, NoNameYet)
2015.11.05.02.28.15	[S] 24101 OwnHomeDataMessage (292071314135, NoNameYet)
2015.11.05.02.28.19	[R] 10108 KeepAliveMessage (292071314135, NoNameYet)
2015.11.05.02.28.19	[S] 20108 KeepAliveOkMessage (292071314135, NoNameYet)
2015.11.05.02.28.20	[R] 14102 ExecuteCommandsMessage (292071314135, NoNameYet)
2015.11.05.02.28.20		Unknown539Command (292071314135, NoNameYet)
2015.11.05.02.28.20		Unknown539Command (292071314135, NoNameYet)
2015.11.05.02.28.20		Unknown539Command (292071314135, NoNameYet)
2015.11.05.02.28.20		Unknown539Command (292071314135, NoNameYet)
2015.11.05.02.28.20		Unknown539Command (292071314135, NoNameYet)
2015.11.05.02.28.20		Unknown539Command (292071314135, NoNameYet)
2015.11.05.02.28.24	[R] 10108 KeepAliveMessage (292071314135, NoNameYet)
2015.11.05.02.28.24	[S] 20108 KeepAliveOkMessage (292071314135, NoNameYet)
2015.11.05.02.28.25	[R] 14102 ExecuteCommandsMessage (292071314135, NoNameYet)
2015.11.05.02.28.26	[R] 10212 ChangeAvatarNameMessage (292071314135, NoNameYet)
2015.11.05.02.28.26	[S] 24111 AvatarNameChangeOkMessage (292071314135, Tobiti)
2015.11.05.02.28.27	[R] 14102 ExecuteCommandsMessage (292071314135, Tobiti)
2015.11.05.02.28.29	[R] 10108 KeepAliveMessage (292071314135, Tobiti)
2015.11.05.02.28.29	[S] 20108 KeepAliveOkMessage (292071314135, Tobiti)
2015.11.05.02.28.30	[R] 14102 ExecuteCommandsMessage (292071314135, Tobiti)
